{"/Users/tommac/Desktop/solo/my2light-mobile/nativewind-env.d.ts": {"path":"/Users/tommac/Desktop/solo/my2light-mobile/nativewind-env.d.ts","statementMap":{},"fnMap":{},"branchMap":{},"s":{},"f":{},"b":{}}
,"/Users/tommac/Desktop/solo/my2light-mobile/app/_layout.tsx": {"path":"/Users/tommac/Desktop/solo/my2light-mobile/app/_layout.tsx","statementMap":{"0":{"start":{"line":9,"column":20},"end":{"line":17,"column":2}},"1":{"start":{"line":20,"column":55},"end":{"line":20,"column":69}},"2":{"start":{"line":21,"column":21},"end":{"line":21,"column":34}},"3":{"start":{"line":22,"column":19},"end":{"line":22,"column":30}},"4":{"start":{"line":25,"column":4},"end":{"line":27,"column":11}},"5":{"start":{"line":26,"column":8},"end":{"line":26,"column":21}},"6":{"start":{"line":30,"column":4},"end":{"line":42,"column":38}},"7":{"start":{"line":31,"column":8},"end":{"line":31,"column":33}},"8":{"start":{"line":31,"column":26},"end":{"line":31,"column":33}},"9":{"start":{"line":33,"column":28},"end":{"line":33,"column":52}},"10":{"start":{"line":35,"column":8},"end":{"line":41,"column":9}},"11":{"start":{"line":37,"column":12},"end":{"line":37,"column":44}},"12":{"start":{"line":38,"column":15},"end":{"line":41,"column":9}},"13":{"start":{"line":40,"column":12},"end":{"line":40,"column":38}},"14":{"start":{"line":45,"column":4},"end":{"line":52,"column":5}},"15":{"start":{"line":46,"column":8},"end":{"line":51,"column":10}},"16":{"start":{"line":54,"column":4},"end":{"line":102,"column":6}},"17":{"start":{"line":106,"column":4},"end":{"line":110,"column":6}},"18":{"start":{"line":113,"column":15},"end":{"line":120,"column":2}}},"fnMap":{"0":{"name":"RootLayoutNav","decl":{"start":{"line":19,"column":9},"end":{"line":19,"column":22}},"loc":{"start":{"line":19,"column":25},"end":{"line":103,"column":1}},"line":19},"1":{"name":"(anonymous_1)","decl":{"start":{"line":25,"column":14},"end":{"line":25,"column":15}},"loc":{"start":{"line":25,"column":20},"end":{"line":27,"column":5}},"line":25},"2":{"name":"(anonymous_2)","decl":{"start":{"line":30,"column":14},"end":{"line":30,"column":15}},"loc":{"start":{"line":30,"column":20},"end":{"line":42,"column":5}},"line":30},"3":{"name":"RootLayout","decl":{"start":{"line":105,"column":24},"end":{"line":105,"column":34}},"loc":{"start":{"line":105,"column":37},"end":{"line":111,"column":1}},"line":105}},"branchMap":{"0":{"loc":{"start":{"line":31,"column":8},"end":{"line":31,"column":33}},"type":"if","locations":[{"start":{"line":31,"column":8},"end":{"line":31,"column":33}},{"start":{},"end":{}}],"line":31},"1":{"loc":{"start":{"line":35,"column":8},"end":{"line":41,"column":9}},"type":"if","locations":[{"start":{"line":35,"column":8},"end":{"line":41,"column":9}},{"start":{"line":38,"column":15},"end":{"line":41,"column":9}}],"line":35},"2":{"loc":{"start":{"line":35,"column":12},"end":{"line":35,"column":33}},"type":"binary-expr","locations":[{"start":{"line":35,"column":12},"end":{"line":35,"column":17}},{"start":{"line":35,"column":21},"end":{"line":35,"column":33}}],"line":35},"3":{"loc":{"start":{"line":38,"column":15},"end":{"line":41,"column":9}},"type":"if","locations":[{"start":{"line":38,"column":15},"end":{"line":41,"column":9}},{"start":{},"end":{}}],"line":38},"4":{"loc":{"start":{"line":38,"column":19},"end":{"line":38,"column":38}},"type":"binary-expr","locations":[{"start":{"line":38,"column":19},"end":{"line":38,"column":23}},{"start":{"line":38,"column":27},"end":{"line":38,"column":38}}],"line":38},"5":{"loc":{"start":{"line":45,"column":4},"end":{"line":52,"column":5}},"type":"if","locations":[{"start":{"line":45,"column":4},"end":{"line":52,"column":5}},{"start":{},"end":{}}],"line":45},"6":{"loc":{"start":{"line":45,"column":8},"end":{"line":45,"column":31}},"type":"binary-expr","locations":[{"start":{"line":45,"column":8},"end":{"line":45,"column":20}},{"start":{"line":45,"column":24},"end":{"line":45,"column":31}}],"line":45}},"s":{"0":0,"1":0,"2":0,"3":0,"4":0,"5":0,"6":0,"7":0,"8":0,"9":0,"10":0,"11":0,"12":0,"13":0,"14":0,"15":0,"16":0,"17":0,"18":0},"f":{"0":0,"1":0,"2":0,"3":0},"b":{"0":[0,0],"1":[0,0],"2":[0,0],"3":[0,0],"4":[0,0],"5":[0,0],"6":[0,0]}}
,"/Users/tommac/Desktop/solo/my2light-mobile/app/create-match.tsx": {"path":"/Users/tommac/Desktop/solo/my2light-mobile/app/create-match.tsx","statementMap":{"0":{"start":{"line":21,"column":19},"end":{"line":21,"column":30}},"1":{"start":{"line":22,"column":19},"end":{"line":22,"column":38}},"2":{"start":{"line":24,"column":38},"end":{"line":24,"column":67}},"3":{"start":{"line":25,"column":30},"end":{"line":25,"column":57}},"4":{"start":{"line":26,"column":32},"end":{"line":26,"column":55}},"5":{"start":{"line":27,"column":28},"end":{"line":27,"column":40}},"6":{"start":{"line":28,"column":28},"end":{"line":28,"column":40}},"7":{"start":{"line":29,"column":36},"end":{"line":29,"column":48}},"8":{"start":{"line":30,"column":28},"end":{"line":30,"column":40}},"9":{"start":{"line":31,"column":34},"end":{"line":31,"column":49}},"10":{"start":{"line":33,"column":25},"end":{"line":47,"column":5}},"11":{"start":{"line":34,"column":8},"end":{"line":37,"column":9}},"12":{"start":{"line":35,"column":12},"end":{"line":35,"column":65}},"13":{"start":{"line":36,"column":12},"end":{"line":36,"column":19}},"14":{"start":{"line":39,"column":8},"end":{"line":39,"column":25}},"15":{"start":{"line":41,"column":8},"end":{"line":46,"column":17}},"16":{"start":{"line":42,"column":12},"end":{"line":42,"column":30}},"17":{"start":{"line":43,"column":12},"end":{"line":45,"column":15}},"18":{"start":{"line":44,"column":45},"end":{"line":44,"column":58}},"19":{"start":{"line":49,"column":4},"end":{"line":205,"column":6}},"20":{"start":{"line":53,"column":49},"end":{"line":53,"column":62}},"21":{"start":{"line":70,"column":43},"end":{"line":70,"column":65}},"22":{"start":{"line":78,"column":43},"end":{"line":78,"column":65}},"23":{"start":{"line":93,"column":43},"end":{"line":93,"column":63}},"24":{"start":{"line":101,"column":43},"end":{"line":101,"column":67}},"25":{"start":{"line":109,"column":43},"end":{"line":109,"column":63}},"26":{"start":{"line":124,"column":43},"end":{"line":124,"column":59}},"27":{"start":{"line":132,"column":43},"end":{"line":132,"column":60}},"28":{"start":{"line":140,"column":43},"end":{"line":140,"column":62}},"29":{"start":{"line":208,"column":15},"end":{"line":289,"column":2}}},"fnMap":{"0":{"name":"CreateMatchScreen","decl":{"start":{"line":20,"column":24},"end":{"line":20,"column":41}},"loc":{"start":{"line":20,"column":44},"end":{"line":206,"column":1}},"line":20},"1":{"name":"(anonymous_1)","decl":{"start":{"line":33,"column":25},"end":{"line":33,"column":26}},"loc":{"start":{"line":33,"column":37},"end":{"line":47,"column":5}},"line":33},"2":{"name":"(anonymous_2)","decl":{"start":{"line":41,"column":19},"end":{"line":41,"column":20}},"loc":{"start":{"line":41,"column":25},"end":{"line":46,"column":9}},"line":41},"3":{"name":"(anonymous_3)","decl":{"start":{"line":44,"column":39},"end":{"line":44,"column":40}},"loc":{"start":{"line":44,"column":45},"end":{"line":44,"column":58}},"line":44},"4":{"name":"(anonymous_4)","decl":{"start":{"line":53,"column":43},"end":{"line":53,"column":44}},"loc":{"start":{"line":53,"column":49},"end":{"line":53,"column":62}},"line":53},"5":{"name":"(anonymous_5)","decl":{"start":{"line":70,"column":37},"end":{"line":70,"column":38}},"loc":{"start":{"line":70,"column":43},"end":{"line":70,"column":65}},"line":70},"6":{"name":"(anonymous_6)","decl":{"start":{"line":78,"column":37},"end":{"line":78,"column":38}},"loc":{"start":{"line":78,"column":43},"end":{"line":78,"column":65}},"line":78},"7":{"name":"(anonymous_7)","decl":{"start":{"line":93,"column":37},"end":{"line":93,"column":38}},"loc":{"start":{"line":93,"column":43},"end":{"line":93,"column":63}},"line":93},"8":{"name":"(anonymous_8)","decl":{"start":{"line":101,"column":37},"end":{"line":101,"column":38}},"loc":{"start":{"line":101,"column":43},"end":{"line":101,"column":67}},"line":101},"9":{"name":"(anonymous_9)","decl":{"start":{"line":109,"column":37},"end":{"line":109,"column":38}},"loc":{"start":{"line":109,"column":43},"end":{"line":109,"column":63}},"line":109},"10":{"name":"(anonymous_10)","decl":{"start":{"line":124,"column":37},"end":{"line":124,"column":38}},"loc":{"start":{"line":124,"column":43},"end":{"line":124,"column":59}},"line":124},"11":{"name":"(anonymous_11)","decl":{"start":{"line":132,"column":37},"end":{"line":132,"column":38}},"loc":{"start":{"line":132,"column":43},"end":{"line":132,"column":60}},"line":132},"12":{"name":"(anonymous_12)","decl":{"start":{"line":140,"column":37},"end":{"line":140,"column":38}},"loc":{"start":{"line":140,"column":43},"end":{"line":140,"column":62}},"line":140}},"branchMap":{"0":{"loc":{"start":{"line":34,"column":8},"end":{"line":37,"column":9}},"type":"if","locations":[{"start":{"line":34,"column":8},"end":{"line":37,"column":9}},{"start":{},"end":{}}],"line":34},"1":{"loc":{"start":{"line":34,"column":12},"end":{"line":34,"column":39}},"type":"binary-expr","locations":[{"start":{"line":34,"column":12},"end":{"line":34,"column":17}},{"start":{"line":34,"column":21},"end":{"line":34,"column":26}},{"start":{"line":34,"column":30},"end":{"line":34,"column":39}}],"line":34},"2":{"loc":{"start":{"line":69,"column":51},"end":{"line":69,"column":96}},"type":"binary-expr","locations":[{"start":{"line":69,"column":51},"end":{"line":69,"column":73}},{"start":{"line":69,"column":77},"end":{"line":69,"column":96}}],"line":69},"3":{"loc":{"start":{"line":72,"column":61},"end":{"line":72,"column":110}},"type":"binary-expr","locations":[{"start":{"line":72,"column":61},"end":{"line":72,"column":83}},{"start":{"line":72,"column":87},"end":{"line":72,"column":110}}],"line":72},"4":{"loc":{"start":{"line":77,"column":51},"end":{"line":77,"column":96}},"type":"binary-expr","locations":[{"start":{"line":77,"column":51},"end":{"line":77,"column":73}},{"start":{"line":77,"column":77},"end":{"line":77,"column":96}}],"line":77},"5":{"loc":{"start":{"line":80,"column":61},"end":{"line":80,"column":110}},"type":"binary-expr","locations":[{"start":{"line":80,"column":61},"end":{"line":80,"column":83}},{"start":{"line":80,"column":87},"end":{"line":80,"column":110}}],"line":80},"6":{"loc":{"start":{"line":92,"column":56},"end":{"line":92,"column":99}},"type":"binary-expr","locations":[{"start":{"line":92,"column":56},"end":{"line":92,"column":76}},{"start":{"line":92,"column":80},"end":{"line":92,"column":99}}],"line":92},"7":{"loc":{"start":{"line":95,"column":61},"end":{"line":95,"column":108}},"type":"binary-expr","locations":[{"start":{"line":95,"column":61},"end":{"line":95,"column":81}},{"start":{"line":95,"column":85},"end":{"line":95,"column":108}}],"line":95},"8":{"loc":{"start":{"line":100,"column":56},"end":{"line":100,"column":103}},"type":"binary-expr","locations":[{"start":{"line":100,"column":56},"end":{"line":100,"column":80}},{"start":{"line":100,"column":84},"end":{"line":100,"column":103}}],"line":100},"9":{"loc":{"start":{"line":103,"column":61},"end":{"line":103,"column":112}},"type":"binary-expr","locations":[{"start":{"line":103,"column":61},"end":{"line":103,"column":85}},{"start":{"line":103,"column":89},"end":{"line":103,"column":112}}],"line":103},"10":{"loc":{"start":{"line":108,"column":56},"end":{"line":108,"column":99}},"type":"binary-expr","locations":[{"start":{"line":108,"column":56},"end":{"line":108,"column":76}},{"start":{"line":108,"column":80},"end":{"line":108,"column":99}}],"line":108},"11":{"loc":{"start":{"line":111,"column":61},"end":{"line":111,"column":108}},"type":"binary-expr","locations":[{"start":{"line":111,"column":61},"end":{"line":111,"column":81}},{"start":{"line":111,"column":85},"end":{"line":111,"column":108}}],"line":111},"12":{"loc":{"start":{"line":123,"column":56},"end":{"line":123,"column":95}},"type":"binary-expr","locations":[{"start":{"line":123,"column":56},"end":{"line":123,"column":72}},{"start":{"line":123,"column":76},"end":{"line":123,"column":95}}],"line":123},"13":{"loc":{"start":{"line":126,"column":61},"end":{"line":126,"column":104}},"type":"binary-expr","locations":[{"start":{"line":126,"column":61},"end":{"line":126,"column":77}},{"start":{"line":126,"column":81},"end":{"line":126,"column":104}}],"line":126},"14":{"loc":{"start":{"line":131,"column":56},"end":{"line":131,"column":96}},"type":"binary-expr","locations":[{"start":{"line":131,"column":56},"end":{"line":131,"column":73}},{"start":{"line":131,"column":77},"end":{"line":131,"column":96}}],"line":131},"15":{"loc":{"start":{"line":134,"column":61},"end":{"line":134,"column":105}},"type":"binary-expr","locations":[{"start":{"line":134,"column":61},"end":{"line":134,"column":78}},{"start":{"line":134,"column":82},"end":{"line":134,"column":105}}],"line":134},"16":{"loc":{"start":{"line":139,"column":56},"end":{"line":139,"column":98}},"type":"binary-expr","locations":[{"start":{"line":139,"column":56},"end":{"line":139,"column":75}},{"start":{"line":139,"column":79},"end":{"line":139,"column":98}}],"line":139},"17":{"loc":{"start":{"line":142,"column":61},"end":{"line":142,"column":107}},"type":"binary-expr","locations":[{"start":{"line":142,"column":61},"end":{"line":142,"column":80}},{"start":{"line":142,"column":84},"end":{"line":142,"column":107}}],"line":142}},"s":{"0":0,"1":0,"2":0,"3":0,"4":0,"5":0,"6":0,"7":0,"8":0,"9":0,"10":0,"11":0,"12":0,"13":0,"14":0,"15":0,"16":0,"17":0,"18":0,"19":0,"20":0,"21":0,"22":0,"23":0,"24":0,"25":0,"26":0,"27":0,"28":0,"29":0},"f":{"0":0,"1":0,"2":0,"3":0,"4":0,"5":0,"6":0,"7":0,"8":0,"9":0,"10":0,"11":0,"12":0},"b":{"0":[0,0],"1":[0,0,0],"2":[0,0],"3":[0,0],"4":[0,0],"5":[0,0],"6":[0,0],"7":[0,0],"8":[0,0],"9":[0,0],"10":[0,0],"11":[0,0],"12":[0,0],"13":[0,0],"14":[0,0],"15":[0,0],"16":[0,0],"17":[0,0]}}
,"/Users/tommac/Desktop/solo/my2light-mobile/app/(auth)/_layout.tsx": {"path":"/Users/tommac/Desktop/solo/my2light-mobile/app/(auth)/_layout.tsx","statementMap":{"0":{"start":{"line":4,"column":4},"end":{"line":8,"column":6}}},"fnMap":{"0":{"name":"AuthLayout","decl":{"start":{"line":3,"column":24},"end":{"line":3,"column":34}},"loc":{"start":{"line":3,"column":37},"end":{"line":9,"column":1}},"line":3}},"branchMap":{},"s":{"0":0},"f":{"0":0},"b":{}}
,"/Users/tommac/Desktop/solo/my2light-mobile/app/(auth)/login.tsx": {"path":"/Users/tommac/Desktop/solo/my2light-mobile/app/(auth)/login.tsx","statementMap":{"0":{"start":{"line":18,"column":19},"end":{"line":18,"column":38}},"1":{"start":{"line":19,"column":40},"end":{"line":19,"column":54}},"2":{"start":{"line":21,"column":30},"end":{"line":21,"column":42}},"3":{"start":{"line":22,"column":36},"end":{"line":22,"column":48}},"4":{"start":{"line":23,"column":36},"end":{"line":23,"column":51}},"5":{"start":{"line":24,"column":32},"end":{"line":24,"column":83}},"6":{"start":{"line":26,"column":21},"end":{"line":43,"column":5}},"7":{"start":{"line":27,"column":65},"end":{"line":27,"column":67}},"8":{"start":{"line":29,"column":8},"end":{"line":33,"column":9}},"9":{"start":{"line":30,"column":12},"end":{"line":30,"column":52}},"10":{"start":{"line":31,"column":15},"end":{"line":33,"column":9}},"11":{"start":{"line":32,"column":12},"end":{"line":32,"column":51}},"12":{"start":{"line":35,"column":8},"end":{"line":39,"column":9}},"13":{"start":{"line":36,"column":12},"end":{"line":36,"column":58}},"14":{"start":{"line":37,"column":15},"end":{"line":39,"column":9}},"15":{"start":{"line":38,"column":12},"end":{"line":38,"column":68}},"16":{"start":{"line":41,"column":8},"end":{"line":41,"column":29}},"17":{"start":{"line":42,"column":8},"end":{"line":42,"column":51}},"18":{"start":{"line":45,"column":25},"end":{"line":63,"column":5}},"19":{"start":{"line":46,"column":8},"end":{"line":52,"column":9}},"20":{"start":{"line":47,"column":12},"end":{"line":50,"column":14}},"21":{"start":{"line":51,"column":12},"end":{"line":51,"column":19}},"22":{"start":{"line":54,"column":8},"end":{"line":54,"column":32}},"23":{"start":{"line":54,"column":25},"end":{"line":54,"column":32}},"24":{"start":{"line":56,"column":26},"end":{"line":58,"column":43}},"25":{"start":{"line":60,"column":8},"end":{"line":62,"column":9}},"26":{"start":{"line":61,"column":12},"end":{"line":61,"column":46}},"27":{"start":{"line":65,"column":4},"end":{"line":141,"column":6}},"28":{"start":{"line":93,"column":28},"end":{"line":93,"column":43}},"29":{"start":{"line":94,"column":28},"end":{"line":94,"column":89}},"30":{"start":{"line":94,"column":46},"end":{"line":94,"column":89}},"31":{"start":{"line":108,"column":28},"end":{"line":108,"column":46}},"32":{"start":{"line":109,"column":28},"end":{"line":109,"column":95}},"33":{"start":{"line":109,"column":49},"end":{"line":109,"column":95}},"34":{"start":{"line":127,"column":39},"end":{"line":127,"column":61}},"35":{"start":{"line":144,"column":15},"end":{"line":185,"column":2}}},"fnMap":{"0":{"name":"LoginScreen","decl":{"start":{"line":17,"column":24},"end":{"line":17,"column":35}},"loc":{"start":{"line":17,"column":38},"end":{"line":142,"column":1}},"line":17},"1":{"name":"(anonymous_1)","decl":{"start":{"line":26,"column":21},"end":{"line":26,"column":22}},"loc":{"start":{"line":26,"column":27},"end":{"line":43,"column":5}},"line":26},"2":{"name":"(anonymous_2)","decl":{"start":{"line":45,"column":25},"end":{"line":45,"column":26}},"loc":{"start":{"line":45,"column":37},"end":{"line":63,"column":5}},"line":45},"3":{"name":"(anonymous_3)","decl":{"start":{"line":92,"column":38},"end":{"line":92,"column":39}},"loc":{"start":{"line":92,"column":48},"end":{"line":95,"column":25}},"line":92},"4":{"name":"(anonymous_4)","decl":{"start":{"line":107,"column":38},"end":{"line":107,"column":39}},"loc":{"start":{"line":107,"column":48},"end":{"line":110,"column":25}},"line":107},"5":{"name":"(anonymous_5)","decl":{"start":{"line":127,"column":33},"end":{"line":127,"column":34}},"loc":{"start":{"line":127,"column":39},"end":{"line":127,"column":61}},"line":127}},"branchMap":{"0":{"loc":{"start":{"line":29,"column":8},"end":{"line":33,"column":9}},"type":"if","locations":[{"start":{"line":29,"column":8},"end":{"line":33,"column":9}},{"start":{"line":31,"column":15},"end":{"line":33,"column":9}}],"line":29},"1":{"loc":{"start":{"line":31,"column":15},"end":{"line":33,"column":9}},"type":"if","locations":[{"start":{"line":31,"column":15},"end":{"line":33,"column":9}},{"start":{},"end":{}}],"line":31},"2":{"loc":{"start":{"line":35,"column":8},"end":{"line":39,"column":9}},"type":"if","locations":[{"start":{"line":35,"column":8},"end":{"line":39,"column":9}},{"start":{"line":37,"column":15},"end":{"line":39,"column":9}}],"line":35},"3":{"loc":{"start":{"line":37,"column":15},"end":{"line":39,"column":9}},"type":"if","locations":[{"start":{"line":37,"column":15},"end":{"line":39,"column":9}},{"start":{},"end":{}}],"line":37},"4":{"loc":{"start":{"line":46,"column":8},"end":{"line":52,"column":9}},"type":"if","locations":[{"start":{"line":46,"column":8},"end":{"line":52,"column":9}},{"start":{},"end":{}}],"line":46},"5":{"loc":{"start":{"line":54,"column":8},"end":{"line":54,"column":32}},"type":"if","locations":[{"start":{"line":54,"column":8},"end":{"line":54,"column":32}},{"start":{},"end":{}}],"line":54},"6":{"loc":{"start":{"line":56,"column":26},"end":{"line":58,"column":43}},"type":"cond-expr","locations":[{"start":{"line":57,"column":14},"end":{"line":57,"column":43}},{"start":{"line":58,"column":14},"end":{"line":58,"column":43}}],"line":56},"7":{"loc":{"start":{"line":60,"column":8},"end":{"line":62,"column":9}},"type":"if","locations":[{"start":{"line":60,"column":8},"end":{"line":62,"column":9}},{"start":{},"end":{}}],"line":60},"8":{"loc":{"start":{"line":68,"column":22},"end":{"line":68,"column":66}},"type":"cond-expr","locations":[{"start":{"line":68,"column":46},"end":{"line":68,"column":55}},{"start":{"line":68,"column":58},"end":{"line":68,"column":66}}],"line":68},"9":{"loc":{"start":{"line":82,"column":25},"end":{"line":82,"column":81}},"type":"cond-expr","locations":[{"start":{"line":82,"column":36},"end":{"line":82,"column":55}},{"start":{"line":82,"column":58},"end":{"line":82,"column":81}}],"line":82},"10":{"loc":{"start":{"line":94,"column":28},"end":{"line":94,"column":89}},"type":"if","locations":[{"start":{"line":94,"column":28},"end":{"line":94,"column":89}},{"start":{},"end":{}}],"line":94},"11":{"loc":{"start":{"line":109,"column":28},"end":{"line":109,"column":95}},"type":"if","locations":[{"start":{"line":109,"column":28},"end":{"line":109,"column":95}},{"start":{},"end":{}}],"line":109},"12":{"loc":{"start":{"line":117,"column":31},"end":{"line":117,"column":65}},"type":"cond-expr","locations":[{"start":{"line":117,"column":42},"end":{"line":117,"column":51}},{"start":{"line":117,"column":54},"end":{"line":117,"column":65}}],"line":117},"13":{"loc":{"start":{"line":126,"column":31},"end":{"line":126,"column":101}},"type":"cond-expr","locations":[{"start":{"line":126,"column":42},"end":{"line":126,"column":70}},{"start":{"line":126,"column":73},"end":{"line":126,"column":101}}],"line":126},"14":{"loc":{"start":{"line":134,"column":17},"end":{"line":138,"column":17}},"type":"binary-expr","locations":[{"start":{"line":134,"column":17},"end":{"line":134,"column":40}},{"start":{"line":135,"column":20},"end":{"line":137,"column":27}}],"line":134}},"s":{"0":0,"1":0,"2":0,"3":0,"4":0,"5":0,"6":0,"7":0,"8":0,"9":0,"10":0,"11":0,"12":0,"13":0,"14":0,"15":0,"16":0,"17":0,"18":0,"19":0,"20":0,"21":0,"22":0,"23":0,"24":0,"25":0,"26":0,"27":0,"28":0,"29":0,"30":0,"31":0,"32":0,"33":0,"34":0,"35":0},"f":{"0":0,"1":0,"2":0,"3":0,"4":0,"5":0},"b":{"0":[0,0],"1":[0,0],"2":[0,0],"3":[0,0],"4":[0,0],"5":[0,0],"6":[0,0],"7":[0,0],"8":[0,0],"9":[0,0],"10":[0,0],"11":[0,0],"12":[0,0],"13":[0,0],"14":[0,0]}}
,"/Users/tommac/Desktop/solo/my2light-mobile/app/(tabs)/_layout.tsx": {"path":"/Users/tommac/Desktop/solo/my2light-mobile/app/(tabs)/_layout.tsx","statementMap":{"0":{"start":{"line":7,"column":19},"end":{"line":7,"column":38}},"1":{"start":{"line":9,"column":4},"end":{"line":99,"column":6}},"2":{"start":{"line":38,"column":24},"end":{"line":42,"column":26}},"3":{"start":{"line":51,"column":24},"end":{"line":55,"column":26}},"4":{"start":{"line":64,"column":24},"end":{"line":68,"column":26}},"5":{"start":{"line":77,"column":24},"end":{"line":81,"column":26}},"6":{"start":{"line":90,"column":24},"end":{"line":94,"column":26}}},"fnMap":{"0":{"name":"TabLayout","decl":{"start":{"line":6,"column":24},"end":{"line":6,"column":33}},"loc":{"start":{"line":6,"column":36},"end":{"line":100,"column":1}},"line":6},"1":{"name":"(anonymous_1)","decl":{"start":{"line":37,"column":32},"end":{"line":37,"column":33}},"loc":{"start":{"line":38,"column":24},"end":{"line":42,"column":26}},"line":38},"2":{"name":"(anonymous_2)","decl":{"start":{"line":50,"column":32},"end":{"line":50,"column":33}},"loc":{"start":{"line":51,"column":24},"end":{"line":55,"column":26}},"line":51},"3":{"name":"(anonymous_3)","decl":{"start":{"line":63,"column":32},"end":{"line":63,"column":33}},"loc":{"start":{"line":64,"column":24},"end":{"line":68,"column":26}},"line":64},"4":{"name":"(anonymous_4)","decl":{"start":{"line":76,"column":32},"end":{"line":76,"column":33}},"loc":{"start":{"line":77,"column":24},"end":{"line":81,"column":26}},"line":77},"5":{"name":"(anonymous_5)","decl":{"start":{"line":89,"column":32},"end":{"line":89,"column":33}},"loc":{"start":{"line":90,"column":24},"end":{"line":94,"column":26}},"line":90}},"branchMap":{"0":{"loc":{"start":{"line":39,"column":34},"end":{"line":39,"column":67}},"type":"cond-expr","locations":[{"start":{"line":39,"column":44},"end":{"line":39,"column":50}},{"start":{"line":39,"column":53},"end":{"line":39,"column":67}}],"line":39},"1":{"loc":{"start":{"line":52,"column":34},"end":{"line":52,"column":71}},"type":"cond-expr","locations":[{"start":{"line":52,"column":44},"end":{"line":52,"column":52}},{"start":{"line":52,"column":55},"end":{"line":52,"column":71}}],"line":52},"2":{"loc":{"start":{"line":65,"column":34},"end":{"line":65,"column":79}},"type":"cond-expr","locations":[{"start":{"line":65,"column":44},"end":{"line":65,"column":56}},{"start":{"line":65,"column":59},"end":{"line":65,"column":79}}],"line":65},"3":{"loc":{"start":{"line":78,"column":34},"end":{"line":78,"column":81}},"type":"cond-expr","locations":[{"start":{"line":78,"column":44},"end":{"line":78,"column":57}},{"start":{"line":78,"column":60},"end":{"line":78,"column":81}}],"line":78},"4":{"loc":{"start":{"line":91,"column":34},"end":{"line":91,"column":85}},"type":"cond-expr","locations":[{"start":{"line":91,"column":44},"end":{"line":91,"column":59}},{"start":{"line":91,"column":62},"end":{"line":91,"column":85}}],"line":91}},"s":{"0":0,"1":0,"2":0,"3":0,"4":0,"5":0,"6":0},"f":{"0":0,"1":0,"2":0,"3":0,"4":0,"5":0},"b":{"0":[0,0],"1":[0,0],"2":[0,0],"3":[0,0],"4":[0,0]}}
,"/Users/tommac/Desktop/solo/my2light-mobile/app/(tabs)/index.tsx": {"path":"/Users/tommac/Desktop/solo/my2light-mobile/app/(tabs)/index.tsx","statementMap":{"0":{"start":{"line":22,"column":18},"end":{"line":22,"column":42}},"1":{"start":{"line":23,"column":19},"end":{"line":23,"column":60}},"2":{"start":{"line":26,"column":19},"end":{"line":26,"column":30}},"3":{"start":{"line":27,"column":19},"end":{"line":27,"column":38}},"4":{"start":{"line":28,"column":42},"end":{"line":28,"column":54}},"5":{"start":{"line":29,"column":40},"end":{"line":29,"column":55}},"6":{"start":{"line":32,"column":53},"end":{"line":32,"column":70}},"7":{"start":{"line":33,"column":34},"end":{"line":33,"column":50}},"8":{"start":{"line":34,"column":34},"end":{"line":34,"column":62}},"9":{"start":{"line":36,"column":22},"end":{"line":41,"column":5}},"10":{"start":{"line":37,"column":8},"end":{"line":37,"column":28}},"11":{"start":{"line":38,"column":8},"end":{"line":38,"column":24}},"12":{"start":{"line":39,"column":8},"end":{"line":39,"column":24}},"13":{"start":{"line":40,"column":8},"end":{"line":40,"column":29}},"14":{"start":{"line":43,"column":27},"end":{"line":47,"column":5}},"15":{"start":{"line":44,"column":21},"end":{"line":44,"column":45}},"16":{"start":{"line":45,"column":21},"end":{"line":45,"column":33}},"17":{"start":{"line":46,"column":8},"end":{"line":46,"column":61}},"18":{"start":{"line":49,"column":26},"end":{"line":51,"column":5}},"19":{"start":{"line":50,"column":8},"end":{"line":50,"column":53}},"20":{"start":{"line":53,"column":4},"end":{"line":195,"column":6}},"21":{"start":{"line":66,"column":88},"end":{"line":66,"column":117}},"22":{"start":{"line":77,"column":82},"end":{"line":77,"column":112}},"23":{"start":{"line":93,"column":39},"end":{"line":93,"column":57}},"24":{"start":{"line":106,"column":39},"end":{"line":106,"column":61}},"25":{"start":{"line":138,"column":32},"end":{"line":140,"column":39}},"26":{"start":{"line":153,"column":52},"end":{"line":153,"column":59}},"27":{"start":{"line":155,"column":32},"end":{"line":155,"column":89}},"28":{"start":{"line":163,"column":58},"end":{"line":167,"column":29}},"29":{"start":{"line":198,"column":15},"end":{"line":482,"column":2}}},"fnMap":{"0":{"name":"HomeScreen","decl":{"start":{"line":25,"column":24},"end":{"line":25,"column":34}},"loc":{"start":{"line":25,"column":37},"end":{"line":196,"column":1}},"line":25},"1":{"name":"(anonymous_1)","decl":{"start":{"line":36,"column":22},"end":{"line":36,"column":23}},"loc":{"start":{"line":36,"column":34},"end":{"line":41,"column":5}},"line":36},"2":{"name":"(anonymous_2)","decl":{"start":{"line":43,"column":27},"end":{"line":43,"column":28}},"loc":{"start":{"line":43,"column":48},"end":{"line":47,"column":5}},"line":43},"3":{"name":"(anonymous_3)","decl":{"start":{"line":49,"column":26},"end":{"line":49,"column":27}},"loc":{"start":{"line":49,"column":47},"end":{"line":51,"column":5}},"line":49},"4":{"name":"(anonymous_4)","decl":{"start":{"line":66,"column":82},"end":{"line":66,"column":83}},"loc":{"start":{"line":66,"column":88},"end":{"line":66,"column":117}},"line":66},"5":{"name":"(anonymous_5)","decl":{"start":{"line":77,"column":76},"end":{"line":77,"column":77}},"loc":{"start":{"line":77,"column":82},"end":{"line":77,"column":112}},"line":77},"6":{"name":"(anonymous_6)","decl":{"start":{"line":93,"column":33},"end":{"line":93,"column":34}},"loc":{"start":{"line":93,"column":39},"end":{"line":93,"column":57}},"line":93},"7":{"name":"(anonymous_7)","decl":{"start":{"line":106,"column":33},"end":{"line":106,"column":34}},"loc":{"start":{"line":106,"column":39},"end":{"line":106,"column":61}},"line":106},"8":{"name":"(anonymous_8)","decl":{"start":{"line":137,"column":43},"end":{"line":137,"column":44}},"loc":{"start":{"line":138,"column":32},"end":{"line":140,"column":39}},"line":138},"9":{"name":"(anonymous_9)","decl":{"start":{"line":153,"column":42},"end":{"line":153,"column":43}},"loc":{"start":{"line":153,"column":52},"end":{"line":153,"column":59}},"line":153},"10":{"name":"(anonymous_10)","decl":{"start":{"line":154,"column":40},"end":{"line":154,"column":41}},"loc":{"start":{"line":155,"column":32},"end":{"line":155,"column":89}},"line":155},"11":{"name":"(anonymous_11)","decl":{"start":{"line":163,"column":43},"end":{"line":163,"column":44}},"loc":{"start":{"line":163,"column":58},"end":{"line":167,"column":29}},"line":163}},"branchMap":{"0":{"loc":{"start":{"line":64,"column":56},"end":{"line":64,"column":82}},"type":"binary-expr","locations":[{"start":{"line":64,"column":56},"end":{"line":64,"column":73}},{"start":{"line":64,"column":77},"end":{"line":64,"column":82}}],"line":64},"1":{"loc":{"start":{"line":68,"column":29},"end":{"line":72,"column":29}},"type":"binary-expr","locations":[{"start":{"line":68,"column":29},"end":{"line":68,"column":51}},{"start":{"line":69,"column":32},"end":{"line":71,"column":39}}],"line":68},"2":{"loc":{"start":{"line":68,"column":30},"end":{"line":68,"column":46}},"type":"binary-expr","locations":[{"start":{"line":68,"column":30},"end":{"line":68,"column":41}},{"start":{"line":68,"column":45},"end":{"line":68,"column":46}}],"line":68},"3":{"loc":{"start":{"line":75,"column":76},"end":{"line":75,"column":101}},"type":"binary-expr","locations":[{"start":{"line":75,"column":76},"end":{"line":75,"column":96}},{"start":{"line":75,"column":100},"end":{"line":75,"column":101}}],"line":75},"4":{"loc":{"start":{"line":78,"column":29},"end":{"line":84,"column":29}},"type":"cond-expr","locations":[{"start":{"line":79,"column":32},"end":{"line":79,"column":105}},{"start":{"line":81,"column":32},"end":{"line":83,"column":39}}],"line":78},"5":{"loc":{"start":{"line":131,"column":21},"end":{"line":169,"column":21}},"type":"cond-expr","locations":[{"start":{"line":132,"column":24},"end":{"line":142,"column":37}},{"start":{"line":143,"column":24},"end":{"line":169,"column":21}}],"line":131},"6":{"loc":{"start":{"line":143,"column":24},"end":{"line":169,"column":21}},"type":"cond-expr","locations":[{"start":{"line":144,"column":24},"end":{"line":148,"column":31}},{"start":{"line":150,"column":24},"end":{"line":168,"column":26}}],"line":143},"7":{"loc":{"start":{"line":143,"column":24},"end":{"line":143,"column":62}},"type":"binary-expr","locations":[{"start":{"line":143,"column":24},"end":{"line":143,"column":35}},{"start":{"line":143,"column":39},"end":{"line":143,"column":62}}],"line":143}},"s":{"0":0,"1":0,"2":0,"3":0,"4":0,"5":0,"6":0,"7":0,"8":0,"9":0,"10":0,"11":0,"12":0,"13":0,"14":0,"15":0,"16":0,"17":0,"18":0,"19":0,"20":0,"21":0,"22":0,"23":0,"24":0,"25":0,"26":0,"27":0,"28":0,"29":0},"f":{"0":0,"1":0,"2":0,"3":0,"4":0,"5":0,"6":0,"7":0,"8":0,"9":0,"10":0,"11":0},"b":{"0":[0,0],"1":[0,0],"2":[0,0],"3":[0,0],"4":[0,0],"5":[0,0],"6":[0,0],"7":[0,0]}}
,"/Users/tommac/Desktop/solo/my2light-mobile/app/(tabs)/library.tsx": {"path":"/Users/tommac/Desktop/solo/my2light-mobile/app/(tabs)/library.tsx","statementMap":{"0":{"start":{"line":19,"column":19},"end":{"line":19,"column":38}},"1":{"start":{"line":20,"column":19},"end":{"line":20,"column":30}},"2":{"start":{"line":21,"column":21},"end":{"line":21,"column":35}},"3":{"start":{"line":22,"column":38},"end":{"line":22,"column":64}},"4":{"start":{"line":23,"column":40},"end":{"line":23,"column":55}},"5":{"start":{"line":25,"column":21},"end":{"line":25,"column":57}},"6":{"start":{"line":27,"column":22},"end":{"line":30,"column":5}},"7":{"start":{"line":28,"column":8},"end":{"line":28,"column":28}},"8":{"start":{"line":29,"column":8},"end":{"line":29,"column":53}},"9":{"start":{"line":29,"column":25},"end":{"line":29,"column":45}},"10":{"start":{"line":32,"column":75},"end":{"line":36,"column":5}},"11":{"start":{"line":38,"column":4},"end":{"line":132,"column":6}},"12":{"start":{"line":42,"column":49},"end":{"line":42,"column":62}},"13":{"start":{"line":106,"column":24},"end":{"line":116,"column":43}},"14":{"start":{"line":109,"column":43},"end":{"line":109,"column":64}},"15":{"start":{"line":125,"column":57},"end":{"line":125,"column":79}},"16":{"start":{"line":135,"column":15},"end":{"line":283,"column":2}}},"fnMap":{"0":{"name":"LibraryScreen","decl":{"start":{"line":18,"column":24},"end":{"line":18,"column":37}},"loc":{"start":{"line":18,"column":40},"end":{"line":133,"column":1}},"line":18},"1":{"name":"(anonymous_1)","decl":{"start":{"line":27,"column":22},"end":{"line":27,"column":23}},"loc":{"start":{"line":27,"column":28},"end":{"line":30,"column":5}},"line":27},"2":{"name":"(anonymous_2)","decl":{"start":{"line":29,"column":19},"end":{"line":29,"column":20}},"loc":{"start":{"line":29,"column":25},"end":{"line":29,"column":45}},"line":29},"3":{"name":"(anonymous_3)","decl":{"start":{"line":42,"column":43},"end":{"line":42,"column":44}},"loc":{"start":{"line":42,"column":49},"end":{"line":42,"column":62}},"line":42},"4":{"name":"(anonymous_4)","decl":{"start":{"line":105,"column":30},"end":{"line":105,"column":31}},"loc":{"start":{"line":106,"column":24},"end":{"line":116,"column":43}},"line":106},"5":{"name":"(anonymous_5)","decl":{"start":{"line":109,"column":37},"end":{"line":109,"column":38}},"loc":{"start":{"line":109,"column":43},"end":{"line":109,"column":64}},"line":109},"6":{"name":"(anonymous_6)","decl":{"start":{"line":125,"column":51},"end":{"line":125,"column":52}},"loc":{"start":{"line":125,"column":57},"end":{"line":125,"column":79}},"line":125}},"branchMap":{"0":{"loc":{"start":{"line":25,"column":21},"end":{"line":25,"column":57}},"type":"binary-expr","locations":[{"start":{"line":25,"column":21},"end":{"line":25,"column":47}},{"start":{"line":25,"column":51},"end":{"line":25,"column":57}}],"line":25},"1":{"loc":{"start":{"line":108,"column":48},"end":{"line":108,"column":89}},"type":"binary-expr","locations":[{"start":{"line":108,"column":48},"end":{"line":108,"column":69}},{"start":{"line":108,"column":73},"end":{"line":108,"column":89}}],"line":108},"2":{"loc":{"start":{"line":114,"column":39},"end":{"line":114,"column":93}},"type":"cond-expr","locations":[{"start":{"line":114,"column":63},"end":{"line":114,"column":74}},{"start":{"line":114,"column":77},"end":{"line":114,"column":93}}],"line":114}},"s":{"0":0,"1":0,"2":0,"3":0,"4":0,"5":0,"6":0,"7":0,"8":0,"9":0,"10":0,"11":0,"12":0,"13":0,"14":0,"15":0,"16":0},"f":{"0":0,"1":0,"2":0,"3":0,"4":0,"5":0,"6":0},"b":{"0":[0,0],"1":[0,0],"2":[0,0]}}
,"/Users/tommac/Desktop/solo/my2light-mobile/app/(tabs)/match.tsx": {"path":"/Users/tommac/Desktop/solo/my2light-mobile/app/(tabs)/match.tsx","statementMap":{"0":{"start":{"line":30,"column":36},"end":{"line":61,"column":1}},"1":{"start":{"line":64,"column":19},"end":{"line":64,"column":30}},"2":{"start":{"line":65,"column":19},"end":{"line":65,"column":38}},"3":{"start":{"line":66,"column":53},"end":{"line":66,"column":71}},"4":{"start":{"line":67,"column":40},"end":{"line":67,"column":55}},"5":{"start":{"line":68,"column":42},"end":{"line":68,"column":71}},"6":{"start":{"line":69,"column":40},"end":{"line":69,"column":69}},"7":{"start":{"line":72,"column":36},"end":{"line":83,"column":21}},"8":{"start":{"line":73,"column":31},"end":{"line":82,"column":9}},"9":{"start":{"line":85,"column":22},"end":{"line":90,"column":5}},"10":{"start":{"line":86,"column":8},"end":{"line":86,"column":28}},"11":{"start":{"line":87,"column":8},"end":{"line":87,"column":24}},"12":{"start":{"line":88,"column":8},"end":{"line":88,"column":24}},"13":{"start":{"line":89,"column":8},"end":{"line":89,"column":29}},"14":{"start":{"line":92,"column":26},"end":{"line":101,"column":5}},"15":{"start":{"line":93,"column":8},"end":{"line":100,"column":9}},"16":{"start":{"line":95,"column":16},"end":{"line":95,"column":33}},"17":{"start":{"line":97,"column":16},"end":{"line":97,"column":33}},"18":{"start":{"line":99,"column":16},"end":{"line":99,"column":33}},"19":{"start":{"line":103,"column":4},"end":{"line":189,"column":6}},"20":{"start":{"line":111,"column":78},"end":{"line":111,"column":106}},"21":{"start":{"line":132,"column":40},"end":{"line":132,"column":47}},"22":{"start":{"line":138,"column":20},"end":{"line":176,"column":27}},"23":{"start":{"line":192,"column":15},"end":{"line":337,"column":2}}},"fnMap":{"0":{"name":"MatchScreen","decl":{"start":{"line":63,"column":24},"end":{"line":63,"column":35}},"loc":{"start":{"line":63,"column":38},"end":{"line":190,"column":1}},"line":63},"1":{"name":"(anonymous_1)","decl":{"start":{"line":73,"column":25},"end":{"line":73,"column":26}},"loc":{"start":{"line":73,"column":31},"end":{"line":82,"column":9}},"line":73},"2":{"name":"(anonymous_2)","decl":{"start":{"line":85,"column":22},"end":{"line":85,"column":23}},"loc":{"start":{"line":85,"column":34},"end":{"line":90,"column":5}},"line":85},"3":{"name":"(anonymous_3)","decl":{"start":{"line":92,"column":26},"end":{"line":92,"column":27}},"loc":{"start":{"line":92,"column":60},"end":{"line":101,"column":5}},"line":92},"4":{"name":"(anonymous_4)","decl":{"start":{"line":111,"column":72},"end":{"line":111,"column":73}},"loc":{"start":{"line":111,"column":78},"end":{"line":111,"column":106}},"line":111},"5":{"name":"(anonymous_5)","decl":{"start":{"line":132,"column":30},"end":{"line":132,"column":31}},"loc":{"start":{"line":132,"column":40},"end":{"line":132,"column":47}},"line":132},"6":{"name":"(anonymous_6)","decl":{"start":{"line":137,"column":28},"end":{"line":137,"column":29}},"loc":{"start":{"line":138,"column":20},"end":{"line":176,"column":27}},"line":138}},"branchMap":{"0":{"loc":{"start":{"line":72,"column":36},"end":{"line":83,"column":21}},"type":"cond-expr","locations":[{"start":{"line":73,"column":10},"end":{"line":82,"column":11}},{"start":{"line":83,"column":10},"end":{"line":83,"column":21}}],"line":72},"1":{"loc":{"start":{"line":72,"column":36},"end":{"line":72,"column":71}},"type":"binary-expr","locations":[{"start":{"line":72,"column":36},"end":{"line":72,"column":46}},{"start":{"line":72,"column":50},"end":{"line":72,"column":71}}],"line":72},"2":{"loc":{"start":{"line":75,"column":22},"end":{"line":75,"column":61}},"type":"binary-expr","locations":[{"start":{"line":75,"column":22},"end":{"line":75,"column":37}},{"start":{"line":75,"column":41},"end":{"line":75,"column":61}}],"line":75},"3":{"loc":{"start":{"line":77,"column":23},"end":{"line":77,"column":74}},"type":"cond-expr","locations":[{"start":{"line":77,"column":51},"end":{"line":77,"column":61}},{"start":{"line":77,"column":64},"end":{"line":77,"column":74}}],"line":77},"4":{"loc":{"start":{"line":80,"column":20},"end":{"line":80,"column":86}},"type":"cond-expr","locations":[{"start":{"line":80,"column":41},"end":{"line":80,"column":49}},{"start":{"line":80,"column":52},"end":{"line":80,"column":86}}],"line":80},"5":{"loc":{"start":{"line":80,"column":52},"end":{"line":80,"column":86}},"type":"cond-expr","locations":[{"start":{"line":80,"column":74},"end":{"line":80,"column":79}},{"start":{"line":80,"column":82},"end":{"line":80,"column":86}}],"line":80},"6":{"loc":{"start":{"line":81,"column":18},"end":{"line":81,"column":61}},"type":"cond-expr","locations":[{"start":{"line":81,"column":34},"end":{"line":81,"column":54}},{"start":{"line":81,"column":57},"end":{"line":81,"column":61}}],"line":81},"7":{"loc":{"start":{"line":93,"column":8},"end":{"line":100,"column":9}},"type":"switch","locations":[{"start":{"line":94,"column":12},"end":{"line":95,"column":33}},{"start":{"line":96,"column":12},"end":{"line":97,"column":33}},{"start":{"line":98,"column":12},"end":{"line":99,"column":33}}],"line":93}},"s":{"0":0,"1":0,"2":0,"3":0,"4":0,"5":0,"6":0,"7":0,"8":0,"9":0,"10":0,"11":0,"12":0,"13":0,"14":0,"15":0,"16":0,"17":0,"18":0,"19":0,"20":0,"21":0,"22":0,"23":0},"f":{"0":0,"1":0,"2":0,"3":0,"4":0,"5":0,"6":0},"b":{"0":[0,0],"1":[0,0],"2":[0,0],"3":[0,0],"4":[0,0],"5":[0,0],"6":[0,0],"7":[0,0,0]}}
,"/Users/tommac/Desktop/solo/my2light-mobile/app/(tabs)/profile.tsx": {"path":"/Users/tommac/Desktop/solo/my2light-mobile/app/(tabs)/profile.tsx","statementMap":{"0":{"start":{"line":27,"column":36},"end":{"line":33,"column":1}},"1":{"start":{"line":36,"column":19},"end":{"line":36,"column":30}},"2":{"start":{"line":37,"column":19},"end":{"line":37,"column":38}},"3":{"start":{"line":38,"column":40},"end":{"line":38,"column":54}},"4":{"start":{"line":39,"column":50},"end":{"line":39,"column":66}},"5":{"start":{"line":40,"column":38},"end":{"line":40,"column":63}},"6":{"start":{"line":41,"column":40},"end":{"line":41,"column":55}},"7":{"start":{"line":43,"column":21},"end":{"line":43,"column":78}},"8":{"start":{"line":44,"column":24},"end":{"line":44,"column":45}},"9":{"start":{"line":45,"column":27},"end":{"line":45,"column":75}},"10":{"start":{"line":47,"column":22},"end":{"line":51,"column":5}},"11":{"start":{"line":48,"column":8},"end":{"line":48,"column":28}},"12":{"start":{"line":49,"column":8},"end":{"line":49,"column":24}},"13":{"start":{"line":50,"column":8},"end":{"line":50,"column":29}},"14":{"start":{"line":53,"column":4},"end":{"line":193,"column":6}},"15":{"start":{"line":88,"column":32},"end":{"line":102,"column":39}},"16":{"start":{"line":112,"column":39},"end":{"line":112,"column":59}},"17":{"start":{"line":120,"column":39},"end":{"line":120,"column":62}},"18":{"start":{"line":156,"column":79},"end":{"line":156,"column":110}},"19":{"start":{"line":196,"column":15},"end":{"line":443,"column":2}}},"fnMap":{"0":{"name":"ProfileScreen","decl":{"start":{"line":35,"column":24},"end":{"line":35,"column":37}},"loc":{"start":{"line":35,"column":40},"end":{"line":194,"column":1}},"line":35},"1":{"name":"(anonymous_1)","decl":{"start":{"line":47,"column":22},"end":{"line":47,"column":23}},"loc":{"start":{"line":47,"column":34},"end":{"line":51,"column":5}},"line":47},"2":{"name":"(anonymous_2)","decl":{"start":{"line":87,"column":46},"end":{"line":87,"column":47}},"loc":{"start":{"line":88,"column":32},"end":{"line":102,"column":39}},"line":88},"3":{"name":"(anonymous_3)","decl":{"start":{"line":112,"column":33},"end":{"line":112,"column":34}},"loc":{"start":{"line":112,"column":39},"end":{"line":112,"column":59}},"line":112},"4":{"name":"(anonymous_4)","decl":{"start":{"line":120,"column":33},"end":{"line":120,"column":34}},"loc":{"start":{"line":120,"column":39},"end":{"line":120,"column":62}},"line":120},"5":{"name":"(anonymous_5)","decl":{"start":{"line":156,"column":73},"end":{"line":156,"column":74}},"loc":{"start":{"line":156,"column":79},"end":{"line":156,"column":110}},"line":156}},"branchMap":{"0":{"loc":{"start":{"line":43,"column":21},"end":{"line":43,"column":78}},"type":"binary-expr","locations":[{"start":{"line":43,"column":21},"end":{"line":43,"column":34}},{"start":{"line":43,"column":38},"end":{"line":43,"column":68}},{"start":{"line":43,"column":72},"end":{"line":43,"column":78}}],"line":43},"1":{"loc":{"start":{"line":44,"column":24},"end":{"line":44,"column":45}},"type":"binary-expr","locations":[{"start":{"line":44,"column":24},"end":{"line":44,"column":40}},{"start":{"line":44,"column":44},"end":{"line":44,"column":45}}],"line":44},"2":{"loc":{"start":{"line":45,"column":27},"end":{"line":45,"column":75}},"type":"binary-expr","locations":[{"start":{"line":45,"column":27},"end":{"line":45,"column":65}},{"start":{"line":45,"column":69},"end":{"line":45,"column":75}}],"line":45},"3":{"loc":{"start":{"line":90,"column":68},"end":{"line":90,"column":117}},"type":"binary-expr","locations":[{"start":{"line":90,"column":68},"end":{"line":90,"column":89}},{"start":{"line":90,"column":93},"end":{"line":90,"column":117}}],"line":90},"4":{"loc":{"start":{"line":92,"column":74},"end":{"line":92,"column":126}},"type":"binary-expr","locations":[{"start":{"line":92,"column":74},"end":{"line":92,"column":94}},{"start":{"line":92,"column":98},"end":{"line":92,"column":126}}],"line":92},"5":{"loc":{"start":{"line":96,"column":51},"end":{"line":96,"column":106}},"type":"cond-expr","locations":[{"start":{"line":96,"column":74},"end":{"line":96,"column":87}},{"start":{"line":96,"column":90},"end":{"line":96,"column":106}}],"line":96},"6":{"loc":{"start":{"line":99,"column":74},"end":{"line":99,"column":127}},"type":"binary-expr","locations":[{"start":{"line":99,"column":74},"end":{"line":99,"column":95}},{"start":{"line":99,"column":99},"end":{"line":99,"column":127}}],"line":99},"7":{"loc":{"start":{"line":111,"column":44},"end":{"line":111,"column":84}},"type":"binary-expr","locations":[{"start":{"line":111,"column":44},"end":{"line":111,"column":64}},{"start":{"line":111,"column":68},"end":{"line":111,"column":84}}],"line":111},"8":{"loc":{"start":{"line":114,"column":54},"end":{"line":114,"column":98}},"type":"binary-expr","locations":[{"start":{"line":114,"column":54},"end":{"line":114,"column":74}},{"start":{"line":114,"column":78},"end":{"line":114,"column":98}}],"line":114},"9":{"loc":{"start":{"line":119,"column":44},"end":{"line":119,"column":87}},"type":"binary-expr","locations":[{"start":{"line":119,"column":44},"end":{"line":119,"column":67}},{"start":{"line":119,"column":71},"end":{"line":119,"column":87}}],"line":119},"10":{"loc":{"start":{"line":122,"column":54},"end":{"line":122,"column":101}},"type":"binary-expr","locations":[{"start":{"line":122,"column":54},"end":{"line":122,"column":77}},{"start":{"line":122,"column":81},"end":{"line":122,"column":101}}],"line":122}},"s":{"0":0,"1":0,"2":0,"3":0,"4":0,"5":0,"6":0,"7":0,"8":0,"9":0,"10":0,"11":0,"12":0,"13":0,"14":0,"15":0,"16":0,"17":0,"18":0,"19":0},"f":{"0":0,"1":0,"2":0,"3":0,"4":0,"5":0},"b":{"0":[0,0,0],"1":[0,0],"2":[0,0],"3":[0,0],"4":[0,0],"5":[0,0],"6":[0,0],"7":[0,0],"8":[0,0],"9":[0,0],"10":[0,0]}}
,"/Users/tommac/Desktop/solo/my2light-mobile/app/(tabs)/social.tsx": {"path":"/Users/tommac/Desktop/solo/my2light-mobile/app/(tabs)/social.tsx","statementMap":{"0":{"start":{"line":28,"column":26},"end":{"line":47,"column":1}},"1":{"start":{"line":50,"column":19},"end":{"line":50,"column":38}},"2":{"start":{"line":51,"column":38},"end":{"line":51,"column":63}},"3":{"start":{"line":52,"column":40},"end":{"line":52,"column":55}},"4":{"start":{"line":54,"column":52},"end":{"line":59,"column":5}},"5":{"start":{"line":61,"column":22},"end":{"line":64,"column":5}},"6":{"start":{"line":62,"column":8},"end":{"line":62,"column":28}},"7":{"start":{"line":63,"column":8},"end":{"line":63,"column":53}},"8":{"start":{"line":63,"column":25},"end":{"line":63,"column":45}},"9":{"start":{"line":66,"column":4},"end":{"line":134,"column":6}},"10":{"start":{"line":84,"column":24},"end":{"line":92,"column":43}},"11":{"start":{"line":87,"column":43},"end":{"line":87,"column":64}},"12":{"start":{"line":107,"column":28},"end":{"line":107,"column":66}},"13":{"start":{"line":138,"column":4},"end":{"line":182,"column":6}},"14":{"start":{"line":185,"column":15},"end":{"line":334,"column":2}}},"fnMap":{"0":{"name":"SocialScreen","decl":{"start":{"line":49,"column":24},"end":{"line":49,"column":36}},"loc":{"start":{"line":49,"column":39},"end":{"line":135,"column":1}},"line":49},"1":{"name":"(anonymous_1)","decl":{"start":{"line":61,"column":22},"end":{"line":61,"column":23}},"loc":{"start":{"line":61,"column":28},"end":{"line":64,"column":5}},"line":61},"2":{"name":"(anonymous_2)","decl":{"start":{"line":63,"column":19},"end":{"line":63,"column":20}},"loc":{"start":{"line":63,"column":25},"end":{"line":63,"column":45}},"line":63},"3":{"name":"(anonymous_3)","decl":{"start":{"line":83,"column":30},"end":{"line":83,"column":31}},"loc":{"start":{"line":84,"column":24},"end":{"line":92,"column":43}},"line":84},"4":{"name":"(anonymous_4)","decl":{"start":{"line":87,"column":37},"end":{"line":87,"column":38}},"loc":{"start":{"line":87,"column":43},"end":{"line":87,"column":64}},"line":87},"5":{"name":"(anonymous_5)","decl":{"start":{"line":106,"column":39},"end":{"line":106,"column":40}},"loc":{"start":{"line":107,"column":28},"end":{"line":107,"column":66}},"line":107},"6":{"name":"PostCard","decl":{"start":{"line":137,"column":9},"end":{"line":137,"column":17}},"loc":{"start":{"line":137,"column":44},"end":{"line":183,"column":1}},"line":137}},"branchMap":{"0":{"loc":{"start":{"line":86,"column":48},"end":{"line":86,"column":89}},"type":"binary-expr","locations":[{"start":{"line":86,"column":48},"end":{"line":86,"column":69}},{"start":{"line":86,"column":73},"end":{"line":86,"column":89}}],"line":86},"1":{"loc":{"start":{"line":89,"column":58},"end":{"line":89,"column":103}},"type":"binary-expr","locations":[{"start":{"line":89,"column":58},"end":{"line":89,"column":79}},{"start":{"line":89,"column":83},"end":{"line":89,"column":103}}],"line":89},"2":{"loc":{"start":{"line":104,"column":17},"end":{"line":110,"column":17}},"type":"binary-expr","locations":[{"start":{"line":104,"column":17},"end":{"line":104,"column":37}},{"start":{"line":105,"column":20},"end":{"line":109,"column":23}}],"line":104},"3":{"loc":{"start":{"line":111,"column":17},"end":{"line":117,"column":17}},"type":"binary-expr","locations":[{"start":{"line":111,"column":17},"end":{"line":111,"column":40}},{"start":{"line":112,"column":20},"end":{"line":116,"column":27}}],"line":111},"4":{"loc":{"start":{"line":118,"column":17},"end":{"line":124,"column":17}},"type":"binary-expr","locations":[{"start":{"line":118,"column":17},"end":{"line":118,"column":40}},{"start":{"line":119,"column":20},"end":{"line":123,"column":27}}],"line":118},"5":{"loc":{"start":{"line":125,"column":17},"end":{"line":131,"column":17}},"type":"binary-expr","locations":[{"start":{"line":125,"column":17},"end":{"line":125,"column":40}},{"start":{"line":126,"column":20},"end":{"line":130,"column":27}}],"line":125}},"s":{"0":0,"1":0,"2":0,"3":0,"4":0,"5":0,"6":0,"7":0,"8":0,"9":0,"10":0,"11":0,"12":0,"13":0,"14":0},"f":{"0":0,"1":0,"2":0,"3":0,"4":0,"5":0,"6":0},"b":{"0":[0,0],"1":[0,0],"2":[0,0],"3":[0,0],"4":[0,0],"5":[0,0]}}
,"/Users/tommac/Desktop/solo/my2light-mobile/app/notifications/_layout.tsx": {"path":"/Users/tommac/Desktop/solo/my2light-mobile/app/notifications/_layout.tsx","statementMap":{"0":{"start":{"line":4,"column":4},"end":{"line":11,"column":6}}},"fnMap":{"0":{"name":"NotificationsLayout","decl":{"start":{"line":3,"column":24},"end":{"line":3,"column":43}},"loc":{"start":{"line":3,"column":46},"end":{"line":12,"column":1}},"line":3}},"branchMap":{},"s":{"0":0},"f":{"0":0},"b":{}}
,"/Users/tommac/Desktop/solo/my2light-mobile/app/notifications/index.tsx": {"path":"/Users/tommac/Desktop/solo/my2light-mobile/app/notifications/index.tsx","statementMap":{"0":{"start":{"line":31,"column":19},"end":{"line":31,"column":30}},"1":{"start":{"line":32,"column":19},"end":{"line":32,"column":38}},"2":{"start":{"line":33,"column":40},"end":{"line":33,"column":55}},"3":{"start":{"line":36,"column":56},"end":{"line":36,"column":76}},"4":{"start":{"line":37,"column":31},"end":{"line":37,"column":56}},"5":{"start":{"line":38,"column":32},"end":{"line":38,"column":61}},"6":{"start":{"line":40,"column":22},"end":{"line":45,"column":5}},"7":{"start":{"line":41,"column":8},"end":{"line":41,"column":28}},"8":{"start":{"line":42,"column":8},"end":{"line":42,"column":24}},"9":{"start":{"line":43,"column":8},"end":{"line":43,"column":24}},"10":{"start":{"line":44,"column":8},"end":{"line":44,"column":29}},"11":{"start":{"line":47,"column":29},"end":{"line":50,"column":5}},"12":{"start":{"line":48,"column":8},"end":{"line":48,"column":24}},"13":{"start":{"line":49,"column":8},"end":{"line":49,"column":38}},"14":{"start":{"line":52,"column":32},"end":{"line":55,"column":5}},"15":{"start":{"line":53,"column":8},"end":{"line":53,"column":25}},"16":{"start":{"line":54,"column":8},"end":{"line":54,"column":37}},"17":{"start":{"line":57,"column":20},"end":{"line":75,"column":5}},"18":{"start":{"line":58,"column":8},"end":{"line":74,"column":9}},"19":{"start":{"line":61,"column":16},"end":{"line":61,"column":86}},"20":{"start":{"line":64,"column":16},"end":{"line":64,"column":77}},"21":{"start":{"line":67,"column":16},"end":{"line":67,"column":76}},"22":{"start":{"line":69,"column":16},"end":{"line":69,"column":75}},"23":{"start":{"line":71,"column":16},"end":{"line":71,"column":76}},"24":{"start":{"line":73,"column":16},"end":{"line":73,"column":89}},"25":{"start":{"line":77,"column":23},"end":{"line":87,"column":5}},"26":{"start":{"line":78,"column":21},"end":{"line":78,"column":41}},"27":{"start":{"line":79,"column":20},"end":{"line":79,"column":30}},"28":{"start":{"line":80,"column":21},"end":{"line":80,"column":41}},"29":{"start":{"line":81,"column":22},"end":{"line":81,"column":48}},"30":{"start":{"line":82,"column":21},"end":{"line":82,"column":48}},"31":{"start":{"line":84,"column":8},"end":{"line":84,"column":50}},"32":{"start":{"line":84,"column":22},"end":{"line":84,"column":50}},"33":{"start":{"line":85,"column":8},"end":{"line":85,"column":51}},"34":{"start":{"line":85,"column":23},"end":{"line":85,"column":51}},"35":{"start":{"line":86,"column":8},"end":{"line":86,"column":26}},"36":{"start":{"line":89,"column":4},"end":{"line":152,"column":6}},"37":{"start":{"line":93,"column":75},"end":{"line":93,"column":88}},"38":{"start":{"line":120,"column":24},"end":{"line":147,"column":43}},"39":{"start":{"line":126,"column":43},"end":{"line":126,"column":76}},"40":{"start":{"line":155,"column":15},"end":{"line":266,"column":2}}},"fnMap":{"0":{"name":"NotificationsScreen","decl":{"start":{"line":30,"column":24},"end":{"line":30,"column":43}},"loc":{"start":{"line":30,"column":46},"end":{"line":153,"column":1}},"line":30},"1":{"name":"(anonymous_1)","decl":{"start":{"line":40,"column":22},"end":{"line":40,"column":23}},"loc":{"start":{"line":40,"column":34},"end":{"line":45,"column":5}},"line":40},"2":{"name":"(anonymous_2)","decl":{"start":{"line":47,"column":29},"end":{"line":47,"column":30}},"loc":{"start":{"line":47,"column":45},"end":{"line":50,"column":5}},"line":47},"3":{"name":"(anonymous_3)","decl":{"start":{"line":52,"column":32},"end":{"line":52,"column":33}},"loc":{"start":{"line":52,"column":38},"end":{"line":55,"column":5}},"line":52},"4":{"name":"(anonymous_4)","decl":{"start":{"line":57,"column":20},"end":{"line":57,"column":21}},"loc":{"start":{"line":57,"column":38},"end":{"line":75,"column":5}},"line":57},"5":{"name":"(anonymous_5)","decl":{"start":{"line":77,"column":23},"end":{"line":77,"column":24}},"loc":{"start":{"line":77,"column":47},"end":{"line":87,"column":5}},"line":77},"6":{"name":"(anonymous_6)","decl":{"start":{"line":93,"column":69},"end":{"line":93,"column":70}},"loc":{"start":{"line":93,"column":75},"end":{"line":93,"column":88}},"line":93},"7":{"name":"(anonymous_7)","decl":{"start":{"line":119,"column":38},"end":{"line":119,"column":39}},"loc":{"start":{"line":120,"column":24},"end":{"line":147,"column":43}},"line":120},"8":{"name":"(anonymous_8)","decl":{"start":{"line":126,"column":37},"end":{"line":126,"column":38}},"loc":{"start":{"line":126,"column":43},"end":{"line":126,"column":76}},"line":126}},"branchMap":{"0":{"loc":{"start":{"line":58,"column":8},"end":{"line":74,"column":9}},"type":"switch","locations":[{"start":{"line":59,"column":12},"end":{"line":59,"column":37}},{"start":{"line":60,"column":12},"end":{"line":61,"column":86}},{"start":{"line":62,"column":12},"end":{"line":62,"column":36}},{"start":{"line":63,"column":12},"end":{"line":64,"column":77}},{"start":{"line":65,"column":12},"end":{"line":65,"column":31}},{"start":{"line":66,"column":12},"end":{"line":67,"column":76}},{"start":{"line":68,"column":12},"end":{"line":69,"column":75}},{"start":{"line":70,"column":12},"end":{"line":71,"column":76}},{"start":{"line":72,"column":12},"end":{"line":73,"column":89}}],"line":58},"1":{"loc":{"start":{"line":84,"column":8},"end":{"line":84,"column":50}},"type":"if","locations":[{"start":{"line":84,"column":8},"end":{"line":84,"column":50}},{"start":{},"end":{}}],"line":84},"2":{"loc":{"start":{"line":85,"column":8},"end":{"line":85,"column":51}},"type":"if","locations":[{"start":{"line":85,"column":8},"end":{"line":85,"column":51}},{"start":{},"end":{}}],"line":85},"3":{"loc":{"start":{"line":108,"column":17},"end":{"line":149,"column":17}},"type":"cond-expr","locations":[{"start":{"line":109,"column":20},"end":{"line":112,"column":27}},{"start":{"line":113,"column":20},"end":{"line":149,"column":17}}],"line":108},"4":{"loc":{"start":{"line":113,"column":20},"end":{"line":149,"column":17}},"type":"cond-expr","locations":[{"start":{"line":114,"column":20},"end":{"line":117,"column":27}},{"start":{"line":119,"column":20},"end":{"line":148,"column":22}}],"line":113},"5":{"loc":{"start":{"line":113,"column":20},"end":{"line":113,"column":64}},"type":"binary-expr","locations":[{"start":{"line":113,"column":20},"end":{"line":113,"column":34}},{"start":{"line":113,"column":38},"end":{"line":113,"column":64}}],"line":113},"6":{"loc":{"start":{"line":124,"column":32},"end":{"line":124,"column":82}},"type":"binary-expr","locations":[{"start":{"line":124,"column":32},"end":{"line":124,"column":51}},{"start":{"line":124,"column":55},"end":{"line":124,"column":82}}],"line":124},"7":{"loc":{"start":{"line":135,"column":44},"end":{"line":135,"column":95}},"type":"binary-expr","locations":[{"start":{"line":135,"column":44},"end":{"line":135,"column":63}},{"start":{"line":135,"column":67},"end":{"line":135,"column":95}}],"line":135},"8":{"loc":{"start":{"line":146,"column":29},"end":{"line":146,"column":86}},"type":"binary-expr","locations":[{"start":{"line":146,"column":29},"end":{"line":146,"column":49}},{"start":{"line":146,"column":53},"end":{"line":146,"column":86}}],"line":146}},"s":{"0":0,"1":0,"2":0,"3":0,"4":0,"5":0,"6":0,"7":0,"8":0,"9":0,"10":0,"11":0,"12":0,"13":0,"14":0,"15":0,"16":0,"17":0,"18":0,"19":0,"20":0,"21":0,"22":0,"23":0,"24":0,"25":0,"26":0,"27":0,"28":0,"29":0,"30":0,"31":0,"32":0,"33":0,"34":0,"35":0,"36":0,"37":0,"38":0,"39":0,"40":0},"f":{"0":0,"1":0,"2":0,"3":0,"4":0,"5":0,"6":0,"7":0,"8":0},"b":{"0":[0,0,0,0,0,0,0,0,0],"1":[0,0],"2":[0,0],"3":[0,0],"4":[0,0],"5":[0,0],"6":[0,0],"7":[0,0],"8":[0,0]}}
,"/Users/tommac/Desktop/solo/my2light-mobile/app/qr/_layout.tsx": {"path":"/Users/tommac/Desktop/solo/my2light-mobile/app/qr/_layout.tsx","statementMap":{"0":{"start":{"line":4,"column":4},"end":{"line":12,"column":6}}},"fnMap":{"0":{"name":"QRLayout","decl":{"start":{"line":3,"column":24},"end":{"line":3,"column":32}},"loc":{"start":{"line":3,"column":35},"end":{"line":13,"column":1}},"line":3}},"branchMap":{},"s":{"0":0},"f":{"0":0},"b":{}}
,"/Users/tommac/Desktop/solo/my2light-mobile/app/qr/index.tsx": {"path":"/Users/tommac/Desktop/solo/my2light-mobile/app/qr/index.tsx","statementMap":{"0":{"start":{"line":16,"column":19},"end":{"line":16,"column":30}},"1":{"start":{"line":17,"column":19},"end":{"line":17,"column":38}},"2":{"start":{"line":18,"column":44},"end":{"line":18,"column":66}},"3":{"start":{"line":19,"column":34},"end":{"line":19,"column":49}},"4":{"start":{"line":21,"column":4},"end":{"line":27,"column":5}},"5":{"start":{"line":22,"column":8},"end":{"line":26,"column":10}},"6":{"start":{"line":29,"column":4},"end":{"line":45,"column":5}},"7":{"start":{"line":30,"column":8},"end":{"line":44,"column":10}},"8":{"start":{"line":40,"column":75},"end":{"line":40,"column":88}},"9":{"start":{"line":47,"column":33},"end":{"line":69,"column":5}},"10":{"start":{"line":48,"column":8},"end":{"line":48,"column":28}},"11":{"start":{"line":48,"column":21},"end":{"line":48,"column":28}},"12":{"start":{"line":49,"column":8},"end":{"line":49,"column":25}},"13":{"start":{"line":52,"column":8},"end":{"line":68,"column":10}},"14":{"start":{"line":58,"column":35},"end":{"line":58,"column":52}},"15":{"start":{"line":64,"column":24},"end":{"line":64,"column":38}},"16":{"start":{"line":71,"column":4},"end":{"line":107,"column":6}},"17":{"start":{"line":82,"column":80},"end":{"line":82,"column":93}},"18":{"start":{"line":110,"column":15},"end":{"line":235,"column":2}}},"fnMap":{"0":{"name":"QRScannerScreen","decl":{"start":{"line":15,"column":24},"end":{"line":15,"column":39}},"loc":{"start":{"line":15,"column":42},"end":{"line":108,"column":1}},"line":15},"1":{"name":"(anonymous_1)","decl":{"start":{"line":40,"column":69},"end":{"line":40,"column":70}},"loc":{"start":{"line":40,"column":75},"end":{"line":40,"column":88}},"line":40},"2":{"name":"(anonymous_2)","decl":{"start":{"line":47,"column":33},"end":{"line":47,"column":34}},"loc":{"start":{"line":47,"column":85},"end":{"line":69,"column":5}},"line":47},"3":{"name":"(anonymous_3)","decl":{"start":{"line":58,"column":29},"end":{"line":58,"column":30}},"loc":{"start":{"line":58,"column":35},"end":{"line":58,"column":52}},"line":58},"4":{"name":"(anonymous_4)","decl":{"start":{"line":62,"column":29},"end":{"line":62,"column":30}},"loc":{"start":{"line":62,"column":35},"end":{"line":65,"column":21}},"line":62},"5":{"name":"(anonymous_5)","decl":{"start":{"line":82,"column":74},"end":{"line":82,"column":75}},"loc":{"start":{"line":82,"column":80},"end":{"line":82,"column":93}},"line":82}},"branchMap":{"0":{"loc":{"start":{"line":21,"column":4},"end":{"line":27,"column":5}},"type":"if","locations":[{"start":{"line":21,"column":4},"end":{"line":27,"column":5}},{"start":{},"end":{}}],"line":21},"1":{"loc":{"start":{"line":29,"column":4},"end":{"line":45,"column":5}},"type":"if","locations":[{"start":{"line":29,"column":4},"end":{"line":45,"column":5}},{"start":{},"end":{}}],"line":29},"2":{"loc":{"start":{"line":48,"column":8},"end":{"line":48,"column":28}},"type":"if","locations":[{"start":{"line":48,"column":8},"end":{"line":48,"column":28}},{"start":{},"end":{}}],"line":48},"3":{"loc":{"start":{"line":75,"column":34},"end":{"line":75,"column":76}},"type":"cond-expr","locations":[{"start":{"line":75,"column":44},"end":{"line":75,"column":53}},{"start":{"line":75,"column":56},"end":{"line":75,"column":76}}],"line":75}},"s":{"0":0,"1":0,"2":0,"3":0,"4":0,"5":0,"6":0,"7":0,"8":0,"9":0,"10":0,"11":0,"12":0,"13":0,"14":0,"15":0,"16":0,"17":0,"18":0},"f":{"0":0,"1":0,"2":0,"3":0,"4":0,"5":0},"b":{"0":[0,0],"1":[0,0],"2":[0,0],"3":[0,0]}}
,"/Users/tommac/Desktop/solo/my2light-mobile/app/record/_layout.tsx": {"path":"/Users/tommac/Desktop/solo/my2light-mobile/app/record/_layout.tsx","statementMap":{"0":{"start":{"line":4,"column":4},"end":{"line":14,"column":6}}},"fnMap":{"0":{"name":"RecordLayout","decl":{"start":{"line":3,"column":24},"end":{"line":3,"column":36}},"loc":{"start":{"line":3,"column":39},"end":{"line":15,"column":1}},"line":3}},"branchMap":{},"s":{"0":0},"f":{"0":0},"b":{}}
,"/Users/tommac/Desktop/solo/my2light-mobile/app/record/camera.tsx": {"path":"/Users/tommac/Desktop/solo/my2light-mobile/app/record/camera.tsx","statementMap":{"0":{"start":{"line":33,"column":19},"end":{"line":33,"column":30}},"1":{"start":{"line":34,"column":19},"end":{"line":34,"column":38}},"2":{"start":{"line":35,"column":22},"end":{"line":35,"column":46}},"3":{"start":{"line":37,"column":32},"end":{"line":37,"column":60}},"4":{"start":{"line":38,"column":56},"end":{"line":38,"column":78}},"5":{"start":{"line":39,"column":50},"end":{"line":39,"column":76}},"6":{"start":{"line":42,"column":28},"end":{"line":42,"column":65}},"7":{"start":{"line":43,"column":44},"end":{"line":43,"column":59}},"8":{"start":{"line":54,"column":8},"end":{"line":54,"column":27}},"9":{"start":{"line":57,"column":27},"end":{"line":57,"column":36}},"10":{"start":{"line":59,"column":4},"end":{"line":71,"column":22}},"11":{"start":{"line":60,"column":8},"end":{"line":70,"column":9}},"12":{"start":{"line":61,"column":12},"end":{"line":61,"column":39}},"13":{"start":{"line":62,"column":12},"end":{"line":62,"column":33}},"14":{"start":{"line":64,"column":29},"end":{"line":67,"column":20}},"15":{"start":{"line":65,"column":16},"end":{"line":65,"column":44}},"16":{"start":{"line":66,"column":16},"end":{"line":66,"column":58}},"17":{"start":{"line":69,"column":12},"end":{"line":69,"column":49}},"18":{"start":{"line":69,"column":25},"end":{"line":69,"column":48}},"19":{"start":{"line":74,"column":27},"end":{"line":78,"column":5}},"20":{"start":{"line":75,"column":21},"end":{"line":75,"column":45}},"21":{"start":{"line":76,"column":21},"end":{"line":76,"column":33}},"22":{"start":{"line":77,"column":8},"end":{"line":77,"column":89}},"23":{"start":{"line":81,"column":25},"end":{"line":89,"column":25}},"24":{"start":{"line":82,"column":8},"end":{"line":82,"column":30}},"25":{"start":{"line":83,"column":8},"end":{"line":83,"column":36}},"26":{"start":{"line":84,"column":8},"end":{"line":88,"column":47}},"27":{"start":{"line":88,"column":23},"end":{"line":88,"column":45}},"28":{"start":{"line":92,"column":28},"end":{"line":98,"column":5}},"29":{"start":{"line":93,"column":8},"end":{"line":93,"column":52}},"30":{"start":{"line":93,"column":45},"end":{"line":93,"column":52}},"31":{"start":{"line":95,"column":8},"end":{"line":95,"column":26}},"32":{"start":{"line":96,"column":8},"end":{"line":96,"column":23}},"33":{"start":{"line":97,"column":8},"end":{"line":97,"column":23}},"34":{"start":{"line":101,"column":33},"end":{"line":122,"column":5}},"35":{"start":{"line":102,"column":8},"end":{"line":102,"column":39}},"36":{"start":{"line":102,"column":32},"end":{"line":102,"column":39}},"37":{"start":{"line":104,"column":8},"end":{"line":121,"column":9}},"38":{"start":{"line":105,"column":12},"end":{"line":105,"column":29}},"39":{"start":{"line":106,"column":26},"end":{"line":108,"column":14}},"40":{"start":{"line":110,"column":12},"end":{"line":116,"column":13}},"41":{"start":{"line":111,"column":16},"end":{"line":111,"column":41}},"42":{"start":{"line":112,"column":16},"end":{"line":115,"column":19}},"43":{"start":{"line":118,"column":12},"end":{"line":118,"column":53}},"44":{"start":{"line":119,"column":12},"end":{"line":119,"column":74}},"45":{"start":{"line":120,"column":12},"end":{"line":120,"column":30}},"46":{"start":{"line":125,"column":32},"end":{"line":130,"column":5}},"47":{"start":{"line":126,"column":8},"end":{"line":129,"column":9}},"48":{"start":{"line":127,"column":12},"end":{"line":127,"column":29}},"49":{"start":{"line":128,"column":12},"end":{"line":128,"column":46}},"50":{"start":{"line":133,"column":31},"end":{"line":137,"column":5}},"51":{"start":{"line":134,"column":8},"end":{"line":134,"column":32}},"52":{"start":{"line":134,"column":25},"end":{"line":134,"column":32}},"53":{"start":{"line":135,"column":8},"end":{"line":135,"column":24}},"54":{"start":{"line":136,"column":8},"end":{"line":136,"column":72}},"55":{"start":{"line":136,"column":32},"end":{"line":136,"column":69}},"56":{"start":{"line":140,"column":4},"end":{"line":146,"column":5}},"57":{"start":{"line":141,"column":8},"end":{"line":145,"column":10}},"58":{"start":{"line":148,"column":4},"end":{"line":170,"column":5}},"59":{"start":{"line":149,"column":8},"end":{"line":169,"column":10}},"60":{"start":{"line":159,"column":24},"end":{"line":159,"column":56}},"61":{"start":{"line":160,"column":24},"end":{"line":160,"column":53}},"62":{"start":{"line":165,"column":75},"end":{"line":165,"column":88}},"63":{"start":{"line":172,"column":4},"end":{"line":270,"column":6}},"64":{"start":{"line":190,"column":83},"end":{"line":190,"column":96}},"65":{"start":{"line":210,"column":28},"end":{"line":224,"column":30}},"66":{"start":{"line":273,"column":15},"end":{"line":440,"column":2}}},"fnMap":{"0":{"name":"CameraRecordingScreen","decl":{"start":{"line":32,"column":24},"end":{"line":32,"column":45}},"loc":{"start":{"line":32,"column":48},"end":{"line":271,"column":1}},"line":32},"1":{"name":"(anonymous_1)","decl":{"start":{"line":59,"column":14},"end":{"line":59,"column":15}},"loc":{"start":{"line":59,"column":20},"end":{"line":71,"column":5}},"line":59},"2":{"name":"(anonymous_2)","decl":{"start":{"line":64,"column":41},"end":{"line":64,"column":42}},"loc":{"start":{"line":64,"column":47},"end":{"line":67,"column":13}},"line":64},"3":{"name":"(anonymous_3)","decl":{"start":{"line":69,"column":19},"end":{"line":69,"column":20}},"loc":{"start":{"line":69,"column":25},"end":{"line":69,"column":48}},"line":69},"4":{"name":"(anonymous_4)","decl":{"start":{"line":74,"column":27},"end":{"line":74,"column":28}},"loc":{"start":{"line":74,"column":48},"end":{"line":78,"column":5}},"line":74},"5":{"name":"(anonymous_5)","decl":{"start":{"line":81,"column":37},"end":{"line":81,"column":38}},"loc":{"start":{"line":81,"column":43},"end":{"line":89,"column":5}},"line":81},"6":{"name":"(anonymous_6)","decl":{"start":{"line":88,"column":17},"end":{"line":88,"column":18}},"loc":{"start":{"line":88,"column":23},"end":{"line":88,"column":45}},"line":88},"7":{"name":"(anonymous_7)","decl":{"start":{"line":92,"column":28},"end":{"line":92,"column":29}},"loc":{"start":{"line":92,"column":34},"end":{"line":98,"column":5}},"line":92},"8":{"name":"(anonymous_8)","decl":{"start":{"line":101,"column":33},"end":{"line":101,"column":34}},"loc":{"start":{"line":101,"column":45},"end":{"line":122,"column":5}},"line":101},"9":{"name":"(anonymous_9)","decl":{"start":{"line":125,"column":32},"end":{"line":125,"column":33}},"loc":{"start":{"line":125,"column":38},"end":{"line":130,"column":5}},"line":125},"10":{"name":"(anonymous_10)","decl":{"start":{"line":133,"column":31},"end":{"line":133,"column":32}},"loc":{"start":{"line":133,"column":37},"end":{"line":137,"column":5}},"line":133},"11":{"name":"(anonymous_11)","decl":{"start":{"line":136,"column":18},"end":{"line":136,"column":19}},"loc":{"start":{"line":136,"column":32},"end":{"line":136,"column":69}},"line":136},"12":{"name":"(anonymous_12)","decl":{"start":{"line":158,"column":29},"end":{"line":158,"column":30}},"loc":{"start":{"line":158,"column":41},"end":{"line":161,"column":21}},"line":158},"13":{"name":"(anonymous_13)","decl":{"start":{"line":165,"column":69},"end":{"line":165,"column":70}},"loc":{"start":{"line":165,"column":75},"end":{"line":165,"column":88}},"line":165},"14":{"name":"(anonymous_14)","decl":{"start":{"line":190,"column":77},"end":{"line":190,"column":78}},"loc":{"start":{"line":190,"column":83},"end":{"line":190,"column":96}},"line":190},"15":{"name":"(anonymous_15)","decl":{"start":{"line":209,"column":44},"end":{"line":209,"column":45}},"loc":{"start":{"line":210,"column":28},"end":{"line":224,"column":30}},"line":210}},"branchMap":{"0":{"loc":{"start":{"line":60,"column":8},"end":{"line":70,"column":9}},"type":"if","locations":[{"start":{"line":60,"column":8},"end":{"line":70,"column":9}},{"start":{},"end":{}}],"line":60},"1":{"loc":{"start":{"line":93,"column":8},"end":{"line":93,"column":52}},"type":"if","locations":[{"start":{"line":93,"column":8},"end":{"line":93,"column":52}},{"start":{},"end":{}}],"line":93},"2":{"loc":{"start":{"line":93,"column":12},"end":{"line":93,"column":43}},"type":"binary-expr","locations":[{"start":{"line":93,"column":12},"end":{"line":93,"column":24}},{"start":{"line":93,"column":28},"end":{"line":93,"column":43}}],"line":93},"3":{"loc":{"start":{"line":102,"column":8},"end":{"line":102,"column":39}},"type":"if","locations":[{"start":{"line":102,"column":8},"end":{"line":102,"column":39}},{"start":{},"end":{}}],"line":102},"4":{"loc":{"start":{"line":110,"column":12},"end":{"line":116,"column":13}},"type":"if","locations":[{"start":{"line":110,"column":12},"end":{"line":116,"column":13}},{"start":{},"end":{}}],"line":110},"5":{"loc":{"start":{"line":126,"column":8},"end":{"line":129,"column":9}},"type":"if","locations":[{"start":{"line":126,"column":8},"end":{"line":129,"column":9}},{"start":{},"end":{}}],"line":126},"6":{"loc":{"start":{"line":126,"column":12},"end":{"line":126,"column":44}},"type":"binary-expr","locations":[{"start":{"line":126,"column":12},"end":{"line":126,"column":29}},{"start":{"line":126,"column":33},"end":{"line":126,"column":44}}],"line":126},"7":{"loc":{"start":{"line":134,"column":8},"end":{"line":134,"column":32}},"type":"if","locations":[{"start":{"line":134,"column":8},"end":{"line":134,"column":32}},{"start":{},"end":{}}],"line":134},"8":{"loc":{"start":{"line":136,"column":32},"end":{"line":136,"column":69}},"type":"cond-expr","locations":[{"start":{"line":136,"column":53},"end":{"line":136,"column":60}},{"start":{"line":136,"column":63},"end":{"line":136,"column":69}}],"line":136},"9":{"loc":{"start":{"line":140,"column":4},"end":{"line":146,"column":5}},"type":"if","locations":[{"start":{"line":140,"column":4},"end":{"line":146,"column":5}},{"start":{},"end":{}}],"line":140},"10":{"loc":{"start":{"line":140,"column":8},"end":{"line":140,"column":43}},"type":"binary-expr","locations":[{"start":{"line":140,"column":8},"end":{"line":140,"column":25}},{"start":{"line":140,"column":29},"end":{"line":140,"column":43}}],"line":140},"11":{"loc":{"start":{"line":148,"column":4},"end":{"line":170,"column":5}},"type":"if","locations":[{"start":{"line":148,"column":4},"end":{"line":170,"column":5}},{"start":{},"end":{}}],"line":148},"12":{"loc":{"start":{"line":148,"column":8},"end":{"line":148,"column":59}},"type":"binary-expr","locations":[{"start":{"line":148,"column":8},"end":{"line":148,"column":33}},{"start":{"line":148,"column":37},"end":{"line":148,"column":59}}],"line":148},"13":{"loc":{"start":{"line":183,"column":21},"end":{"line":193,"column":21}},"type":"cond-expr","locations":[{"start":{"line":184,"column":24},"end":{"line":188,"column":31}},{"start":{"line":190,"column":24},"end":{"line":192,"column":43}}],"line":183},"14":{"loc":{"start":{"line":206,"column":17},"end":{"line":227,"column":17}},"type":"binary-expr","locations":[{"start":{"line":206,"column":17},"end":{"line":206,"column":29}},{"start":{"line":207,"column":20},"end":{"line":226,"column":36}}],"line":206},"15":{"loc":{"start":{"line":232,"column":21},"end":{"line":239,"column":21}},"type":"binary-expr","locations":[{"start":{"line":232,"column":21},"end":{"line":232,"column":32}},{"start":{"line":232,"column":36},"end":{"line":232,"column":57}},{"start":{"line":233,"column":24},"end":{"line":238,"column":31}}],"line":232},"16":{"loc":{"start":{"line":243,"column":25},"end":{"line":251,"column":25}},"type":"binary-expr","locations":[{"start":{"line":243,"column":25},"end":{"line":243,"column":36}},{"start":{"line":244,"column":28},"end":{"line":250,"column":47}}],"line":243},"17":{"loc":{"start":{"line":255,"column":57},"end":{"line":255,"column":97}},"type":"binary-expr","locations":[{"start":{"line":255,"column":57},"end":{"line":255,"column":68}},{"start":{"line":255,"column":72},"end":{"line":255,"column":97}}],"line":255},"18":{"loc":{"start":{"line":256,"column":37},"end":{"line":256,"column":93}},"type":"cond-expr","locations":[{"start":{"line":256,"column":51},"end":{"line":256,"column":70}},{"start":{"line":256,"column":73},"end":{"line":256,"column":93}}],"line":256},"19":{"loc":{"start":{"line":260,"column":32},"end":{"line":260,"column":77}},"type":"binary-expr","locations":[{"start":{"line":260,"column":32},"end":{"line":260,"column":43}},{"start":{"line":260,"column":47},"end":{"line":260,"column":77}}],"line":260},"20":{"loc":{"start":{"line":265,"column":25},"end":{"line":265,"column":70}},"type":"binary-expr","locations":[{"start":{"line":265,"column":25},"end":{"line":265,"column":36}},{"start":{"line":265,"column":40},"end":{"line":265,"column":70}}],"line":265}},"s":{"0":0,"1":0,"2":0,"3":0,"4":0,"5":0,"6":0,"7":0,"8":0,"9":0,"10":0,"11":0,"12":0,"13":0,"14":0,"15":0,"16":0,"17":0,"18":0,"19":0,"20":0,"21":0,"22":0,"23":0,"24":0,"25":0,"26":0,"27":0,"28":0,"29":0,"30":0,"31":0,"32":0,"33":0,"34":0,"35":0,"36":0,"37":0,"38":0,"39":0,"40":0,"41":0,"42":0,"43":0,"44":0,"45":0,"46":0,"47":0,"48":0,"49":0,"50":0,"51":0,"52":0,"53":0,"54":0,"55":0,"56":0,"57":0,"58":0,"59":0,"60":0,"61":0,"62":0,"63":0,"64":0,"65":0,"66":0},"f":{"0":0,"1":0,"2":0,"3":0,"4":0,"5":0,"6":0,"7":0,"8":0,"9":0,"10":0,"11":0,"12":0,"13":0,"14":0,"15":0},"b":{"0":[0,0],"1":[0,0],"2":[0,0],"3":[0,0],"4":[0,0],"5":[0,0],"6":[0,0],"7":[0,0],"8":[0,0],"9":[0,0],"10":[0,0],"11":[0,0],"12":[0,0],"13":[0,0],"14":[0,0],"15":[0,0,0],"16":[0,0],"17":[0,0],"18":[0,0],"19":[0,0],"20":[0,0]}}
,"/Users/tommac/Desktop/solo/my2light-mobile/app/record/index.tsx": {"path":"/Users/tommac/Desktop/solo/my2light-mobile/app/record/index.tsx","statementMap":{"0":{"start":{"line":9,"column":4},"end":{"line":9,"column":48}}},"fnMap":{"0":{"name":"RecordIndex","decl":{"start":{"line":8,"column":24},"end":{"line":8,"column":35}},"loc":{"start":{"line":8,"column":38},"end":{"line":10,"column":1}},"line":8}},"branchMap":{},"s":{"0":0},"f":{"0":0},"b":{}}
,"/Users/tommac/Desktop/solo/my2light-mobile/app/record/preview.tsx": {"path":"/Users/tommac/Desktop/solo/my2light-mobile/app/record/preview.tsx","statementMap":{"0":{"start":{"line":35,"column":19},"end":{"line":35,"column":30}},"1":{"start":{"line":36,"column":19},"end":{"line":36,"column":38}},"2":{"start":{"line":37,"column":20},"end":{"line":37,"column":59}},"3":{"start":{"line":39,"column":96},"end":{"line":39,"column":115}},"4":{"start":{"line":40,"column":32},"end":{"line":40,"column":47}},"5":{"start":{"line":43,"column":23},"end":{"line":47,"column":5}},"6":{"start":{"line":44,"column":21},"end":{"line":44,"column":45}},"7":{"start":{"line":45,"column":21},"end":{"line":45,"column":45}},"8":{"start":{"line":46,"column":8},"end":{"line":46,"column":89}},"9":{"start":{"line":50,"column":34},"end":{"line":53,"column":5}},"10":{"start":{"line":51,"column":24},"end":{"line":51,"column":64}},"11":{"start":{"line":52,"column":8},"end":{"line":52,"column":77}},"12":{"start":{"line":55,"column":24},"end":{"line":68,"column":5}},"13":{"start":{"line":56,"column":8},"end":{"line":67,"column":10}},"14":{"start":{"line":64,"column":35},"end":{"line":64,"column":60}},"15":{"start":{"line":70,"column":31},"end":{"line":91,"column":5}},"16":{"start":{"line":71,"column":8},"end":{"line":71,"column":25}},"17":{"start":{"line":71,"column":18},"end":{"line":71,"column":25}},"18":{"start":{"line":73,"column":8},"end":{"line":90,"column":9}},"19":{"start":{"line":74,"column":12},"end":{"line":74,"column":28}},"20":{"start":{"line":75,"column":12},"end":{"line":75,"column":28}},"21":{"start":{"line":77,"column":31},"end":{"line":77,"column":75}},"22":{"start":{"line":78,"column":12},"end":{"line":81,"column":13}},"23":{"start":{"line":79,"column":16},"end":{"line":79,"column":79}},"24":{"start":{"line":80,"column":16},"end":{"line":80,"column":23}},"25":{"start":{"line":83,"column":12},"end":{"line":83,"column":55}},"26":{"start":{"line":84,"column":12},"end":{"line":84,"column":77}},"27":{"start":{"line":86,"column":12},"end":{"line":86,"column":48}},"28":{"start":{"line":87,"column":12},"end":{"line":87,"column":54}},"29":{"start":{"line":89,"column":12},"end":{"line":89,"column":29}},"30":{"start":{"line":93,"column":34},"end":{"line":102,"column":5}},"31":{"start":{"line":94,"column":8},"end":{"line":97,"column":9}},"32":{"start":{"line":95,"column":12},"end":{"line":95,"column":76}},"33":{"start":{"line":96,"column":12},"end":{"line":96,
[...]
,"/Users/tommac/Desktop/solo/my2light-mobile/src/lib/haptics.ts": {"path":"/Users/tommac/Desktop/solo/my2light-mobile/src/lib/haptics.ts","statementMap":{"0":{"start":{"line":6,"column":23},"end":{"line":41,"column":1}},"1":{"start":{"line":10,"column":17},"end":{"line":10,"column":71}},"2":{"start":{"line":15,"column":18},"end":{"line":15,"column":73}},"3":{"start":{"line":20,"column":17},"end":{"line":20,"column":71}},"4":{"start":{"line":25,"column":19},"end":{"line":25,"column":86}},"5":{"start":{"line":30,"column":19},"end":{"line":30,"column":86}},"6":{"start":{"line":35,"column":17},"end":{"line":35,"column":82}},"7":{"start":{"line":40,"column":21},"end":{"line":40,"column":45}}},"fnMap":{"0":{"name":"(anonymous_0)","decl":{"start":{"line":10,"column":11},"end":{"line":10,"column":12}},"loc":{"start":{"line":10,"column":17},"end":{"line":10,"column":71}},"line":10},"1":{"name":"(anonymous_1)","decl":{"start":{"line":15,"column":12},"end":{"line":15,"column":13}},"loc":{"start":{"line":15,"column":18},"end":{"line":15,"column":73}},"line":15},"2":{"name":"(anonymous_2)","decl":{"start":{"line":20,"column":11},"end":{"line":20,"column":12}},"loc":{"start":{"line":20,"column":17},"end":{"line":20,"column":71}},"line":20},"3":{"name":"(anonymous_3)","decl":{"start":{"line":25,"column":13},"end":{"line":25,"column":14}},"loc":{"start":{"line":25,"column":19},"end":{"line":25,"column":86}},"line":25},"4":{"name":"(anonymous_4)","decl":{"start":{"line":30,"column":13},"end":{"line":30,"column":14}},"loc":{"start":{"line":30,"column":19},"end":{"line":30,"column":86}},"line":30},"5":{"name":"(anonymous_5)","decl":{"start":{"line":35,"column":11},"end":{"line":35,"column":12}},"loc":{"start":{"line":35,"column":17},"end":{"line":35,"column":82}},"line":35},"6":{"name":"(anonymous_6)","decl":{"start":{"line":40,"column":15},"end":{"line":40,"column":16}},"loc":{"start":{"line":40,"column":21},"end":{"line":40,"column":45}},"line":40}},"branchMap":{},"s":{"0":0,"1":0,"2":0,"3":0,"4":0,"5":0,"6":0,"7":0},"f":{"0":0,"1":0,"2":0,"3":0,"4":0,"5":0,"6":0},"b":{}}
,"/Users/tommac/Desktop/solo/my2light-mobile/src/lib/supabase.ts": {"path":"/Users/tommac/Desktop/solo/my2light-mobile/src/lib/supabase.ts","statementMap":{"0":{"start":{"line":4,"column":20},"end":{"line":4,"column":62}},"1":{"start":{"line":5,"column":24},"end":{"line":5,"column":71}},"2":{"start":{"line":7,"column":24},"end":{"line":14,"column":2}},"3":{"start":{"line":17,"column":36},"end":{"line":19,"column":1}},"4":{"start":{"line":18,"column":4},"end":{"line":18,"column":64}}},"fnMap":{"0":{"name":"(anonymous_0)","decl":{"start":{"line":17,"column":36},"end":{"line":17,"column":37}},"loc":{"start":{"line":17,"column":42},"end":{"line":19,"column":1}},"line":17}},"branchMap":{"0":{"loc":{"start":{"line":4,"column":20},"end":{"line":4,"column":62}},"type":"binary-expr","locations":[{"start":{"line":4,"column":20},"end":{"line":4,"column":56}},{"start":{"line":4,"column":60},"end":{"line":4,"column":62}}],"line":4},"1":{"loc":{"start":{"line":5,"column":24},"end":{"line":5,"column":71}},"type":"binary-expr","locations":[{"start":{"line":5,"column":24},"end":{"line":5,"column":65}},{"start":{"line":5,"column":69},"end":{"line":5,"column":71}}],"line":5},"2":{"loc":{"start":{"line":18,"column":11},"end":{"line":18,"column":63}},"type":"binary-expr","locations":[{"start":{"line":18,"column":11},"end":{"line":18,"column":33}},{"start":{"line":18,"column":37},"end":{"line":18,"column":63}}],"line":18}},"s":{"0":0,"1":0,"2":0,"3":0,"4":0},"f":{"0":0},"b":{"0":[0,0],"1":[0,0],"2":[0,0]}}
,"/Users/tommac/Desktop/solo/my2light-mobile/src/shared/components/AnimatedPressable.tsx": {"path":"/Users/tommac/Desktop/solo/my2light-mobile/src/shared/components/AnimatedPressable.tsx","statementMap":{"0":{"start":{"line":16,"column":35},"end":{"line":16,"column":78}},"1":{"start":{"line":39,"column":18},"end":{"line":39,"column":35}},"2":{"start":{"line":40,"column":20},"end":{"line":40,"column":37}},"3":{"start":{"line":42,"column":26},"end":{"line":45,"column":7}},"4":{"start":{"line":42,"column":50},"end":{"line":45,"column":5}},"5":{"start":{"line":47,"column":26},"end":{"line":51,"column":31}},"6":{"start":{"line":48,"column":8},"end":{"line":48,"column":78}},"7":{"start":{"line":49,"column":8},"end":{"line":49,"column":59}},"8":{"start":{"line":50,"column":8},"end":{"line":50,"column":27}},"9":{"start":{"line":53,"column":27},"end":{"line":57,"column":20}},"10":{"start":{"line":54,"column":8},"end":{"line":54,"column":69}},"11":{"start":{"line":55,"column":8},"end":{"line":55,"column":57}},"12":{"start":{"line":56,"column":8},"end":{"line":56,"column":28}},"13":{"start":{"line":59,"column":24},"end":{"line":64,"column":45}},"14":{"start":{"line":60,"column":8},"end":{"line":62,"column":9}},"15":{"start":{"line":61,"column":12},"end":{"line":61,"column":35}},"16":{"start":{"line":63,"column":8},"end":{"line":63,"column":25}},"17":{"start":{"line":66,"column":4},"end":{"line":76,"column":6}}},"fnMap":{"0":{"name":"AnimatedPressable","decl":{"start":{"line":28,"column":16},"end":{"line":28,"column":33}},"loc":{"start":{"line":38,"column":27},"end":{"line":77,"column":1}},"line":38},"1":{"name":"(anonymous_1)","decl":{"start":{"line":42,"column":43},"end":{"line":42,"column":44}},"loc":{"start":{"line":42,"column":50},"end":{"line":45,"column":5}},"line":42},"2":{"name":"(anonymous_2)","decl":{"start":{"line":47,"column":38},"end":{"line":47,"column":39}},"loc":{"start":{"line":47,"column":54},"end":{"line":51,"column":5}},"line":47},"3":{"name":"(anonymous_3)","decl":{"start":{"line":53,"column":39},"end":{"line":53,"column":40}},"loc":{"start":{"line":53,"column":55},"end":{"line":57,"column":5}},"line":53},"4":{"name":"(anonymous_4)","decl":{"start":{"line":59,"column":36},"end":{"line":59,"column":37}},"loc":{"start":{"line":59,"column":52},"end":{"line":64,"column":5}},"line":59}},"branchMap":{"0":{"loc":{"start":{"line":33,"column":4},"end":{"line":33,"column":21}},"type":"default-arg","locations":[{"start":{"line":33,"column":17},"end":{"line":33,"column":21}}],"line":33},"1":{"loc":{"start":{"line":34,"column":4},"end":{"line":34,"column":25}},"type":"default-arg","locations":[{"start":{"line":34,"column":18},"end":{"line":34,"column":25}}],"line":34},"2":{"loc":{"start":{"line":35,"column":4},"end":{"line":35,"column":24}},"type":"default-arg","locations":[{"start":{"line":35,"column":20},"end":{"line":35,"column":24}}],"line":35},"3":{"loc":{"start":{"line":60,"column":8},"end":{"line":62,"column":9}},"type":"if","locations":[{"start":{"line":60,"column":8},"end":{"line":62,"column":9}},{"start":{},"end":{}}],"line":60}},"s":{"0":0,"1":0,"2":0,"3":0,"4":0,"5":0,"6":0,"7":0,"8":0,"9":0,"10":0,"11":0,"12":0,"13":0,"14":0,"15":0,"16":0,"17":0},"f":{"0":0,"1":0,"2":0,"3":0,"4":0},"b":{"0":[0],"1":[0],"2":[0],"3":[0,0]}}
,"/Users/tommac/Desktop/solo/my2light-mobile/src/shared/constants/theme.ts": {"path":"/Users/tommac/Desktop/solo/my2light-mobile/src/shared/constants/theme.ts","statementMap":{"0":{"start":{"line":2,"column":22},"end":{"line":29,"column":1}},"1":{"start":{"line":31,"column":23},"end":{"line":38,"column":1}},"2":{"start":{"line":40,"column":28},"end":{"line":46,"column":1}},"3":{"start":{"line":48,"column":24},"end":{"line":56,"column":1}},"4":{"start":{"line":58,"column":26},"end":{"line":63,"column":1}}},"fnMap":{},"branchMap":{},"s":{"0":0,"1":0,"2":0,"3":0,"4":0},"f":{},"b":{}}
,"/Users/tommac/Desktop/solo/my2light-mobile/stores/authStore.ts": {"path":"/Users/tommac/Desktop/solo/my2light-mobile/stores/authStore.ts","statementMap":{"0":{"start":{"line":20,"column":28},"end":{"line":109,"column":3}},"1":{"start":{"line":20,"column":61},"end":{"line":109,"column":1}},"2":{"start":{"line":27,"column":8},"end":{"line":48,"column":9}},"3":{"start":{"line":29,"column":42},"end":{"line":29,"column":74}},"4":{"start":{"line":31,"column":12},"end":{"line":36,"column":15}},"5":{"start":{"line":39,"column":12},"end":{"line":44,"column":15}},"6":{"start":{"line":40,"column":16},"end":{"line":43,"column":19}},"7":{"start":{"line":46,"column":12},"end":{"line":46,"column":63}},"8":{"start":{"line":47,"column":12},"end":{"line":47,"column":55}},"9":{"start":{"line":52,"column":8},"end":{"line":52,"column":31}},"10":{"start":{"line":53,"column":8},"end":{"line":71,"column":9}},"11":{"start":{"line":54,"column":36},"end":{"line":57,"column":14}},"12":{"start":{"line":59,"column":12},"end":{"line":59,"column":35}},"13":{"start":{"line":59,"column":23},"end":{"line":59,"column":35}},"14":{"start":{"line":61,"column":12},"end":{"line":65,"column":15}},"15":{"start":{"line":67,"column":12},"end":{"line":67,"column":35}},"16":{"start":{"line":69,"column":12},"end":{"line":69,"column":36}},"17":{"start":{"line":70,"column":12},"end":{"line":70,"column":45}},"18":{"start":{"line":75,"column":8},"end":{"line":75,"column":31}},"19":{"start":{"line":76,"column":8},"end":{"line":94,"column":9}},"20":{"start":{"line":77,"column":36},"end":{"line":80,"column":14}},"21":{"start":{"line":82,"column":12},"end":{"line":82,"column":35}},"22":{"start":{"line":82,"column":23},"end":{"line":82,"column":35}},"23":{"start":{"line":84,"column":12},"end":{"line":88,"column":15}},"24":{"start":{"line":90,"column":12},"end":{"line":90,"column":35}},"25":{"start":{"line":92,"column":12},"end":{"line":92,"column":36}},"26":{"start":{"line":93,"column":12},"end":{"line":93,"column":45}},"27":{"start":{"line":98,"column":8},"end":{"line":98,"column":31}},"28":{"start":{"line":99,"column":8},"end":{"line":99,"column":38}},"29":{"start":{"line":100,"column":8},"end":{"line":104,"column":11}},"30":{"start":{"line":107,"column":23},"end":{"line":107,"column":36}},"31":{"start":{"line":108,"column":29},"end":{"line":108,"column":45}}},"fnMap":{"0":{"name":"(anonymous_0)","decl":{"start":{"line":20,"column":46},"end":{"line":20,"column":47}},"loc":{"start":{"line":20,"column":61},"end":{"line":109,"column":1}},"line":20},"1":{"name":"(anonymous_1)","decl":{"start":{"line":26,"column":16},"end":{"line":26,"column":17}},"loc":{"start":{"line":26,"column":28},"end":{"line":49,"column":5}},"line":26},"2":{"name":"(anonymous_2)","decl":{"start":{"line":39,"column":44},"end":{"line":39,"column":45}},"loc":{"start":{"line":39,"column":65},"end":{"line":44,"column":13}},"line":39},"3":{"name":"(anonymous_3)","decl":{"start":{"line":51,"column":12},"end":{"line":51,"column":13}},"loc":{"start":{"line":51,"column":55},"end":{"line":72,"column":5}},"line":51},"4":{"name":"(anonymous_4)","decl":{"start":{"line":74,"column":12},"end":{"line":74,"column":13}},"loc":{"start":{"line":74,"column":55},"end":{"line":95,"column":5}},"line":74},"5":{"name":"(anonymous_5)","decl":{"start":{"line":97,"column":13},"end":{"line":97,"column":14}},"loc":{"start":{"line":97,"column":25},"end":{"line":105,"column":5}},"line":97},"6":{"name":"(anonymous_6)","decl":{"start":{"line":107,"column":13},"end":{"line":107,"column":14}},"loc":{"start":{"line":107,"column":23},"end":{"line":107,"column":36}},"line":107},"7":{"name":"(anonymous_7)","decl":{"start":{"line":108,"column":16},"end":{"line":108,"column":17}},"loc":{"start":{"line":108,"column":29},"end":{"line":108,"column":45}},"line":108}},"branchMap":{"0":{"loc":{"start":{"line":33,"column":22},"end":{"line":33,"column":43}},"type":"binary-expr","locations":[{"start":{"line":33,"column":22},"end":{"line":33,"column":35}},{"start":{"line":33,"column":39},"end":{"line":33,"column":43}}],"line":33},"1":{"loc":{"start":{"line":42,"column":26},"end":{"line":42,"column":47}},"type":"binary-expr","locations":[{"start":{"line":42,"column":26},"end":{"line":42,"column":39}},{"start":{"line":42,"column":43},"end":{"line":42,"column":47}}],"line":42},"2":{"loc":{"start":{"line":59,"column":12},"end":{"line":59,"column":35}},"type":"if","locations":[{"start":{"line":59,"column":12},"end":{"line":59,"column":35}},{"start":{},"end":{}}],"line":59},"3":{"loc":{"start":{"line":82,"column":12},"end":{"line":82,"column":35}},"type":"if","locations":[{"start":{"line":82,"column":12},"end":{"line":82,"column":35}},{"start":{},"end":{}}],"line":82}},"s":{"0":0,"1":0,"2":0,"3":0,"4":0,"5":0,"6":0,"7":0,"8":0,"9":0,"10":0,"11":0,"12":0,"13":0,"14":0,"15":0,"16":0,"17":0,"18":0,"19":0,"20":0,"21":0,"22":0,"23":0,"24":0,"25":0,"26":0,"27":0,"28":0,"29":0,"30":0,"31":0},"f":{"0":0,"1":0,"2":0,"3":0,"4":0,"5":0,"6":0,"7":0},"b":{"0":[0,0],"1":[0,0],"2":[0,0],"3":[0,0]}}
,"/Users/tommac/Desktop/solo/my2light-mobile/stores/recordingStore.ts": {"path":"/Users/tommac/Desktop/solo/my2light-mobile/stores/recordingStore.ts","statementMap":{"0":{"start":{"line":48,"column":33},"end":{"line":136,"column":3}},"1":{"start":{"line":48,"column":71},"end":{"line":136,"column":1}},"2":{"start":{"line":56,"column":8},"end":{"line":58,"column":11}},"3":{"start":{"line":56,"column":24},"end":{"line":58,"column":9}},"4":{"start":{"line":61,"column":8},"end":{"line":63,"column":11}},"5":{"start":{"line":61,"column":24},"end":{"line":63,"column":9}},"6":{"start":{"line":72,"column":26},"end":{"line":78,"column":6}},"7":{"start":{"line":80,"column":33},"end":{"line":83,"column":6}},"8":{"start":{"line":86,"column":22},"end":{"line":86,"column":27}},"9":{"start":{"line":87,"column":28},"end":{"line":87,"column":45}},"10":{"start":{"line":88,"column":25},"end":{"line":88,"column":57}},"11":{"start":{"line":89,"column":32},"end":{"line":89,"column":59}},"12":{"start":{"line":92,"column":26},"end":{"line":92,"column":61}},"13":{"start":{"line":94,"column":46},"end":{"line":99,"column":9}},"14":{"start":{"line":101,"column":8},"end":{"line":101,"column":65}},"15":{"start":{"line":104,"column":29},"end":{"line":106,"column":7}},"16":{"start":{"line":104,"column":45},"end":{"line":106,"column":5}},"17":{"start":{"line":105,"column":51},"end":{"line":105,"column":62}},"18":{"start":{"line":108,"column":24},"end":{"line":115,"column":6}},"19":{"start":{"line":117,"column":33},"end":{"line":117,"column":59}},"20":{"start":{"line":122,"column":38},"end":{"line":129,"column":6}},"21":{"start":{"line":123,"column":27},"end":{"line":123,"column":66}},"22":{"start":{"line":124,"column":8},"end":{"line":128,"column":10}},"23":{"start":{"line":126,"column":61},"end":{"line":126,"column":71}},"24":{"start":{"line":131,"column":31},"end":{"line":133,"column":7}},"25":{"start":{"line":131,"column":47},"end":{"line":133,"column":5}},"26":{"start":{"line":132,"column":58},"end":{"line":132,"column":62}},"27":{"start":{"line":135,"column":26},"end":{"line":135,"column":59}}},"fnMap":{"0":{"name":"(anonymous_0)","decl":{"start":{"line":48,"column":56},"end":{"line":48,"column":57}},"loc":{"start":{"line":48,"column":71},"end":{"line":136,"column":1}},"line":48},"1":{"name":"(anonymous_1)","decl":{"start":{"line":55,"column":28},"end":{"line":55,"column":29}},"loc":{"start":{"line":56,"column":8},"end":{"line":58,"column":11}},"line":56},"2":{"name":"(anonymous_2)","decl":{"start":{"line":56,"column":12},"end":{"line":56,"column":13}},"loc":{"start":{"line":56,"column":24},"end":{"line":58,"column":9}},"line":56},"3":{"name":"(anonymous_3)","decl":{"start":{"line":60,"column":26},"end":{"line":60,"column":27}},"loc":{"start":{"line":61,"column":8},"end":{"line":63,"column":11}},"line":61},"4":{"name":"(anonymous_4)","decl":{"start":{"line":61,"column":12},"end":{"line":61,"column":13}},"loc":{"start":{"line":61,"column":24},"end":{"line":63,"column":9}},"line":61},"5":{"name":"(anonymous_5)","decl":{"start":{"line":72,"column":20},"end":{"line":72,"column":21}},"loc":{"start":{"line":72,"column":26},"end":{"line":78,"column":6}},"line":72},"6":{"name":"(anonymous_6)","decl":{"start":{"line":80,"column":19},"end":{"line":80,"column":20}},"loc":{"start":{"line":80,"column":33},"end":{"line":83,"column":6}},"line":80},"7":{"name":"(anonymous_7)","decl":{"start":{"line":85,"column":18},"end":{"line":85,"column":19}},"loc":{"start":{"line":85,"column":24},"end":{"line":102,"column":5}},"line":85},"8":{"name":"(anonymous_8)","decl":{"start":{"line":104,"column":21},"end":{"line":104,"column":22}},"loc":{"start":{"line":104,"column":29},"end":{"line":106,"column":7}},"line":104},"9":{"name":"(anonymous_9)","decl":{"start":{"line":104,"column":33},"end":{"line":104,"column":34}},"loc":{"start":{"line":104,"column":45},"end":{"line":106,"column":5}},"line":104},"10":{"name":"(anonymous_10)","decl":{"start":{"line":105,"column":44},"end":{"line":105,"column":45}},"loc":{"start":{"line":105,"column":51},"end":{"line":105,"column":62}},"line":105},"11":{"name":"(anonymous_11)","decl":{"start":{"line":108,"column":18},"end":{"line":108,"column":19}},"loc":{"start":{"line":108,"column":24},"end":{"line":115,"column":6}},"line":108},"12":{"name":"(anonymous_12)","decl":{"start":{"line":117,"column":23},"end":{"line":117,"column":24}},"loc":{"start":{"line":117,"column":33},"end":{"line":117,"column":59}},"line":117},"13":{"name":"(anonymous_13)","decl":{"start":{"line":122,"column":30},"end":{"line":122,"column":31}},"loc":{"start":{"line":122,"column":38},"end":{"line":129,"column":6}},"line":122},"14":{"name":"(anonymous_14)","decl":{"start":{"line":122,"column":42},"end":{"line":122,"column":43}},"loc":{"start":{"line":122,"column":53},"end":{"line":129,"column":5}},"line":122},"15":{"name":"(anonymous_15)","decl":{"start":{"line":126,"column":52},"end":{"line":126,"column":53}},"loc":{"start":{"line":126,"column":61},"end":{"line":126,"column":71}},"line":126},"16":{"name":"(anonymous_16)","decl":{"start":{"line":131,"column":25},"end":{"line":131,"column":26}},"loc":{"start":{"line":131,"column":31},"end":{"line":133,"column":7}},"line":131},"17":{"name":"(anonymous_17)","decl":{"start":{"line":131,"column":35},"end":{"line":131,"column":36}},"loc":{"start":{"line":131,"column":47},"end":{"line":133,"column":5}},"line":131},"18":{"name":"(anonymous_18)","decl":{"start":{"line":132,"column":51},"end":{"line":132,"column":52}},"loc":{"start":{"line":132,"column":58},"end":{"line":132,"column":62}},"line":132},"19":{"name":"(anonymous_19)","decl":{"start":{"line":135,"column":20},"end":{"line":135,"column":21}},"loc":{"start":{"line":135,"column":26},"end":{"line":135,"column":59}},"line":135}},"branchMap":{"0":{"loc":{"start":{"line":125,"column":34},"end":{"line":127,"column":53}},"type":"cond-expr","locations":[{"start":{"line":126,"column":18},"end":{"line":126,"column":72}},{"start":{"line":127,"column":18},"end":{"line":127,"column":53}}],"line":125}},"s":{"0":0,"1":0,"2":0,"3":0,"4":0,"5":0,"6":0,"7":0,"8":0,"9":0,"10":0,"11":0,"12":0,"13":0,"14":0,"15":0,"16":0,"17":0,"18":0,"19":0,"20":0,"21":0,"22":0,"23":0,"24":0,"25":0,"26":0,"27":0},"f":{"0":0,"1":0,"2":0,"3":0,"4":0,"5":0,"6":0,"7":0,"8":0,"9":0,"10":0,"11":0,"12":0,"13":0,"14":0,"15":0,"16":0,"17":0,"18":0,"19":0},"b":{"0":[0,0]}}
,"/Users/tommac/Desktop/solo/my2light-mobile/tests/jest.d.ts": {"path":"/Users/tommac/Desktop/solo/my2light-mobile/tests/jest.d.ts","statementMap":{},"fnMap":{},"branchMap":{},"s":{},"f":{},"b":{}}
,"/Users/tommac/Desktop/solo/my2light-mobile/types/index.ts": {"path":"/Users/tommac/Desktop/solo/my2light-mobile/types/index.ts","statementMap":{},"fnMap":{},"branchMap":{},"s":{},"f":{},"b":{}}
}
