{"/Users/tommac/Desktop/Solo Builder/my2light-mobile/hooks/useApi.ts": {"path":"/Users/tommac/Desktop/Solo Builder/my2light-mobile/hooks/useApi.ts","statementMap":{"0":{"start":{"line":43,"column":0},"end":{"line":43,"column":16}},"1":{"start":{"line":54,"column":0},"end":{"line":54,"column":16}},"2":{"start":{"line":66,"column":0},"end":{"line":66,"column":16}},"3":{"start":{"line":90,"column":0},"end":{"line":90,"column":16}},"4":{"start":{"line":103,"column":0},"end":{"line":103,"column":16}},"5":{"start":{"line":114,"column":0},"end":{"line":114,"column":16}},"6":{"start":{"line":127,"column":0},"end":{"line":127,"column":16}},"7":{"start":{"line":139,"column":0},"end":{"line":139,"column":16}},"8":{"start":{"line":150,"column":0},"end":{"line":150,"column":16}},"9":{"start":{"line":162,"column":0},"end":{"line":162,"column":16}},"10":{"start":{"line":173,"column":0},"end":{"line":173,"column":16}},"11":{"start":{"line":185,"column":0},"end":{"line":185,"column":16}},"12":{"start":{"line":196,"column":0},"end":{"line":196,"column":16}},"13":{"start":{"line":209,"column":0},"end":{"line":209,"column":16}},"14":{"start":{"line":220,"column":0},"end":{"line":220,"column":16}},"15":{"start":{"line":231,"column":0},"end":{"line":231,"column":16}},"16":{"start":{"line":242,"column":0},"end":{"line":242,"column":16}},"17":{"start":{"line":254,"column":0},"end":{"line":254,"column":16}},"18":{"start":{"line":1,"column":0},"end":{"line":1,"column":78}},"19":{"start":{"line":2,"column":0},"end":{"line":2,"column":45}},"20":{"start":{"line":6,"column":13},"end":{"line":40,"column":2}},"21":{"start":{"line":9,"column":21},"end":{"line":9,"column":67}},"22":{"start":{"line":10,"column":33},"end":{"line":10,"column":86}},"23":{"start":{"line":11,"column":34},"end":{"line":11,"column":88}},"24":{"start":{"line":15,"column":21},"end":{"line":15,"column":63}},"25":{"start":{"line":16,"column":32},"end":{"line":16,"column":80}},"26":{"start":{"line":24,"column":23},"end":{"line":24,"column":70}},"27":{"start":{"line":25,"column":22},"end":{"line":25,"column":68}},"28":{"start":{"line":29,"column":20},"end":{"line":29,"column":63}},"29":{"start":{"line":33,"column":20},"end":{"line":33,"column":69}},"30":{"start":{"line":34,"column":27},"end":{"line":34,"column":83}},"31":{"start":{"line":38,"column":20},"end":{"line":38,"column":68}},"32":{"start":{"line":44,"column":4},"end":{"line":51,"column":7}},"33":{"start":{"line":47,"column":27},"end":{"line":47,"column":64}},"34":{"start":{"line":48,"column":12},"end":{"line":48,"column":31}},"35":{"start":{"line":55,"column":4},"end":{"line":63,"column":7}},"36":{"start":{"line":58,"column":27},"end":{"line":58,"column":76}},"37":{"start":{"line":59,"column":12},"end":{"line":59,"column":31}},"38":{"start":{"line":67,"column":24},"end":{"line":67,"column":40}},"39":{"start":{"line":69,"column":4},"end":{"line":87,"column":7}},"40":{"start":{"line":77,"column":12},"end":{"line":82,"column":null}},"41":{"start":{"line":85,"column":12},"end":{"line":85,"column":82}},"42":{"start":{"line":91,"column":24},"end":{"line":91,"column":40}},"43":{"start":{"line":93,"column":4},"end":{"line":99,"column":7}},"44":{"start":{"line":95,"column":12},"end":{"line":95,"column":90}},"45":{"start":{"line":97,"column":12},"end":{"line":97,"column":82}},"46":{"start":{"line":104,"column":4},"end":{"line":111,"column":7}},"47":{"start":{"line":107,"column":27},"end":{"line":107,"column":55}},"48":{"start":{"line":108,"column":12},"end":{"line":108,"column":31}},"49":{"start":{"line":115,"column":4},"end":{"line":123,"column":7}},"50":{"start":{"line":118,"column":27},"end":{"line":118,"column":60}},"51":{"start":{"line":119,"column":12},"end":{"line":119,"column":31}},"52":{"start":{"line":128,"column":4},"end":{"line":136,"column":7}},"53":{"start":{"line":131,"column":27},"end":{"line":131,"column":60}},"54":{"start":{"line":132,"column":12},"end":{"line":132,"column":31}},"55":{"start":{"line":140,"column":24},"end":{"line":140,"column":40}},"56":{"start":{"line":142,"column":4},"end":{"line":147,"column":7}},"57":{"start":{"line":143,"column":38},"end":{"line":143,"column":75}},"58":{"start":{"line":145,"column":12},"end":{"line":145,"column":80}},"59":{"start":{"line":151,"column":4},"end":{"line":158,"column":7}},"60":{"start":{"line":154,"column":27},"end":{"line":154,"column":60}},"61":{"start":{"line":155,"column":12},"end":{"line":155,"column":31}},"62":{"start":{"line":163,"column":4},"end":{"line":170,"column":7}},"63":{"start":{"line":166,"column":27},"end":{"line":166,"column":63}},"64":{"start":{"line":167,"column":12},"end":{"line":167,"column":31}},"65":{"start":{"line":174,"column":4},"end":{"line":181,"column":7}},"66":{"start":{"line":177,"column":27},"end":{"line":177,"column":62}},"67":{"start":{"line":178,"column":12},"end":{"line":178,"column":31}},"68":{"start":{"line":186,"column":4},"end":{"line":193,"column":7}},"69":{"start":{"line":189,"column":27},"end":{"line":189,"column":62}},"70":{"start":{"line":190,"column":12},"end":{"line":190,"column":31}},"71":{"start":{"line":197,"column":24},"end":{"line":197,"column":40}},"72":{"start":{"line":199,"column":4},"end":{"line":205,"column":7}},"73":{"start":{"line":201,"column":12},"end":{"line":201,"column":50}},"74":{"start":{"line":203,"column":12},"end":{"line":203,"column":79}},"75":{"start":{"line":210,"column":4},"end":{"line":217,"column":7}},"76":{"start":{"line":213,"column":27},"end":{"line":213,"column":67}},"77":{"start":{"line":214,"column":12},"end":{"line":214,"column":31}},"78":{"start":{"line":221,"column":4},"end":{"line":228,"column":7}},"79":{"start":{"line":224,"column":27},"end":{"line":224,"column":72}},"80":{"start":{"line":225,"column":12},"end":{"line":225,"column":31}},"81":{"start":{"line":232,"column":24},"end":{"line":232,"column":40}},"82":{"start":{"line":234,"column":4},"end":{"line":239,"column":7}},"83":{"start":{"line":235,"column":48},"end":{"line":235,"column":95}},"84":{"start":{"line":237,"column":12},"end":{"line":237,"column":85}},"85":{"start":{"line":243,"column":24},"end":{"line":243,"column":40}},"86":{"start":{"line":245,"column":4},"end":{"line":250,"column":7}},"87":{"start":{"line":246,"column":26},"end":{"line":246,"column":63}},"88":{"start":{"line":248,"column":12},"end":{"line":248,"column":85}},"89":{"start":{"line":255,"column":4},"end":{"line":262,"column":7}},"90":{"start":{"line":258,"column":27},"end":{"line":258,"column":66}},"91":{"start":{"line":259,"column":12},"end":{"line":259,"column":31}}},"fnMap":{"0":{"name":"(anonymous_0)","decl":{"start":{"line":9,"column":15},"end":{"line":9,"column":18}},"loc":{"start":{"line":9,"column":21},"end":{"line":9,"column":67}}},"1":{"name":"(anonymous_1)","decl":{"start":{"line":10,"column":14},"end":{"line":10,"column":15}},"loc":{"start":{"line":10,"column":33},"end":{"line":10,"column":86}}},"2":{"name":"(anonymous_2)","decl":{"start":{"line":11,"column":14},"end":{"line":11,"column":15}},"loc":{"start":{"line":11,"column":34},"end":{"line":11,"column":88}}},"3":{"name":"(anonymous_3)","decl":{"start":{"line":15,"column":15},"end":{"line":15,"column":18}},"loc":{"start":{"line":15,"column":21},"end":{"line":15,"column":63}}},"4":{"name":"(anonymous_4)","decl":{"start":{"line":16,"column":16},"end":{"line":16,"column":17}},"loc":{"start":{"line":16,"column":32},"end":{"line":16,"column":80}}},"5":{"name":"(anonymous_5)","decl":{"start":{"line":24,"column":17},"end":{"line":24,"column":20}},"loc":{"start":{"line":24,"column":23},"end":{"line":24,"column":70}}},"6":{"name":"(anonymous_6)","decl":{"start":{"line":25,"column":16},"end":{"line":25,"column":19}},"loc":{"start":{"line":25,"column":22},"end":{"line":25,"column":68}}},"7":{"name":"(anonymous_7)","decl":{"start":{"line":29,"column":14},"end":{"line":29,"column":17}},"loc":{"start":{"line":29,"column":20},"end":{"line":29,"column":63}}},"8":{"name":"(anonymous_8)","decl":{"start":{"line":33,"column":14},"end":{"line":33,"column":17}},"loc":{"start":{"line":33,"column":20},"end":{"line":33,"column":69}}},"9":{"name":"(anonymous_9)","decl":{"start":{"line":34,"column":21},"end":{"line":34,"column":24}},"loc":{"start":{"line":34,"column":27},"end":{"line":34,"column":83}}},"10":{"name":"(anonymous_10)","decl":{"start":{"line":38,"column":14},"end":{"line":38,"column":17}},"loc":{"start":{"line":38,"column":20},"end":{"line":38,"column":68}}},"11":{"name":"useHighlights","decl":{"start":{"line":43,"column":16},"end":{"line":43,"column":29}},"loc":{"start":{"line":43,"column":48},"end":{"line":52,"column":1}}},"12":{"name":"(anonymous_12)","decl":{"start":{"line":46,"column":17},"end":{"line":46,"column":22}},"loc":{"start":{"line":46,"column":28},"end":{"line":49,"column":9}}},"13":{"name":"useUserHighlights","decl":{"start":{"line":54,"column":16},"end":{"line":54,"column":33}},"loc":{"start":{"line":54,"column":68},"end":{"line":64,"column":1}}},"14":{"name":"(anonymous_14)","decl":{"start":{"line":57,"column":17},"end":{"line":57,"column":22}},"loc":{"start":{"line":57,"column":28},"end":{"line":60,"column":9}}},"15":{"name":"useCreateHighlight","decl":{"start":{"line":66,"column":16},"end":{"line":66,"column":34}},"loc":{"start":{"line":66,"column":34},"end":{"line":88,"column":1}}},"16":{"name":"(anonymous_16)","decl":{"start":{"line":70,"column":20},"end":{"line":70,"column":21}},"loc":{"start":{"line":77,"column":12},"end":{"line":82,"column":null}}},"17":{"name":"(anonymous_17)","decl":{"start":{"line":84,"column":19},"end":{"line":84,"column":22}},"loc":{"start":{"line":84,"column":24},"end":{"line":86,"column":9}}},"18":{"name":"useToggleLike","decl":{"start":{"line":90,"column":16},"end":{"line":90,"column":29}},"loc":{"start":{"line":90,"column":29},"end":{"line":100,"column":1}}},"19":{"name":"(anonymous_19)","decl":{"start":{"line":94,"column":20},"end":{"line":94,"column":21}},"loc":{"start":{"line":95,"column":12},"end":{"line":95,"column":90}}},"20":{"name":"(anonymous_20)","decl":{"start":{"line":96,"column":19},"end":{"line":96,"column":22}},"loc":{"start":{"line":96,"column":24},"end":{"line":98,"column":9}}},"21":{"name":"useCourts","decl":{"start":{"line":103,"column":16},"end":{"line":103,"column":25}},"loc":{"start":{"line":103,"column":25},"end":{"line":112,"column":1}}},"22":{"name":"(anonymous_22)","decl":{"start":{"line":106,"column":17},"end":{"line":106,"column":22}},"loc":{"start":{"line":106,"column":28},"end":{"line":109,"column":9}}},"23":{"name":"useCourtById","decl":{"start":{"line":114,"column":16},"end":{"line":114,"column":28}},"loc":{"start":{"line":114,"column":39},"end":{"line":124,"column":1}}},"24":{"name":"(anonymous_24)","decl":{"start":{"line":117,"column":17},"end":{"line":117,"column":22}},"loc":{"start":{"line":117,"column":28},"end":{"line":120,"column":9}}},"25":{"name":"useCurrentUser","decl":{"start":{"line":127,"column":16},"end":{"line":127,"column":30}},"loc":{"start":{"line":127,"column":30},"end":{"line":137,"column":1}}},"26":{"name":"(anonymous_26)","decl":{"start":{"line":130,"column":17},"end":{"line":130,"column":22}},"loc":{"start":{"line":130,"column":28},"end":{"line":133,"column":9}}},"27":{"name":"useUpdateUserProfile","decl":{"start":{"line":139,"column":16},"end":{"line":139,"column":36}},"loc":{"start":{"line":139,"column":36},"end":{"line":148,"column":1}}},"28":{"name":"(anonymous_28)","decl":{"start":{"line":143,"column":20},"end":{"line":143,"column":21}},"loc":{"start":{"line":143,"column":38},"end":{"line":143,"column":75}}},"29":{"name":"(anonymous_29)","decl":{"start":{"line":144,"column":19},"end":{"line":144,"column":22}},"loc":{"start":{"line":144,"column":24},"end":{"line":146,"column":9}}},"30":{"name":"useUserCredits","decl":{"start":{"line":150,"column":16},"end":{"line":150,"column":30}},"loc":{"start":{"line":150,"column":30},"end":{"line":159,"column":1}}},"31":{"name":"(anonymous_31)","decl":{"start":{"line":153,"column":17},"end":{"line":153,"column":22}},"loc":{"start":{"line":153,"column":28},"end":{"line":156,"column":9}}},"32":{"name":"useBookingHistory","decl":{"start":{"line":162,"column":16},"end":{"line":162,"column":33}},"loc":{"start":{"line":162,"column":33},"end":{"line":171,"column":1}}},"33":{"name":"(anonymous_33)","decl":{"start":{"line":165,"column":17},"end":{"line":165,"column":22}},"loc":{"start":{"line":165,"column":28},"end":{"line":168,"column":9}}},"34":{"name":"useActiveBooking","decl":{"start":{"line":173,"column":16},"end":{"line":173,"column":32}},"loc":{"start":{"line":173,"column":32},"end":{"line":182,"column":1}}},"35":{"name":"(anonymous_35)","decl":{"start":{"line":176,"column":17},"end":{"line":176,"column":22}},"loc":{"start":{"line":176,"column":28},"end":{"line":179,"column":9}}},"36":{"name":"useMatchRequests","decl":{"start":{"line":185,"column":16},"end":{"line":185,"column":32}},"loc":{"start":{"line":185,"column":32},"end":{"line":194,"column":1}}},"37":{"name":"(anonymous_37)","decl":{"start":{"line":188,"column":17},"end":{"line":188,"column":22}},"loc":{"start":{"line":188,"column":28},"end":{"line":191,"column":9}}},"38":{"name":"useCreateMatchRequest","decl":{"start":{"line":196,"column":16},"end":{"line":196,"column":37}},"loc":{"start":{"line":196,"column":37},"end":{"line":206,"column":1}}},"39":{"name":"(anonymous_39)","decl":{"start":{"line":200,"column":20},"end":{"line":200,"column":21}},"loc":{"start":{"line":201,"column":12},"end":{"line":201,"column":50}}},"40":{"name":"(anonymous_40)","decl":{"start":{"line":202,"column":19},"end":{"line":202,"column":22}},"loc":{"start":{"line":202,"column":24},"end":{"line":204,"column":9}}},"41":{"name":"useNotifications","decl":{"start":{"line":209,"column":16},"end":{"line":209,"column":32}},"loc":{"start":{"line":209,"column":51},"end":{"line":218,"column":1}}},"42":{"name":"(anonymous_42)","decl":{"start":{"line":212,"column":17},"end":{"line":212,"column":22}},"loc":{"start":{"line":212,"column":28},"end":{"line":215,"column":9}}},"43":{"name":"useUnreadNotificationCount","decl":{"start":{"line":220,"column":16},"end":{"line":220,"column":42}},"loc":{"start":{"line":220,"column":42},"end":{"line":229,"column":1}}},"44":{"name":"(anonymous_44)","decl":{"start":{"line":223,"column":17},"end":{"line":223,"column":22}},"loc":{"start":{"line":223,"column":28},"end":{"line":226,"column":9}}},"45":{"name":"useMarkNotificationRead","decl":{"start":{"line":231,"column":16},"end":{"line":231,"column":39}},"loc":{"start":{"line":231,"column":39},"end":{"line":240,"column":1}}},"46":{"name":"(anonymous_46)","decl":{"start":{"line":235,"column":20},"end":{"line":235,"column":21}},"loc":{"start":{"line":235,"column":48},"end":{"line":235,"column":95}}},"47":{"name":"(anonymous_47)","decl":{"start":{"line":236,"column":19},"end":{"line":236,"column":22}},"loc":{"start":{"line":236,"column":24},"end":{"line":238,"column":9}}},"48":{"name":"useMarkAllNotificationsRead","decl":{"start":{"line":242,"column":16},"end":{"line":242,"column":43}},"loc":{"start":{"line":242,"column":43},"end":{"line":251,"column":1}}},"49":{"name":"(anonymous_49)","decl":{"start":{"line":246,"column":20},"end":{"line":246,"column":23}},"loc":{"start":{"line":246,"column":26},"end":{"line":246,"column":63}}},"50":{"name":"(anonymous_50)","decl":{"start":{"line":247,"column":19},"end":{"line":247,"column":22}},"loc":{"start":{"line":247,"column":24},"end":{"line":249,"column":9}}},"51":{"name":"useTransactions","decl":{"start":{"line":254,"column":16},"end":{"line":254,"column":31}},"loc":{"start":{"line":254,"column":50},"end":{"line":263,"column":1}}},"52":{"name":"(anonymous_52)","decl":{"start":{"line":257,"column":17},"end":{"line":257,"column":22}},"loc":{"start":{"line":257,"column":28},"end":{"line":260,"column":9}}}},"branchMap":{"0":{"loc":{"start":{"line":43,"column":30},"end":{"line":43,"column":48}},"type":"default-arg","locations":[{"start":{"line":43,"column":46},"end":{"line":43,"column":48}}]},"1":{"loc":{"start":{"line":54,"column":50},"end":{"line":54,"column":68}},"type":"default-arg","locations":[{"start":{"line":54,"column":66},"end":{"line":54,"column":68}}]},"2":{"loc":{"start":{"line":209,"column":33},"end":{"line":209,"column":51}},"type":"default-arg","locations":[{"start":{"line":209,"column":49},"end":{"line":209,"column":51}}]},"3":{"loc":{"start":{"line":254,"column":32},"end":{"line":254,"column":50}},"type":"default-arg","locations":[{"start":{"line":254,"column":48},"end":{"line":254,"column":50}}]}},"s":{"0":0,"1":0,"2":0,"3":0,"4":0,"5":0,"6":0,"7":0,"8":0,"9":0,"10":0,"11":0,"12":0,"13":0,"14":0,"15":0,"16":0,"17":0,"18":0,"19":0,"20":0,"21":0,"22":0,"23":0,"24":0,"25":0,"26":0,"27":0,"28":0,"29":0,"30":0,"31":0,"32":0,"33":0,"34":0,"35":0,"36":0,"37":0,"38":0,"39":0,"40":0,"41":0,"42":0,"43":0,"44":0,"45":0,"46":0,"47":0,"48":0,"49":0,"50":0,"51":0,"52":0,"53":0,"54":0,"55":0,"56":0,"57":0,"58":0,"59":0,"60":0,"61":0,"62":0,"63":0,"64":0,"65":0,"66":0,"67":0,"68":0,"69":0,"70":0,"71":0,"72":0,"73":0,"74":0,"75":0,"76":0,"77":0,"78":0,"79":0,"80":0,"81":0,"82":0,"83":0,"84":0,"85":0,"86":0,"87":0,"88":0,"89":0,"90":0,"91":0},"f":{"0":0,"1":0,"2":0,"3":0,"4":0,"5":0,"6":0,"7":0,"8":0,"9":0,"10":0,"11":0,"12":0,"13":0,"14":0,"15":0,"16":0,"17":0,"18":0,"19":0,"20":0,"21":0,"22":0,"23":0,"24":0,"25":0,"26":0,"27":0,"28":0,"29":0,"30":0,"31":0,"32":0,"33":0,"34":0,"35":0,"36":0,"37":0,"38":0,"39":0,"40":0,"41":0,"42":0,"43":0,"44":0,"45":0,"46":0,"47":0,"48":0,"49":0,"50":0,"51":0,"52":0},"b":{"0":[0],"1":[0],"2":[0],"3":[0]}}
,"/Users/tommac/Desktop/Solo Builder/my2light-mobile/hooks/useBookingRealtime.ts": {"path":"/Users/tommac/Desktop/Solo Builder/my2light-mobile/hooks/useBookingRealtime.ts","statementMap":{"0":{"start":{"line":27,"column":0},"end":{"line":27,"column":16}},"1":{"start":{"line":93,"column":0},"end":{"line":93,"column":16}},"2":{"start":{"line":160,"column":0},"end":{"line":160,"column":16}},"3":{"start":{"line":6,"column":0},"end":{"line":6,"column":57}},"4":{"start":{"line":7,"column":0},"end":{"line":7,"column":91}},"5":{"start":{"line":8,"column":0},"end":{"line":8,"column":null}},"6":{"start":{"line":14,"column":0},"end":{"line":14,"column":51}},"7":{"start":{"line":28,"column":34},"end":{"line":28,"column":70}},"8":{"start":{"line":29,"column":38},"end":{"line":29,"column":52}},"9":{"start":{"line":30,"column":30},"end":{"line":30,"column":59}},"10":{"start":{"line":32,"column":25},"end":{"line":54,"column":19}},"11":{"start":{"line":33,"column":8},"end":{"line":37,"column":9}},"12":{"start":{"line":34,"column":12},"end":{"line":34,"column":29}},"13":{"start":{"line":35,"column":12},"end":{"line":35,"column":32}},"14":{"start":{"line":36,"column":12},"end":{"line":36,"column":19}},"15":{"start":{"line":39,"column":8},"end":{"line":39,"column":27}},"16":{"start":{"line":40,"column":8},"end":{"line":40,"column":23}},"17":{"start":{"line":42,"column":8},"end":{"line":53,"column":9}},"18":{"start":{"line":43,"column":27},"end":{"line":43,"column":73}},"19":{"start":{"line":44,"column":12},"end":{"line":48,"column":13}},"20":{"start":{"line":45,"column":16},"end":{"line":45,"column":40}},"21":{"start":{"line":47,"column":16},"end":{"line":47,"column":68}},"22":{"start":{"line":50,"column":12},"end":{"line":50,"column":48}},"23":{"start":{"line":52,"column":12},"end":{"line":52,"column":32}},"24":{"start":{"line":56,"column":4},"end":{"line":58,"column":23}},"25":{"start":{"line":57,"column":8},"end":{"line":57,"column":23}},"26":{"start":{"line":61,"column":4},"end":{"line":72,"column":20}},"27":{"start":{"line":62,"column":8},"end":{"line":62,"column":31}},"28":{"start":{"line":62,"column":24},"end":{"line":62,"column":31}},"29":{"start":{"line":64,"column":29},"end":{"line":67,"column":10}},"30":{"start":{"line":66,"column":12},"end":{"line":66,"column":81}},"31":{"start":{"line":66,"column":34},"end":{"line":66,"column":78}},"32":{"start":{"line":69,"column":8},"end":{"line":71,"column":10}},"33":{"start":{"line":70,"column":12},"end":{"line":70,"column":39}},"34":{"start":{"line":74,"column":4},"end":{"line":80,"column":6}},"35":{"start":{"line":94,"column":21},"end":{"line":94,"column":35}},"36":{"start":{"line":95,"column":36},"end":{"line":95,"column":65}},"37":{"start":{"line":96,"column":38},"end":{"line":96,"column":52}},"38":{"start":{"line":97,"column":30},"end":{"line":97,"column":59}},"39":{"start":{"line":99,"column":26},"end":{"line":117,"column":18}},"40":{"start":{"line":100,"column":8},"end":{"line":104,"column":9}},"41":{"start":{"line":101,"column":12},"end":{"line":101,"column":28}},"42":{"start":{"line":102,"column":12},"end":{"line":102,"column":32}},"43":{"start":{"line":103,"column":12},"end":{"line":103,"column":19}},"44":{"start":{"line":106,"column":8},"end":{"line":106,"column":27}},"45":{"start":{"line":107,"column":8},"end":{"line":116,"column":9}},"46":{"start":{"line":108,"column":27},"end":{"line":108,"column":69}},"47":{"start":{"line":109,"column":12},"end":{"line":111,"column":13}},"48":{"start":{"line":110,"column":16},"end":{"line":110,"column":60}},"49":{"start":{"line":113,"column":12},"end":{"line":113,"column":49}},"50":{"start":{"line":115,"column":12},"end":{"line":115,"column":32}},"51":{"start":{"line":119,"column":4},"end":{"line":121,"column":24}},"52":{"start":{"line":120,"column":8},"end":{"line":120,"column":24}},"53":{"start":{"line":124,"column":4},"end":{"line":147,"column":34}},"54":{"start":{"line":125,"column":8},"end":{"line":125,"column":30}},"55":{"start":{"line":125,"column":23},"end":{"line":125,"column":30}},"56":{"start":{"line":127,"column":29},"end":{"line":142,"column":10}},"57":{"start":{"line":128,"column":12},"end":{"line":141,"column":13}},"58":{"start":{"line":130,"column":16},"end":{"line":130,"column":32}},"59":{"start":{"line":131,"column":19},"end":{"line":141,"column":13}},"60":{"start":{"line":133,"column":16},"end":{"line":137,"column":18}},"61":{"start":{"line":134,"column":20},"end":{"line":135,"column":null}},"62":{"start":{"line":135,"column":24},"end":{"line":135,"column":88}},"63":{"start":{"line":138,"column":19},"end":{"line":141,"column":13}},"64":{"start":{"line":140,"column":16},"end":{"line":140,"column":82}},"65":{"start":{"line":140,"column":38},"end":{"line":140,"column":80}},"66":{"start":{"line":140,"column":57},"end":{"line":140,"column":79}},"67":{"start":{"line":144,"column":8},"end":{"line":146,"column":10}},"68":{"start":{"line":145,"column":12},"end":{"line":145,"column":39}},"69":{"start":{"line":149,"column":4},"end":{"line":154,"column":6}},"70":{"start":{"line":161,"column":30},"end":{"line":161,"column":52}},"71":{"start":{"line":162,"column":38},"end":{"line":162,"column":53}},"72":{"start":{"line":163,"column":30},"end":{"line":163,"column":59}},"73":{"start":{"line":165,"column":23},"end":{"line":182,"column":39}},"74":{"start":{"line":166,"column":8},"end":{"line":169,"column":9}},"75":{"start":{"line":167,"column":12},"end":{"line":167,"column":25}},"76":{"start":{"line":168,"column":12},"end":{"line":168,"column":19}},"77":{"start":{"line":171,"column":8},"end":{"line":171,"column":27}},"78":{"start":{"line":172,"column":8},"end":{"line":181,"column":9}},"79":{"start":{"line":173,"column":27},"end":{"line":173,"column":80}},"80":{"start":{"line":174,"column":12},"end":{"line":176,"column":13}},"81":{"start":{"line":175,"column":16},"end":{"line":175,"column":38}},"82":{"start":{"line":178,"column":12},"end":{"line":178,"column":46}},"83":{"start":{"line":180,"column":12},"end":{"line":180,"column":32}},"84":{"start":{"line":184,"column":4},"end":{"line":186,"column":21}},"85":{"start":{"line":185,"column":8},"end":{"line":185,"column":21}},"86":{"start":{"line":188,"column":4},"end":{"line":193,"column":6}}},"fnMap":{"0":{"name":"useBookingRealtime","decl":{"start":{"line":27,"column":16},"end":{"line":27,"column":34}},"loc":{"start":{"line":27,"column":59},"end":{"line":81,"column":1}}},"1":{"name":"(anonymous_1)","decl":{"start":{"line":32,"column":37},"end":{"line":32,"column":42}},"loc":{"start":{"line":32,"column":48},"end":{"line":54,"column":5}}},"2":{"name":"(anonymous_2)","decl":{"start":{"line":56,"column":14},"end":{"line":56,"column":17}},"loc":{"start":{"line":56,"column":19},"end":{"line":58,"column":5}}},"3":{"name":"(anonymous_3)","decl":{"start":{"line":61,"column":14},"end":{"line":61,"column":17}},"loc":{"start":{"line":61,"column":19},"end":{"line":72,"column":5}}},"4":{"name":"(anonymous_4)","decl":{"start":{"line":64,"column":59},"end":{"line":64,"column":60}},"loc":{"start":{"line":64,"column":84},"end":{"line":67,"column":9}}},"5":{"name":"(anonymous_5)","decl":{"start":{"line":66,"column":23},"end":{"line":66,"column":24}},"loc":{"start":{"line":66,"column":34},"end":{"line":66,"column":78}}},"6":{"name":"(anonymous_6)","decl":{"start":{"line":69,"column":15},"end":{"line":69,"column":18}},"loc":{"start":{"line":69,"column":20},"end":{"line":71,"column":9}}},"7":{"name":"useUpcomingBookings","decl":{"start":{"line":93,"column":16},"end":{"line":93,"column":35}},"loc":{"start":{"line":93,"column":35},"end":{"line":155,"column":1}}},"8":{"name":"(anonymous_8)","decl":{"start":{"line":99,"column":38},"end":{"line":99,"column":43}},"loc":{"start":{"line":99,"column":49},"end":{"line":117,"column":5}}},"9":{"name":"(anonymous_9)","decl":{"start":{"line":119,"column":14},"end":{"line":119,"column":17}},"loc":{"start":{"line":119,"column":19},"end":{"line":121,"column":5}}},"10":{"name":"(anonymous_10)","decl":{"start":{"line":124,"column":14},"end":{"line":124,"column":17}},"loc":{"start":{"line":124,"column":19},"end":{"line":147,"column":5}}},"11":{"name":"(anonymous_11)","decl":{"start":{"line":127,"column":62},"end":{"line":127,"column":63}},"loc":{"start":{"line":127,"column":88},"end":{"line":142,"column":9}}},"12":{"name":"(anonymous_12)","decl":{"start":{"line":133,"column":28},"end":{"line":133,"column":29}},"loc":{"start":{"line":134,"column":20},"end":{"line":135,"column":null}}},"13":{"name":"(anonymous_13)","decl":{"start":{"line":134,"column":29},"end":{"line":134,"column":30}},"loc":{"start":{"line":135,"column":24},"end":{"line":135,"column":88}}},"14":{"name":"(anonymous_14)","decl":{"start":{"line":140,"column":28},"end":{"line":140,"column":29}},"loc":{"start":{"line":140,"column":38},"end":{"line":140,"column":80}}},"15":{"name":"(anonymous_15)","decl":{"start":{"line":140,"column":50},"end":{"line":140,"column":51}},"loc":{"start":{"line":140,"column":57},"end":{"line":140,"column":79}}},"16":{"name":"(anonymous_16)","decl":{"start":{"line":144,"column":15},"end":{"line":144,"column":18}},"loc":{"start":{"line":144,"column":20},"end":{"line":146,"column":9}}},"17":{"name":"useSlotAvailability","decl":{"start":{"line":160,"column":16},"end":{"line":160,"column":35}},"loc":{"start":{"line":160,"column":77},"end":{"line":194,"column":1}}},"18":{"name":"(anonymous_18)","decl":{"start":{"line":165,"column":35},"end":{"line":165,"column":40}},"loc":{"start":{"line":165,"column":46},"end":{"line":182,"column":5}}},"19":{"name":"(anonymous_19)","decl":{"start":{"line":184,"column":14},"end":{"line":184,"column":17}},"loc":{"start":{"line":184,"column":19},"end":{"line":186,"column":5}}}},"branchMap":{"0":{"loc":{"start":{"line":33,"column":8},"end":{"line":37,"column":9}},"type":"if","locations":[{"start":{"line":33,"column":8},"end":{"line":37,"column":9}}]},"1":{"loc":{"start":{"line":44,"column":12},"end":{"line":48,"column":13}},"type":"if","locations":[{"start":{"line":44,"column":12},"end":{"line":48,"column":13}},{"start":{"line":46,"column":19},"end":{"line":48,"column":13}}]},"2":{"loc":{"start":{"line":44,"column":16},"end":{"line":44,"column":45}},"type":"binary-expr","locations":[{"start":{"line":44,"column":16},"end":{"line":44,"column":30}},{"start":{"line":44,"column":34},"end":{"line":44,"column":45}}]},"3":{"loc":{"start":{"line":47,"column":25},"end":{"line":47,"column":66}},"type":"binary-expr","locations":[{"start":{"line":47,"column":25},"end":{"line":47,"column":37}},{"start":{"line":47,"column":41},"end":{"line":47,"column":66}}]},"4":{"loc":{"start":{"line":62,"column":8},"end":{"line":62,"column":31}},"type":"if","locations":[{"start":{"line":62,"column":8},"end":{"line":62,"column":31}}]},"5":{"loc":{"start":{"line":66,"column":34},"end":{"line":66,"column":78}},"type":"cond-expr","locations":[{"start":{"line":66,"column":41},"end":{"line":66,"column":71}},{"start":{"line":66,"column":74},"end":{"line":66,"column":78}}]},"6":{"loc":{"start":{"line":100,"column":8},"end":{"line":104,"column":9}},"type":"if","locations":[{"start":{"line":100,"column":8},"end":{"line":104,"column":9}}]},"7":{"loc":{"start":{"line":109,"column":12},"end":{"line":111,"column":13}},"type":"if","locations":[{"start":{"line":109,"column":12},"end":{"line":111,"column":13}}]},"8":{"loc":{"start":{"line":125,"column":8},"end":{"line":125,"column":30}},"type":"if","locations":[{"start":{"line":125,"column":8},"end":{"line":125,"column":30}}]},"9":{"loc":{"start":{"line":128,"column":12},"end":{"line":141,"column":13}},"type":"if","locations":[{"start":{"line":128,"column":12},"end":{"line":141,"column":13}},{"start":{"line":131,"column":19},"end":{"line":141,"column":13}}]},"10":{"loc":{"start":{"line":131,"column":19},"end":{"line":141,"column":13}},"type":"if","locations":[{"start":{"line":131,"column":19},"end":{"line":141,"column":13}},{"start":{"line":138,"column":19},"end":{"line":141,"column":13}}]},"11":{"loc":{"start":{"line":135,"column":24},"end":{"line":135,"column":88}},"type":"cond-expr","locations":[{"start":{"line":135,"column":49},"end":{"line":135,"column":84}},{"start":{"line":135,"column":87},"end":{"line":135,"column":88}}]},"12":{"loc":{"start":{"line":138,"column":19},"end":{"line":141,"column":13}},"type":"if","locations":[{"start":{"line":138,"column":19},"end":{"line":141,"column":13}}]},"13":{"loc":{"start":{"line":166,"column":8},"end":{"line":169,"column":9}},"type":"if","locations":[{"start":{"line":166,"column":8},"end":{"line":169,"column":9}}]},"14":{"loc":{"start":{"line":166,"column":12},"end":{"line":166,"column":29}},"type":"binary-expr","locations":[{"start":{"line":166,"column":12},"end":{"line":166,"column":20}},{"start":{"line":166,"column":24},"end":{"line":166,"column":29}}]},"15":{"loc":{"start":{"line":174,"column":12},"end":{"line":176,"column":13}},"type":"if","locations":[{"start":{"line":174,"column":12},"end":{"line":176,"column":13}}]}},"s":{"0":0,"1":0,"2":0,"3":0,"4":0,"5":0,"6":0,"7":0,"8":0,"9":0,"10":0,"11":0,"12":0,"13":0,"14":0,"15":0,"16":0,"17":0,"18":0,"19":0,"20":0,"21":0,"22":0,"23":0,"24":0,"25":0,"26":0,"27":0,"28":0,"29":0,"30":0,"31":0,"32":0,"33":0,"34":0,"35":0,"36":0,"37":0,"38":0,"39":0,"40":0,"41":0,"42":0,"43":0,"44":0,"45":0,"46":0,"47":0,"48":0,"49":0,"50":0,"51":0,"52":0,"53":0,"54":0,"55":0,"56":0,"57":0,"58":0,"59":0,"60":0,"61":0,"62":0,"63":0,"64":0,"65":0,"66":0,"67":0,"68":0,"69":0,"70":0,"71":0,"72":0,"73":0,"74":0,"75":0,"76":0,"77":0,"78":0,"79":0,"80":0,"81":0,"82":0,"83":0,"84":0,"85":0,"86":0},"f":{"0":0,"1":0,"2":0,"3":0,"4":0,"5":0,"6":0,"7":0,"8":0,"9":0,"10":0,"11":0,"12":0,"13":0,"14":0,"15":0,"16":0,"17":0,"18":0,"19":0},"b":{"0":[0],"1":[0,0],"2":[0,0],"3":[0,0],"4":[0],"5":[0,0],"6":[0],"7":[0],"8":[0],"9":[0,0],"10":[0,0],"11":[0,0],"12":[0],"13":[0],"14":[0,0],"15":[0]}}
,"/Users/tommac/Desktop/Solo Builder/my2light-mobile/hooks/useNetwork.ts": {"path":"/Users/tommac/Desktop/Solo Builder/my2light-mobile/hooks/useNetwork.ts","statementMap":{"0":{"start":{"line":33,"column":0},"end":{"line":33,"column":16}},"1":{"start":{"line":161,"column":0},"end":{"line":161,"column":16}},"2":{"start":{"line":234,"column":0},"end":{"line":234,"column":7}},"3":{"start":{"line":6,"column":0},"end":{"line":6,"column":57}},"4":{"start":{"line":7,"column":0},"end":{"line":7,"column":93}},"5":{"start":{"line":8,"column":0},"end":{"line":8,"column":69}},"6":{"start":{"line":9,"column":0},"end":{"line":9,"column":39}},"7":{"start":{"line":11,"column":22},"end":{"line":11,"column":46}},"8":{"start":{"line":14,"column":26},"end":{"line":14,"column":42}},"9":{"start":{"line":34,"column":32},"end":{"line":38,"column":6}},"10":{"start":{"line":40,"column":4},"end":{"line":73,"column":11}},"11":{"start":{"line":43,"column":36},"end":{"line":50,"column":9}},"12":{"start":{"line":45,"column":26},"end":{"line":45,"column":47}},"13":{"start":{"line":46,"column":12},"end":{"line":46,"column":32}},"14":{"start":{"line":49,"column":12},"end":{"line":49,"column":65}},"15":{"start":{"line":52,"column":29},"end":{"line":66,"column":9}},"16":{"start":{"line":53,"column":45},"end":{"line":57,"column":14}},"17":{"start":{"line":59,"column":12},"end":{"line":59,"column":33}},"18":{"start":{"line":61,"column":12},"end":{"line":65,"column":13}},"19":{"start":{"line":62,"column":16},"end":{"line":62,"column":59}},"20":{"start":{"line":63,"column":19},"end":{"line":65,"column":13}},"21":{"start":{"line":64,"column":16},"end":{"line":64,"column":58}},"22":{"start":{"line":68,"column":8},"end":{"line":68,"column":30}},"23":{"start":{"line":70,"column":8},"end":{"line":72,"column":10}},"24":{"start":{"line":71,"column":12},"end":{"line":71,"column":28}},"25":{"start":{"line":75,"column":4},"end":{"line":75,"column":18}},"26":{"start":{"line":83,"column":13},"end":{"line":156,"column":2}},"27":{"start":{"line":90,"column":37},"end":{"line":96,"column":10}},"28":{"start":{"line":98,"column":22},"end":{"line":98,"column":51}},"29":{"start":{"line":99,"column":8},"end":{"line":99,"column":27}},"30":{"start":{"line":100,"column":8},"end":{"line":100,"column":82}},"31":{"start":{"line":102,"column":8},"end":{"line":102,"column":82}},"32":{"start":{"line":103,"column":8},"end":{"line":103,"column":25}},"33":{"start":{"line":110,"column":21},"end":{"line":110,"column":71}},"34":{"start":{"line":111,"column":8},"end":{"line":111,"column":29}},"35":{"start":{"line":111,"column":19},"end":{"line":111,"column":29}},"36":{"start":{"line":112,"column":8},"end":{"line":116,"column":9}},"37":{"start":{"line":113,"column":12},"end":{"line":113,"column":36}},"38":{"start":{"line":115,"column":12},"end":{"line":115,"column":22}},"39":{"start":{"line":123,"column":22},"end":{"line":123,"column":51}},"40":{"start":{"line":124,"column":25},"end":{"line":124,"column":63}},"41":{"start":{"line":124,"column":45},"end":{"line":124,"column":62}},"42":{"start":{"line":125,"column":8},"end":{"line":125,"column":85}},"43":{"start":{"line":132,"column":22},"end":{"line":132,"column":51}},"44":{"start":{"line":133,"column":24},"end":{"line":138,"column":10}},"45":{"start":{"line":134,"column":12},"end":{"line":136,"column":13}},"46":{"start":{"line":135,"column":16},"end":{"line":135,"column":56}},"47":{"start":{"line":137,"column":12},"end":{"line":137,"column":21}},"48":{"start":{"line":139,"column":8},"end":{"line":139,"column":84}},"49":{"start":{"line":146,"column":22},"end":{"line":146,"column":51}},"50":{"start":{"line":147,"column":8},"end":{"line":147,"column":28}},"51":{"start":{"line":154,"column":8},"end":{"line":154,"column":62}},"52":{"start":{"line":162,"column":28},"end":{"line":162,"column":46}},"53":{"start":{"line":163,"column":44},"end":{"line":163,"column":59}},"54":{"start":{"line":164,"column":44},"end":{"line":164,"column":55}},"55":{"start":{"line":167,"column":4},"end":{"line":173,"column":11}},"56":{"start":{"line":168,"column":33},"end":{"line":171,"column":9}},"57":{"start":{"line":169,"column":26},"end":{"line":169,"column":62}},"58":{"start":{"line":170,"column":12},"end":{"line":170,"column":35}},"59":{"start":{"line":172,"column":8},"end":{"line":172,"column":27}},"60":{"start":{"line":176,"column":4},"end":{"line":180,"column":22}},"61":{"start":{"line":177,"column":8},"end":{"line":179,"column":9}},"62":{"start":{"line":178,"column":12},"end":{"line":178,"column":27}},"63":{"start":{"line":182,"column":25},"end":{"line":213,"column":23}},"64":{"start":{"line":183,"column":22},"end":{"line":183,"column":51}},"65":{"start":{"line":184,"column":8},"end":{"line":184,"column":39}},"66":{"start":{"line":184,"column":32},"end":{"line":184,"column":39}},"67":{"start":{"line":186,"column":8},"end":{"line":186,"column":30}},"68":{"start":{"line":187,"column":8},"end":{"line":187,"column":80}},"69":{"start":{"line":189,"column":8},"end":{"line":208,"column":9}},"70":{"start":{"line":190,"column":12},"end":{"line":194,"column":13}},"71":{"start":{"line":191,"column":16},"end":{"line":191,"column":95}},"72":{"start":{"line":192,"column":16},"end":{"line":192,"column":54}},"73":{"start":{"line":193,"column":16},"end":{"line":193,"column":25}},"74":{"start":{"line":196,"column":12},"end":{"line":207,"column":13}},"75":{"start":{"line":197,"column":32},"end":{"line":197,"column":59}},"76":{"start":{"line":198,"column":16},"end":{"line":203,"column":17}},"77":{"start":{"line":199,"column":20},"end":{"line":199,"column":58}},"78":{"start":{"line":200,"column":20},"end":{"line":200,"column":86}},"79":{"start":{"line":202,"column":20},"end":{"line":202,"column":64}},"80":{"start":{"line":205,"column":16},"end":{"line":205,"column":78}},"81":{"start":{"line":206,"column":16},"end":{"line":206,"column":60}},"82":{"start":{"line":210,"column":22},"end":{"line":210,"column":58}},"83":{"start":{"line":211,"column":8},"end":{"line":211,"column":31}},"84":{"start":{"line":212,"column":8},"end":{"line":212,"column":31}},"85":{"start":{"line":215,"column":24},"end":{"line":220,"column":10}},"86":{"start":{"line":216,"column":19},"end":{"line":216,"column":60}},"87":{"start":{"line":217,"column":22},"end":{"line":217,"column":58}},"88":{"start":{"line":218,"column":8},"end":{"line":218,"column":31}},"89":{"start":{"line":219,"column":8},"end":{"line":219,"column":18}},"90":{"start":{"line":222,"column":4},"end":{"line":228,"column":6}},"91":{"start":{"line":243,"column":18},"end":{"line":243,"column":39}},"92":{"start":{"line":245,"column":4},"end":{"line":250,"column":5}},"93":{"start":{"line":246,"column":8},"end":{"line":248,"column":9}},"94":{"start":{"line":247,"column":12},"end":{"line":247,"column":70}},"95":{"start":{"line":249,"column":8},"end":{"line":249,"column":51}},"96":{"start":{"line":252,"column":4},"end":{"line":261,"column":5}},"97":{"start":{"line":253,"column":21},"end":{"line":253,"column":36}},"98":{"start":{"line":254,"column":8},"end":{"line":254,"column":42}},"99":{"start":{"line":256,"column":8},"end":{"line":256,"column":54}},"100":{"start":{"line":257,"column":8},"end":{"line":259,"column":9}},"101":{"start":{"line":258,"column":12},"end":{"line":258,"column":70}},"102":{"start":{"line":260,"column":8},"end":{"line":260,"column":51}}},"fnMap":{"0":{"name":"useNetworkStatus","decl":{"start":{"line":33,"column":16},"end":{"line":33,"column":32}},"loc":{"start":{"line":33,"column":32},"end":{"line":76,"column":1}}},"1":{"name":"(anonymous_2)","decl":{"start":{"line":40,"column":14},"end":{"line":40,"column":17}},"loc":{"start":{"line":40,"column":19},"end":{"line":73,"column":5}}},"2":{"name":"(anonymous_3)","decl":{"start":{"line":43,"column":36},"end":{"line":43,"column":41}},"loc":{"start":{"line":43,"column":47},"end":{"line":50,"column":9}}},"3":{"name":"(anonymous_4)","decl":{"start":{"line":52,"column":29},"end":{"line":52,"column":30}},"loc":{"start":{"line":52,"column":53},"end":{"line":66,"column":9}}},"4":{"name":"(anonymous_5)","decl":{"start":{"line":70,"column":15},"end":{"line":70,"column":18}},"loc":{"start":{"line":70,"column":20},"end":{"line":72,"column":9}}},"5":{"name":"(anonymous_6)","decl":{"start":{"line":89,"column":13},"end":{"line":89,"column":18}},"loc":{"start":{"line":89,"column":81},"end":{"line":104,"column":5}}},"6":{"name":"(anonymous_7)","decl":{"start":{"line":109,"column":14},"end":{"line":109,"column":19}},"loc":{"start":{"line":109,"column":50},"end":{"line":117,"column":5}}},"7":{"name":"(anonymous_8)","decl":{"start":{"line":122,"column":13},"end":{"line":122,"column":18}},"loc":{"start":{"line":122,"column":55},"end":{"line":126,"column":5}}},"8":{"name":"(anonymous_9)","decl":{"start":{"line":124,"column":38},"end":{"line":124,"column":39}},"loc":{"start":{"line":124,"column":45},"end":{"line":124,"column":62}}},"9":{"name":"(anonymous_10)","decl":{"start":{"line":131,"column":19},"end":{"line":131,"column":24}},"loc":{"start":{"line":131,"column":61},"end":{"line":140,"column":5}}},"10":{"name":"(anonymous_11)","decl":{"start":{"line":133,"column":34},"end":{"line":133,"column":35}},"loc":{"start":{"line":133,"column":40},"end":{"line":138,"column":9}}},"11":{"name":"(anonymous_12)","decl":{"start":{"line":145,"column":21},"end":{"line":145,"column":26}},"loc":{"start":{"line":145,"column":49},"end":{"line":148,"column":5}}},"12":{"name":"(anonymous_13)","decl":{"start":{"line":153,"column":11},"end":{"line":153,"column":16}},"loc":{"start":{"line":153,"column":37},"end":{"line":155,"column":5}}},"13":{"name":"useOfflineQueue","decl":{"start":{"line":161,"column":16},"end":{"line":161,"column":31}},"loc":{"start":{"line":161,"column":89},"end":{"line":229,"column":1}}},"14":{"name":"(anonymous_15)","decl":{"start":{"line":167,"column":14},"end":{"line":167,"column":17}},"loc":{"start":{"line":167,"column":19},"end":{"line":173,"column":5}}},"15":{"name":"(anonymous_16)","decl":{"start":{"line":168,"column":33},"end":{"line":168,"column":38}},"loc":{"start":{"line":168,"column":44},"end":{"line":171,"column":9}}},"16":{"name":"(anonymous_17)","decl":{"start":{"line":176,"column":14},"end":{"line":176,"column":17}},"loc":{"start":{"line":176,"column":19},"end":{"line":180,"column":5}}},"17":{"name":"(anonymous_18)","decl":{"start":{"line":182,"column":37},"end":{"line":182,"column":42}},"loc":{"start":{"line":182,"column":48},"end":{"line":213,"column":5}}},"18":{"name":"(anonymous_19)","decl":{"start":{"line":215,"column":36},"end":{"line":215,"column":41}},"loc":{"start":{"line":215,"column":87},"end":{"line":220,"column":5}}},"19":{"name":"withOfflineSupport","decl":{"start":{"line":234,"column":22},"end":{"line":234,"column":40}},"loc":{"start":{"line":241,"column":5},"end":{"line":262,"column":1}}}},"branchMap":{"0":{"loc":{"start":{"line":54,"column":29},"end":{"line":54,"column":55}},"type":"binary-expr","locations":[{"start":{"line":54,"column":29},"end":{"line":54,"column":46}},{"start":{"line":54,"column":50},"end":{"line":54,"column":55}}]},"1":{"loc":{"start":{"line":61,"column":12},"end":{"line":65,"column":13}},"type":"if","locations":[{"start":{"line":61,"column":12},"end":{"line":65,"column":13}},{"start":{"line":63,"column":19},"end":{"line":65,"column":13}}]},"2":{"loc":{"start":{"line":63,"column":19},"end":{"line":65,"column":13}},"type":"if","locations":[{"start":{"line":63,"column":19},"end":{"line":65,"column":13}}]},"3":{"loc":{"start":{"line":63,"column":23},"end":{"line":63,"column":67}},"type":"binary-expr","locations":[{"start":{"line":63,"column":23},"end":{"line":63,"column":44}},{"start":{"line":63,"column":48},"end":{"line":63,"column":67}}]},"4":{"loc":{"start":{"line":111,"column":8},"end":{"line":111,"column":29}},"type":"if","locations":[{"start":{"line":111,"column":8},"end":{"line":111,"column":29}}]},"5":{"loc":{"start":{"line":134,"column":12},"end":{"line":136,"column":13}},"type":"if","locations":[{"start":{"line":134,"column":12},"end":{"line":136,"column":13}}]},"6":{"loc":{"start":{"line":177,"column":8},"end":{"line":179,"column":9}},"type":"if","locations":[{"start":{"line":177,"column":8},"end":{"line":179,"column":9}}]},"7":{"loc":{"start":{"line":177,"column":12},"end":{"line":177,"column":40}},"type":"binary-expr","locations":[{"start":{"line":177,"column":12},"end":{"line":177,"column":23}},{"start":{"line":177,"column":27},"end":{"line":177,"column":40}}]},"8":{"loc":{"start":{"line":184,"column":8},"end":{"line":184,"column":39}},"type":"if","locations":[{"start":{"line":184,"column":8},"end":{"line":184,"column":39}}]},"9":{"loc":{"start":{"line":190,"column":12},"end":{"line":194,"column":13}},"type":"if","locations":[{"start":{"line":190,"column":12},"end":{"line":194,"column":13}}]},"10":{"loc":{"start":{"line":198,"column":16},"end":{"line":203,"column":17}},"type":"if","locations":[{"start":{"line":198,"column":16},"end":{"line":203,"column":17}},{"start":{"line":201,"column":23},"end":{"line":203,"column":17}}]},"11":{"loc":{"start":{"line":245,"column":4},"end":{"line":250,"column":5}},"type":"if","locations":[{"start":{"line":245,"column":4},"end":{"line":250,"column":5}}]},"12":{"loc":{"start":{"line":246,"column":8},"end":{"line":248,"column":9}},"type":"if","locations":[{"start":{"line":246,"column":8},"end":{"line":248,"column":9}}]},"13":{"loc":{"start":{"line":246,"column":12},"end":{"line":246,"column":76}},"type":"binary-expr","locations":[{"start":{"line":246,"column":12},"end":{"line":246,"column":35}},{"start":{"line":246,"column":39},"end":{"line":246,"column":57}},{"start":{"line":246,"column":61},"end":{"line":246,"column":76}}]},"14":{"loc":{"start":{"line":257,"column":8},"end":{"line":259,"column":9}},"type":"if","locations":[{"start":{"line":257,"column":8},"end":{"line":259,"column":9}}]},"15":{"loc":{"start":{"line":257,"column":12},"end":{"line":257,"column":76}},"type":"binary-expr","locations":[{"start":{"line":257,"column":12},"end":{"line":257,"column":35}},{"start":{"line":257,"column":39},"end":{"line":257,"column":57}},{"start":{"line":257,"column":61},"end":{"line":257,"column":76}}]}},"s":{"0":0,"1":0,"2":0,"3":0,"4":0,"5":0,"6":0,"7":0,"8":0,"9":0,"10":0,"11":0,"12":0,"13":0,"14":0,"15":0,"16":0,"17":0,"18":0,"19":0,"20":0,"21":0,"22":0,"23":0,"24":0,"25":0,"26":0,"27":0,"28":0,"29":0,"30":0,"31":0,"32":0,"33":0,"34":0,"35":0,"36":0,"37":0,"38":0,"39":0,"40":0,"41":0,"42":0,"43":0,"44":0,"45":0,"46":0,"47":0,"48":0,"49":0,"50":0,"51":0,"52":0,"53":0,"54":0,"55":0,"56":0,"57":0,"58":0,"59":0,"60":0,"61":0,"62":0,"63":0,"64":0,"65":0,"66":0,"67":0,"68":0,"69":0,"70":0,"71":0,"72":0,"73":0,"74":0,"75":0,"76":0,"77":0,"78":0,"79":0,"80":0,"81":0,"82":0,"83":0,"84":0,"85":0,"86":0,"87":0,"88":0,"89":0,"90":0,"91":0,"92":0,"93":0,"94":0,"95":0,"96":0,"97":0,"98":0,"99":0,"100":0,"101":0,"102":0},"f":{"0":0,"1":0,"2":0,"3":0,"4":0,"5":0,"6":0,"7":0,"8":0,"9":0,"10":0,"11":0,"12":0,"13":0,"14":0,"15":0,"16":0,"17":0,"18":0,"19":0},"b":{"0":[0,0],"1":[0,0],"2":[0],"3":[0,0],"4":[0],"5":[0],"6":[0],"7":[0,0],"8":[0],"9":[0],"10":[0,0],"11":[0],"12":[0],"13":[0,0,0],"14":[0],"15":[0,0,0]}}
,"/Users/tommac/Desktop/Solo Builder/my2light-mobile/hooks/usePushNotifications.ts": {"path":"/Users/tommac/Desktop/Solo Builder/my2light-mobile/hooks/usePushNotifications.ts","statementMap":{"0":{"start":{"line":12,"column":0},"end":{"line":12,"column":16}},"1":{"start":{"line":6,"column":0},"end":{"line":6,"column":42}},"2":{"start":{"line":7,"column":0},"end":{"line":7,"column":40}},"3":{"start":{"line":8,"column":0},"end":{"line":8,"column":67}},"4":{"start":{"line":9,"column":0},"end":{"line":9,"column":52}},"5":{"start":{"line":13,"column":19},"end":{"line":13,"column":30}},"6":{"start":{"line":14,"column":33},"end":{"line":14,"column":64}},"7":{"start":{"line":15,"column":29},"end":{"line":15,"column":60}},"8":{"start":{"line":17,"column":4},"end":{"line":53,"column":17}},"9":{"start":{"line":19,"column":8},"end":{"line":19,"column":63}},"10":{"start":{"line":22,"column":8},"end":{"line":26,"column":10}},"11":{"start":{"line":24,"column":16},"end":{"line":24,"column":68}},"12":{"start":{"line":29,"column":8},"end":{"line":43,"column":10}},"13":{"start":{"line":31,"column":29},"end":{"line":31,"column":71}},"14":{"start":{"line":32,"column":16},"end":{"line":32,"column":58}},"15":{"start":{"line":35,"column":16},"end":{"line":41,"column":17}},"16":{"start":{"line":36,"column":20},"end":{"line":36,"column":51}},"17":{"start":{"line":37,"column":23},"end":{"line":41,"column":17}},"18":{"start":{"line":38,"column":20},"end":{"line":38,"column":48}},"19":{"start":{"line":39,"column":23},"end":{"line":41,"column":17}},"20":{"start":{"line":40,"column":20},"end":{"line":40,"column":51}},"21":{"start":{"line":45,"column":8},"end":{"line":52,"column":10}},"22":{"start":{"line":46,"column":12},"end":{"line":48,"column":13}},"23":{"start":{"line":47,"column":16},"end":{"line":47,"column":54}},"24":{"start":{"line":49,"column":12},"end":{"line":51,"column":13}},"25":{"start":{"line":50,"column":16},"end":{"line":50,"column":50}}},"fnMap":{"0":{"name":"usePushNotifications","decl":{"start":{"line":12,"column":16},"end":{"line":12,"column":36}},"loc":{"start":{"line":12,"column":36},"end":{"line":54,"column":1}}},"1":{"name":"(anonymous_10)","decl":{"start":{"line":17,"column":14},"end":{"line":17,"column":17}},"loc":{"start":{"line":17,"column":19},"end":{"line":53,"column":5}}},"2":{"name":"(anonymous_11)","decl":{"start":{"line":23,"column":12},"end":{"line":23,"column":13}},"loc":{"start":{"line":23,"column":29},"end":{"line":25,"column":13}}},"3":{"name":"(anonymous_12)","decl":{"start":{"line":30,"column":12},"end":{"line":30,"column":13}},"loc":{"start":{"line":30,"column":25},"end":{"line":42,"column":13}}},"4":{"name":"(anonymous_13)","decl":{"start":{"line":45,"column":15},"end":{"line":45,"column":18}},"loc":{"start":{"line":45,"column":20},"end":{"line":52,"column":9}}}},"branchMap":{"0":{"loc":{"start":{"line":35,"column":16},"end":{"line":41,"column":17}},"type":"if","locations":[{"start":{"line":35,"column":16},"end":{"line":41,"column":17}},{"start":{"line":37,"column":23},"end":{"line":41,"column":17}}]},"1":{"loc":{"start":{"line":37,"column":23},"end":{"line":41,"column":17}},"type":"if","locations":[{"start":{"line":37,"column":23},"end":{"line":41,"column":17}},{"start":{"line":39,"column":23},"end":{"line":41,"column":17}}]},"2":{"loc":{"start":{"line":39,"column":23},"end":{"line":41,"column":17}},"type":"if","locations":[{"start":{"line":39,"column":23},"end":{"line":41,"column":17}}]},"3":{"loc":{"start":{"line":46,"column":12},"end":{"line":48,"column":13}},"type":"if","locations":[{"start":{"line":46,"column":12},"end":{"line":48,"column":13}}]},"4":{"loc":{"start":{"line":49,"column":12},"end":{"line":51,"column":13}},"type":"if","locations":[{"start":{"line":49,"column":12},"end":{"line":51,"column":13}}]}},"s":{"0":0,"1":0,"2":0,"3":0,"4":0,"5":0,"6":0,"7":0,"8":0,"9":0,"10":0,"11":0,"12":0,"13":0,"14":0,"15":0,"16":0,"17":0,"18":0,"19":0,"20":0,"21":0,"22":0,"23":0,"24":0,"25":0},"f":{"0":0,"1":0,"2":0,"3":0,"4":0},"b":{"0":[0,0],"1":[0,0],"2":[0],"3":[0],"4":[0]}}
,"/Users/tommac/Desktop/Solo Builder/my2light-mobile/lib/backgroundUpload.ts": {"path":"/Users/tommac/Desktop/Solo Builder/my2light-mobile/lib/backgroundUpload.ts","statementMap":{"0":{"start":{"line":6,"column":0},"end":{"line":6,"column":34}},"1":{"start":{"line":7,"column":0},"end":{"line":7,"column":69}},"2":{"start":{"line":9,"column":17},"end":{"line":9,"column":50}},"3":{"start":{"line":11,"column":25},"end":{"line":11,"column":43}},"4":{"start":{"line":12,"column":28},"end":{"line":12,"column":46}},"5":{"start":{"line":31,"column":13},"end":{"line":185,"column":2}},"6":{"start":{"line":38,"column":19},"end":{"line":38,"column":80}},"7":{"start":{"line":40,"column":45},"end":{"line":47,"column":10}},"8":{"start":{"line":49,"column":22},"end":{"line":49,"column":62}},"9":{"start":{"line":50,"column":8},"end":{"line":50,"column":34}},"10":{"start":{"line":51,"column":8},"end":{"line":51,"column":76}},"11":{"start":{"line":53,"column":8},"end":{"line":53,"column":69}},"12":{"start":{"line":54,"column":8},"end":{"line":54,"column":18}},"13":{"start":{"line":61,"column":21},"end":{"line":61,"column":65}},"14":{"start":{"line":62,"column":8},"end":{"line":62,"column":29}},"15":{"start":{"line":62,"column":19},"end":{"line":62,"column":29}},"16":{"start":{"line":63,"column":8},"end":{"line":67,"column":9}},"17":{"start":{"line":64,"column":12},"end":{"line":64,"column":36}},"18":{"start":{"line":66,"column":12},"end":{"line":66,"column":22}},"19":{"start":{"line":74,"column":22},"end":{"line":74,"column":62}},"20":{"start":{"line":75,"column":29},"end":{"line":75,"column":87}},"21":{"start":{"line":75,"column":47},"end":{"line":75,"column":85}},"22":{"start":{"line":76,"column":8},"end":{"line":76,"column":83}},"23":{"start":{"line":83,"column":8},"end":{"line":83,"column":69}},"24":{"start":{"line":85,"column":8},"end":{"line":85,"column":88}},"25":{"start":{"line":92,"column":25},"end":{"line":92,"column":83}},"26":{"start":{"line":93,"column":8},"end":{"line":93,"column":53}},"27":{"start":{"line":100,"column":8},"end":{"line":103,"column":11}},"28":{"start":{"line":104,"column":8},"end":{"line":104,"column":50}},"29":{"start":{"line":111,"column":22},"end":{"line":111,"column":62}},"30":{"start":{"line":112,"column":23},"end":{"line":112,"column":53}},"31":{"start":{"line":112,"column":41},"end":{"line":112,"column":52}},"32":{"start":{"line":114,"column":8},"end":{"line":118,"column":11}},"33":{"start":{"line":119,"column":8},"end":{"line":119,"column":55}},"34":{"start":{"line":126,"column":22},"end":{"line":126,"column":62}},"35":{"start":{"line":127,"column":25},"end":{"line":127,"column":57}},"36":{"start":{"line":127,"column":45},"end":{"line":127,"column":56}},"37":{"start":{"line":128,"column":8},"end":{"line":128,"column":79}},"38":{"start":{"line":129,"column":8},"end":{"line":129,"column":70}},"39":{"start":{"line":136,"column":22},"end":{"line":136,"column":62}},"40":{"start":{"line":137,"column":8},"end":{"line":137,"column":94}},"41":{"start":{"line":137,"column":35},"end":{"line":137,"column":85}},"42":{"start":{"line":144,"column":22},"end":{"line":144,"column":62}},"43":{"start":{"line":145,"column":8},"end":{"line":145,"column":75}},"44":{"start":{"line":145,"column":35},"end":{"line":145,"column":73}},"45":{"start":{"line":152,"column":8},"end":{"line":156,"column":11}},"46":{"start":{"line":157,"column":8},"end":{"line":157,"column":58}},"47":{"start":{"line":164,"column":22},"end":{"line":164,"column":62}},"48":{"start":{"line":165,"column":24},"end":{"line":165,"column":69}},"49":{"start":{"line":165,"column":44},"end":{"line":165,"column":68}},"50":{"start":{"line":166,"column":8},"end":{"line":166,"column":78}},"51":{"start":{"line":174,"column":22},"end":{"line":174,"column":62}},"52":{"start":{"line":175,"column":8},"end":{"line":175,"column":65}},"53":{"start":{"line":175,"column":33},"end":{"line":175,"column":55}},"54":{"start":{"line":182,"column":22},"end":{"line":182,"column":62}},"55":{"start":{"line":183,"column":8},"end":{"line":183,"column":59}},"56":{"start":{"line":183,"column":33},"end":{"line":183,"column":57}}},"fnMap":{"0":{"name":"(anonymous_1)","decl":{"start":{"line":35,"column":17},"end":{"line":35,"column":22}},"loc":{"start":{"line":37,"column":25},"end":{"line":55,"column":5}}},"1":{"name":"(anonymous_2)","decl":{"start":{"line":60,"column":14},"end":{"line":60,"column":19}},"loc":{"start":{"line":60,"column":51},"end":{"line":68,"column":5}}},"2":{"name":"(anonymous_3)","decl":{"start":{"line":73,"column":18},"end":{"line":73,"column":23}},"loc":{"start":{"line":73,"column":87},"end":{"line":77,"column":5}}},"3":{"name":"(anonymous_4)","decl":{"start":{"line":75,"column":39},"end":{"line":75,"column":40}},"loc":{"start":{"line":75,"column":47},"end":{"line":75,"column":85}}},"4":{"name":"(anonymous_5)","decl":{"start":{"line":82,"column":20},"end":{"line":82,"column":25}},"loc":{"start":{"line":82,"column":74},"end":{"line":86,"column":5}}},"5":{"name":"(anonymous_6)","decl":{"start":{"line":91,"column":17},"end":{"line":91,"column":22}},"loc":{"start":{"line":91,"column":55},"end":{"line":94,"column":5}}},"6":{"name":"(anonymous_7)","decl":{"start":{"line":99,"column":20},"end":{"line":99,"column":25}},"loc":{"start":{"line":99,"column":56},"end":{"line":105,"column":5}}},"7":{"name":"(anonymous_8)","decl":{"start":{"line":110,"column":16},"end":{"line":110,"column":21}},"loc":{"start":{"line":110,"column":67},"end":{"line":120,"column":5}}},"8":{"name":"(anonymous_9)","decl":{"start":{"line":112,"column":34},"end":{"line":112,"column":35}},"loc":{"start":{"line":112,"column":41},"end":{"line":112,"column":52}}},"9":{"name":"(anonymous_10)","decl":{"start":{"line":125,"column":18},"end":{"line":125,"column":23}},"loc":{"start":{"line":125,"column":54},"end":{"line":130,"column":5}}},"10":{"name":"(anonymous_11)","decl":{"start":{"line":127,"column":38},"end":{"line":127,"column":39}},"loc":{"start":{"line":127,"column":45},"end":{"line":127,"column":56}}},"11":{"name":"(anonymous_12)","decl":{"start":{"line":135,"column":21},"end":{"line":135,"column":26}},"loc":{"start":{"line":135,"column":49},"end":{"line":138,"column":5}}},"12":{"name":"(anonymous_13)","decl":{"start":{"line":137,"column":28},"end":{"line":137,"column":29}},"loc":{"start":{"line":137,"column":35},"end":{"line":137,"column":85}}},"13":{"name":"(anonymous_14)","decl":{"start":{"line":143,"column":22},"end":{"line":143,"column":27}},"loc":{"start":{"line":143,"column":59},"end":{"line":146,"column":5}}},"14":{"name":"(anonymous_15)","decl":{"start":{"line":145,"column":28},"end":{"line":145,"column":29}},"loc":{"start":{"line":145,"column":35},"end":{"line":145,"column":73}}},"15":{"name":"(anonymous_16)","decl":{"start":{"line":151,"column":17},"end":{"line":151,"column":22}},"loc":{"start":{"line":151,"column":53},"end":{"line":158,"column":5}}},"16":{"name":"(anonymous_17)","decl":{"start":{"line":163,"column":20},"end":{"line":163,"column":25}},"loc":{"start":{"line":163,"column":46},"end":{"line":167,"column":5}}},"17":{"name":"(anonymous_18)","decl":{"start":{"line":165,"column":37},"end":{"line":165,"column":38}},"loc":{"start":{"line":165,"column":44},"end":{"line":165,"column":68}}},"18":{"name":"(anonymous_19)","decl":{"start":{"line":173,"column":20},"end":{"line":173,"column":25}},"loc":{"start":{"line":173,"column":62},"end":{"line":176,"column":5}}},"19":{"name":"(anonymous_20)","decl":{"start":{"line":175,"column":26},"end":{"line":175,"column":27}},"loc":{"start":{"line":175,"column":33},"end":{"line":175,"column":55}}},"20":{"name":"(anonymous_21)","decl":{"start":{"line":181,"column":21},"end":{"line":181,"column":26}},"loc":{"start":{"line":181,"column":50},"end":{"line":184,"column":5}}},"21":{"name":"(anonymous_22)","decl":{"start":{"line":183,"column":26},"end":{"line":183,"column":27}},"loc":{"start":{"line":183,"column":33},"end":{"line":183,"column":57}}}},"branchMap":{"0":{"loc":{"start":{"line":62,"column":8},"end":{"line":62,"column":29}},"type":"if","locations":[{"start":{"line":62,"column":8},"end":{"line":62,"column":29}}]},"1":{"loc":{"start":{"line":75,"column":47},"end":{"line":75,"column":85}},"type":"cond-expr","locations":[{"start":{"line":75,"column":61},"end":{"line":75,"column":81}},{"start":{"line":75,"column":84},"end":{"line":75,"column":85}}]},"2":{"loc":{"start":{"line":93,"column":15},"end":{"line":93,"column":52}},"type":"cond-expr","locations":[{"start":{"line":93,"column":26},"end":{"line":93,"column":48}},{"start":{"line":93,"column":51},"end":{"line":93,"column":52}}]},"3":{"loc":{"start":{"line":117,"column":22},"end":{"line":117,"column":42}},"type":"binary-expr","locations":[{"start":{"line":117,"column":22},"end":{"line":117,"column":37}},{"start":{"line":117,"column":41},"end":{"line":117,"column":42}}]},"4":{"loc":{"start":{"line":137,"column":35},"end":{"line":137,"column":85}},"type":"binary-expr","locations":[{"start":{"line":137,"column":35},"end":{"line":137,"column":57}},{"start":{"line":137,"column":61},"end":{"line":137,"column":85}}]},"5":{"loc":{"start":{"line":145,"column":35},"end":{"line":145,"column":73}},"type":"binary-expr","locations":[{"start":{"line":145,"column":35},"end":{"line":145,"column":56}},{"start":{"line":145,"column":60},"end":{"line":145,"column":73}}]},"6":{"loc":{"start":{"line":175,"column":15},"end":{"line":175,"column":64}},"type":"binary-expr","locations":[{"start":{"line":175,"column":15},"end":{"line":175,"column":56}},{"start":{"line":175,"column":60},"end":{"line":175,"column":64}}]}},"s":{"0":0,"1":0,"2":0,"3":0,"4":0,"5":0,"6":0,"7":0,"8":0,"9":0,"10":0,"11":0,"12":0,"13":0,"14":0,"15":0,"16":0,"17":0,"18":0,"19":0,"20":0,"21":0,"22":0,"23":0,"24":0,"25":0,"26":0,"27":0,"28":0,"29":0,"30":0,"31":0,"32":0,"33":0,"34":0,"35":0,"36":0,"37":0,"38":0,"39":0,"40":0,"41":0,"42":0,"43":0,"44":0,"45":0,"46":0,"47":0,"48":0,"49":0,"50":0,"51":0,"52":0,"53":0,"54":0,"55":0,"56":0},"f":{"0":0,"1":0,"2":0,"3":0,"4":0,"5":0,"6":0,"7":0,"8":0,"9":0,"10":0,"11":0,"12":0,"13":0,"14":0,"15":0,"16":0,"17":0,"18":0,"19":0,"20":0,"21":0},"b":{"0":[0],"1":[0,0],"2":[0,0],"3":[0,0],"4":[0,0],"5":[0,0],"6":[0,0]}}
,"/Users/tommac/Desktop/Solo Builder/my2light-mobile/lib/haptics.ts": {"path":"/Users/tommac/Desktop/Solo Builder/my2light-mobile/lib/haptics.ts","statementMap":{"0":{"start":{"line":1,"column":0},"end":{"line":1,"column":40}},"1":{"start":{"line":6,"column":13},"end":{"line":41,"column":2}},"2":{"start":{"line":10,"column":17},"end":{"line":10,"column":71}},"3":{"start":{"line":15,"column":18},"end":{"line":15,"column":73}},"4":{"start":{"line":20,"column":17},"end":{"line":20,"column":71}},"5":{"start":{"line":25,"column":19},"end":{"line":25,"column":86}},"6":{"start":{"line":30,"column":19},"end":{"line":30,"column":86}},"7":{"start":{"line":35,"column":17},"end":{"line":35,"column":82}},"8":{"start":{"line":40,"column":21},"end":{"line":40,"column":45}},"9":{"start":{"line":43,"column":0},"end":{"line":43,"column":23}}},"fnMap":{"0":{"name":"(anonymous_9)","decl":{"start":{"line":10,"column":11},"end":{"line":10,"column":14}},"loc":{"start":{"line":10,"column":17},"end":{"line":10,"column":71}}},"1":{"name":"(anonymous_10)","decl":{"start":{"line":15,"column":12},"end":{"line":15,"column":15}},"loc":{"start":{"line":15,"column":18},"end":{"line":15,"column":73}}},"2":{"name":"(anonymous_11)","decl":{"start":{"line":20,"column":11},"end":{"line":20,"column":14}},"loc":{"start":{"line":20,"column":17},"end":{"line":20,"column":71}}},"3":{"name":"(anonymous_12)","decl":{"start":{"line":25,"column":13},"end":{"line":25,"column":16}},"loc":{"start":{"line":25,"column":19},"end":{"line":25,"column":86}}},"4":{"name":"(anonymous_13)","decl":{"start":{"line":30,"column":13},"end":{"line":30,"column":16}},"loc":{"start":{"line":30,"column":19},"end":{"line":30,"column":86}}},"5":{"name":"(anonymous_14)","decl":{"start":{"line":35,"column":11},"end":{"line":35,"column":14}},"loc":{"start":{"line":35,"column":17},"end":{"line":35,"column":82}}},"6":{"name":"(anonymous_15)","decl":{"start":{"line":40,"column":15},"end":{"line":40,"column":18}},"loc":{"start":{"line":40,"column":21},"end":{"line":40,"column":45}}}},"branchMap":{},"s":{"0":0,"1":0,"2":0,"3":0,"4":0,"5":0,"6":0,"7":0,"8":0,"9":0},"f":{"0":0,"1":0,"2":0,"3":0,"4":0,"5":0,"6":0},"b":{}}
,"/Users/tommac/Desktop/Solo Builder/my2light-mobile/lib/logger.ts": {"path":"/Users/tommac/Desktop/Solo Builder/my2light-mobile/lib/logger.ts","statementMap":{"0":{"start":{"line":7,"column":14},"end":{"line":7,"column":21}},"1":{"start":{"line":18,"column":22},"end":{"line":22,"column":1}},"2":{"start":{"line":19,"column":22},"end":{"line":19,"column":60}},"3":{"start":{"line":20,"column":19},"end":{"line":20,"column":40}},"4":{"start":{"line":21,"column":4},"end":{"line":21,"column":70}},"5":{"start":{"line":24,"column":17},"end":{"line":51,"column":1}},"6":{"start":{"line":25,"column":4},"end":{"line":25,"column":27}},"7":{"start":{"line":25,"column":15},"end":{"line":25,"column":27}},"8":{"start":{"line":26,"column":4},"end":{"line":31,"column":5}},"9":{"start":{"line":28,"column":8},"end":{"line":30,"column":97}},"10":{"start":{"line":32,"column":4},"end":{"line":49,"column":5}},"11":{"start":{"line":33,"column":31},"end":{"line":33,"column":60}},"12":{"start":{"line":34,"column":8},"end":{"line":47,"column":9}},"13":{"start":{"line":35,"column":29},"end":{"line":35,"column":46}},"14":{"start":{"line":36,"column":12},"end":{"line":46,"column":13}},"15":{"start":{"line":43,"column":16},"end":{"line":43,"column":46}},"16":{"start":{"line":45,"column":16},"end":{"line":45,"column":53}},"17":{"start":{"line":48,"column":8},"end":{"line":48,"column":25}},"18":{"start":{"line":50,"column":4},"end":{"line":50,"column":16}},"19":{"start":{"line":53,"column":13},"end":{"line":123,"column":2}},"20":{"start":{"line":58,"column":8},"end":{"line":58,"column":27}},"21":{"start":{"line":58,"column":20},"end":{"line":58,"column":27}},"22":{"start":{"line":59,"column":26},"end":{"line":59,"column":71}},"23":{"start":{"line":60,"column":8},"end":{"line":64,"column":9}},"24":{"start":{"line":61,"column":12},"end":{"line":61,"column":41}},"25":{"start":{"line":63,"column":12},"end":{"line":63,"column":35}},"26":{"start":{"line":71,"column":8},"end":{"line":71,"column":49}},"27":{"start":{"line":71,"column":42},"end":{"line":71,"column":49}},"28":{"start":{"line":72,"column":26},"end":{"line":72,"column":70}},"29":{"start":{"line":73,"column":25},"end":{"line":73,"column":54}},"30":{"start":{"line":74,"column":8},"end":{"line":78,"column":9}},"31":{"start":{"line":75,"column":12},"end":{"line":75,"column":45}},"32":{"start":{"line":77,"column":12},"end":{"line":77,"column":35}},"33":{"start":{"line":85,"column":26},"end":{"line":85,"column":70}},"34":{"start":{"line":86,"column":25},"end":{"line":86,"column":54}},"35":{"start":{"line":87,"column":8},"end":{"line":91,"column":9}},"36":{"start":{"line":88,"column":12},"end":{"line":88,"column":46}},"37":{"start":{"line":90,"column":12},"end":{"line":90,"column":36}},"38":{"start":{"line":99,"column":26},"end":{"line":99,"column":71}},"39":{"start":{"line":100,"column":26},"end":{"line":100,"column":57}},"40":{"start":{"line":101,"column":8},"end":{"line":105,"column":9}},"41":{"start":{"line":102,"column":12},"end":{"line":102,"column":48}},"42":{"start":{"line":104,"column":12},"end":{"line":104,"column":37}},"43":{"start":{"line":116,"column":30},"end":{"line":122,"column":6}},"44":{"start":{"line":117,"column":48},"end":{"line":117,"column":84}},"45":{"start":{"line":119,"column":12},"end":{"line":119,"column":57}},"46":{"start":{"line":120,"column":47},"end":{"line":120,"column":82}},"47":{"start":{"line":121,"column":49},"end":{"line":121,"column":86}},"48":{"start":{"line":126,"column":13},"end":{"line":126,"column":48}},"49":{"start":{"line":127,"column":13},"end":{"line":127,"column":52}},"50":{"start":{"line":128,"column":13},"end":{"line":128,"column":46}},"51":{"start":{"line":129,"column":13},"end":{"line":129,"column":54}}},"fnMap":{"0":{"name":"(anonymous_0)","decl":{"start":{"line":18,"column":22},"end":{"line":18,"column":23}},"loc":{"start":{"line":18,"column":81},"end":{"line":22,"column":1}}},"1":{"name":"(anonymous_1)","decl":{"start":{"line":24,"column":17},"end":{"line":24,"column":18}},"loc":{"start":{"line":24,"column":36},"end":{"line":51,"column":1}}},"2":{"name":"(anonymous_2)","decl":{"start":{"line":57,"column":11},"end":{"line":57,"column":12}},"loc":{"start":{"line":57,"column":68},"end":{"line":65,"column":5}}},"3":{"name":"(anonymous_3)","decl":{"start":{"line":70,"column":10},"end":{"line":70,"column":11}},"loc":{"start":{"line":70,"column":67},"end":{"line":79,"column":5}}},"4":{"name":"(anonymous_4)","decl":{"start":{"line":84,"column":10},"end":{"line":84,"column":11}},"loc":{"start":{"line":84,"column":67},"end":{"line":92,"column":5}}},"5":{"name":"(anonymous_5)","decl":{"start":{"line":98,"column":11},"end":{"line":98,"column":12}},"loc":{"start":{"line":98,"column":69},"end":{"line":111,"column":5}}},"6":{"name":"(anonymous_6)","decl":{"start":{"line":116,"column":12},"end":{"line":116,"column":13}},"loc":{"start":{"line":116,"column":30},"end":{"line":122,"column":6}}},"7":{"name":"(anonymous_7)","decl":{"start":{"line":117,"column":15},"end":{"line":117,"column":16}},"loc":{"start":{"line":117,"column":48},"end":{"line":117,"column":84}}},"8":{"name":"(anonymous_8)","decl":{"start":{"line":118,"column":14},"end":{"line":118,"column":15}},"loc":{"start":{"line":119,"column":12},"end":{"line":119,"column":57}}},"9":{"name":"(anonymous_9)","decl":{"start":{"line":120,"column":14},"end":{"line":120,"column":15}},"loc":{"start":{"line":120,"column":47},"end":{"line":120,"column":82}}},"10":{"name":"(anonymous_10)","decl":{"start":{"line":121,"column":15},"end":{"line":121,"column":16}},"loc":{"start":{"line":121,"column":49},"end":{"line":121,"column":86}}}},"branchMap":{"0":{"loc":{"start":{"line":20,"column":19},"end":{"line":20,"column":40}},"type":"cond-expr","locations":[{"start":{"line":20,"column":25},"end":{"line":20,"column":35}},{"start":{"line":20,"column":38},"end":{"line":20,"column":40}}]},"1":{"loc":{"start":{"line":25,"column":4},"end":{"line":25,"column":27}},"type":"if","locations":[{"start":{"line":25,"column":4},"end":{"line":25,"column":27}}]},"2":{"loc":{"start":{"line":26,"column":4},"end":{"line":31,"column":5}},"type":"if","locations":[{"start":{"line":26,"column":4},"end":{"line":31,"column":5}}]},"3":{"loc":{"start":{"line":32,"column":4},"end":{"line":49,"column":5}},"type":"if","locations":[{"start":{"line":32,"column":4},"end":{"line":49,"column":5}}]},"4":{"loc":{"start":{"line":33,"column":31},"end":{"line":33,"column":60}},"type":"cond-expr","locations":[{"start":{"line":33,"column":53},"end":{"line":33,"column":55}},{"start":{"line":33,"column":58},"end":{"line":33,"column":60}}]},"5":{"loc":{"start":{"line":36,"column":12},"end":{"line":46,"column":13}},"type":"if","locations":[{"start":{"line":36,"column":12},"end":{"line":46,"column":13}},{"start":{"line":44,"column":19},"end":{"line":46,"column":13}}]},"6":{"loc":{"start":{"line":37,"column":16},"end":{"line":41,"column":50}},"type":"binary-expr","locations":[{"start":{"line":37,"column":16},"end":{"line":37,"column":45}},{"start":{"line":38,"column":16},"end":{"line":38,"column":42}},{"start":{"line":39,"column":16},"end":{"line":39,"column":43}},{"start":{"line":40,"column":16},"end":{"line":40,"column":40}},{"start":{"line":41,"column":16},"end":{"line":41,"column":50}}]},"7":{"loc":{"start":{"line":58,"column":8},"end":{"line":58,"column":27}},"type":"if","locations":[{"start":{"line":58,"column":8},"end":{"line":58,"column":27}}]},"8":{"loc":{"start":{"line":60,"column":8},"end":{"line":64,"column":9}},"type":"if","locations":[{"start":{"line":60,"column":8},"end":{"line":64,"column":9}},{"start":{"line":62,"column":15},"end":{"line":64,"column":9}}]},"9":{"loc":{"start":{"line":71,"column":8},"end":{"line":71,"column":49}},"type":"if","locations":[{"start":{"line":71,"column":8},"end":{"line":71,"column":49}}]},"10":{"loc":{"start":{"line":71,"column":12},"end":{"line":71,"column":40}},"type":"binary-expr","locations":[{"start":{"line":71,"column":12},"end":{"line":71,"column":18}},{"start":{"line":71,"column":22},"end":{"line":71,"column":40}}]},"11":{"loc":{"start":{"line":73,"column":25},"end":{"line":73,"column":54}},"type":"cond-expr","locations":[{"start":{"line":73,"column":33},"end":{"line":73,"column":37}},{"start":{"line":73,"column":40},"end":{"line":73,"column":54}}]},"12":{"loc":{"start":{"line":74,"column":8},"end":{"line":78,"column":9}},"type":"if","locations":[{"start":{"line":74,"column":8},"end":{"line":78,"column":9}},{"start":{"line":76,"column":15},"end":{"line":78,"column":9}}]},"13":{"loc":{"start":{"line":86,"column":25},"end":{"line":86,"column":54}},"type":"cond-expr","locations":[{"start":{"line":86,"column":33},"end":{"line":86,"column":37}},{"start":{"line":86,"column":40},"end":{"line":86,"column":54}}]},"14":{"loc":{"start":{"line":87,"column":8},"end":{"line":91,"column":9}},"type":"if","locations":[{"start":{"line":87,"column":8},"end":{"line":91,"column":9}},{"start":{"line":89,"column":15},"end":{"line":91,"column":9}}]},"15":{"loc":{"start":{"line":100,"column":26},"end":{"line":100,"column":57}},"type":"cond-expr","locations":[{"start":{"line":100,"column":34},"end":{"line":100,"column":39}},{"start":{"line":100,"column":42},"end":{"line":100,"column":57}}]},"16":{"loc":{"start":{"line":101,"column":8},"end":{"line":105,"column":9}},"type":"if","locations":[{"start":{"line":101,"column":8},"end":{"line":105,"column":9}},{"start":{"line":103,"column":15},"end":{"line":105,"column":9}}]}},"s":{"0":4,"1":4,"2":10,"3":10,"4":10,"5":4,"6":0,"7":0,"8":0,"9":0,"10":0,"11":0,"12":0,"13":0,"14":0,"15":0,"16":0,"17":0,"18":0,"19":4,"20":3,"21":0,"22":3,"23":3,"24":1,"25":2,"26":1,"27":0,"28":1,"29":1,"30":1,"31":1,"32":0,"33":0,"34":0,"35":0,"36":0,"37":0,"38":6,"39":6,"40":6,"41":6,"42":0,"43":19,"44":3,"45":1,"46":0,"47":6,"48":4,"49":4,"50":4,"51":4},"f":{"0":10,"1":0,"2":3,"3":1,"4":0,"5":6,"6":19,"7":3,"8":1,"9":0,"10":6},"b":{"0":[10,0],"1":[0],"2":[0],"3":[0],"4":[0,0],"5":[0,0],"6":[0,0,0,0,0],"7":[0],"8":[1,2],"9":[0],"10":[1,0],"11":[1,0],"12":[1,0],"13":[0,0],"14":[0,0],"15":[6,0],"16":[6,0]}}
,"/Users/tommac/Desktop/Solo Builder/my2light-mobile/lib/security.ts": {"path":"/Users/tommac/Desktop/Solo Builder/my2light-mobile/lib/security.ts","statementMap":{"0":{"start":{"line":45,"column":0},"end":{"line":45,"column":16}},"1":{"start":{"line":52,"column":0},"end":{"line":52,"column":16}},"2":{"start":{"line":68,"column":0},"end":{"line":68,"column":16}},"3":{"start":{"line":97,"column":0},"end":{"line":97,"column":16}},"4":{"start":{"line":111,"column":0},"end":{"line":111,"column":16}},"5":{"start":{"line":134,"column":0},"end":{"line":134,"column":16}},"6":{"start":{"line":6,"column":0},"end":{"line":6,"column":34}},"7":{"start":{"line":8,"column":23},"end":{"line":8,"column":48}},"8":{"start":{"line":13,"column":27},"end":{"line":35,"column":2}},"9":{"start":{"line":40,"column":33},"end":{"line":40,"column":82}},"10":{"start":{"line":46,"column":4},"end":{"line":46,"column":68}},"11":{"start":{"line":46,"column":48},"end":{"line":46,"column":66}},"12":{"start":{"line":53,"column":17},"end":{"line":53,"column":21}},"13":{"start":{"line":55,"column":4},"end":{"line":60,"column":5}},"14":{"start":{"line":56,"column":8},"end":{"line":59,"column":11}},"15":{"start":{"line":57,"column":12},"end":{"line":57,"column":48}},"16":{"start":{"line":57,"column":35},"end":{"line":57,"column":48}},"17":{"start":{"line":58,"column":12},"end":{"line":58,"column":63}},"18":{"start":{"line":62,"column":4},"end":{"line":62,"column":18}},"19":{"start":{"line":72,"column":31},"end":{"line":72,"column":33}},"20":{"start":{"line":73,"column":29},"end":{"line":73,"column":31}},"21":{"start":{"line":76,"column":4},"end":{"line":84,"column":5}},"22":{"start":{"line":77,"column":8},"end":{"line":83,"column":9}},"23":{"start":{"line":78,"column":12},"end":{"line":82,"column":13}},"24":{"start":{"line":79,"column":16},"end":{"line":81,"column":18}},"25":{"start":{"line":87,"column":4},"end":{"line":89,"column":5}},"26":{"start":{"line":88,"column":8},"end":{"line":88,"column":95}},"27":{"start":{"line":91,"column":4},"end":{"line":91,"column":32}},"28":{"start":{"line":98,"column":33},"end":{"line":98,"column":60}},"29":{"start":{"line":100,"column":4},"end":{"line":100,"column":52}},"30":{"start":{"line":100,"column":28},"end":{"line":100,"column":50}},"31":{"start":{"line":101,"column":4},"end":{"line":101,"column":51}},"32":{"start":{"line":101,"column":26},"end":{"line":101,"column":49}},"33":{"start":{"line":103,"column":4},"end":{"line":105,"column":5}},"34":{"start":{"line":104,"column":8},"end":{"line":104,"column":74}},"35":{"start":{"line":112,"column":4},"end":{"line":117,"column":5}},"36":{"start":{"line":113,"column":21},"end":{"line":113,"column":54}},"37":{"start":{"line":114,"column":8},"end":{"line":114,"column":39}},"38":{"start":{"line":116,"column":8},"end":{"line":116,"column":39}},"39":{"start":{"line":123,"column":13},"end":{"line":129,"column":2}},"40":{"start":{"line":135,"column":43},"end":{"line":135,"column":45}},"41":{"start":{"line":137,"column":4},"end":{"line":143,"column":5}},"42":{"start":{"line":138,"column":8},"end":{"line":142,"column":9}},"43":{"start":{"line":139,"column":12},"end":{"line":139,"column":43}},"44":{"start":{"line":141,"column":12},"end":{"line":141,"column":51}},"45":{"start":{"line":145,"column":4},"end":{"line":145,"column":18}}},"fnMap":{"0":{"name":"containsSensitiveData","decl":{"start":{"line":45,"column":16},"end":{"line":45,"column":37}},"loc":{"start":{"line":45,"column":50},"end":{"line":47,"column":1}}},"1":{"name":"(anonymous_1)","decl":{"start":{"line":46,"column":35},"end":{"line":46,"column":36}},"loc":{"start":{"line":46,"column":48},"end":{"line":46,"column":66}}},"2":{"name":"maskSensitiveData","decl":{"start":{"line":52,"column":16},"end":{"line":52,"column":33}},"loc":{"start":{"line":52,"column":46},"end":{"line":63,"column":1}}},"3":{"name":"(anonymous_3)","decl":{"start":{"line":56,"column":41},"end":{"line":56,"column":42}},"loc":{"start":{"line":56,"column":51},"end":{"line":59,"column":9}}},"4":{"name":"auditEnvironmentVariables","decl":{"start":{"line":68,"column":16},"end":{"line":68,"column":41}},"loc":{"start":{"line":68,"column":41},"end":{"line":92,"column":1}}},"5":{"name":"validateClientEnv","decl":{"start":{"line":97,"column":16},"end":{"line":97,"column":33}},"loc":{"start":{"line":97,"column":33},"end":{"line":106,"column":1}}},"6":{"name":"(anonymous_6)","decl":{"start":{"line":100,"column":21},"end":{"line":100,"column":22}},"loc":{"start":{"line":100,"column":28},"end":{"line":100,"column":50}}},"7":{"name":"(anonymous_7)","decl":{"start":{"line":101,"column":19},"end":{"line":101,"column":20}},"loc":{"start":{"line":101,"column":26},"end":{"line":101,"column":49}}},"8":{"name":"safeStringify","decl":{"start":{"line":111,"column":16},"end":{"line":111,"column":29}},"loc":{"start":{"line":111,"column":55},"end":{"line":118,"column":1}}},"9":{"name":"maskHeaders","decl":{"start":{"line":134,"column":16},"end":{"line":134,"column":27}},"loc":{"start":{"line":134,"column":59},"end":{"line":146,"column":1}}}},"branchMap":{"0":{"loc":{"start":{"line":57,"column":12},"end":{"line":57,"column":48}},"type":"if","locations":[{"start":{"line":57,"column":12},"end":{"line":57,"column":48}}]},"1":{"loc":{"start":{"line":78,"column":12},"end":{"line":82,"column":13}},"type":"if","locations":[{"start":{"line":78,"column":12},"end":{"line":82,"column":13}}]},"2":{"loc":{"start":{"line":87,"column":4},"end":{"line":89,"column":5}},"type":"if","locations":[{"start":{"line":87,"column":4},"end":{"line":89,"column":5}}]},"3":{"loc":{"start":{"line":103,"column":4},"end":{"line":105,"column":5}},"type":"if","locations":[{"start":{"line":103,"column":4},"end":{"line":105,"column":5}}]},"4":{"loc":{"start":{"line":103,"column":8},"end":{"line":103,"column":37}},"type":"binary-expr","locations":[{"start":{"line":103,"column":8},"end":{"line":103,"column":25}},{"start":{"line":103,"column":29},"end":{"line":103,"column":37}}]},"5":{"loc":{"start":{"line":138,"column":8},"end":{"line":142,"column":9}},"type":"if","locations":[{"start":{"line":138,"column":8},"end":{"line":142,"column":9}},{"start":{"line":140,"column":15},"end":{"line":142,"column":9}}]}},"s":{"0":0,"1":0,"2":0,"3":0,"4":0,"5":0,"6":0,"7":0,"8":0,"9":0,"10":0,"11":0,"12":0,"13":0,"14":0,"15":0,"16":0,"17":0,"18":0,"19":0,"20":0,"21":0,"22":0,"23":0,"24":0,"25":0,"26":0,"27":0,"28":0,"29":0,"30":0,"31":0,"32":0,"33":0,"34":0,"35":0,"36":0,"37":0,"38":0,"39":0,"40":0,"41":0,"42":0,"43":0,"44":0,"45":0},"f":{"0":0,"1":0,"2":0,"3":0,"4":0,"5":0,"6":0,"7":0,"8":0,"9":0},"b":{"0":[0],"1":[0],"2":[0],"3":[0],"4":[0,0],"5":[0,0]}}
[...]
,"/Users/tommac/Desktop/Solo Builder/my2light-mobile/services/upload.ts": {"path":"/Users/tommac/Desktop/Solo Builder/my2light-mobile/services/upload.ts","statementMap":{"0":{"start":{"line":106,"column":0},"end":{"line":106,"column":7}},"1":{"start":{"line":206,"column":0},"end":{"line":206,"column":7}},"2":{"start":{"line":257,"column":0},"end":{"line":257,"column":7}},"3":{"start":{"line":1,"column":0},"end":{"line":1,"column":43}},"4":{"start":{"line":2,"column":0},"end":{"line":2,"column":54}},"5":{"start":{"line":3,"column":0},"end":{"line":3,"column":57}},"6":{"start":{"line":5,"column":0},"end":{"line":5,"column":57}},"7":{"start":{"line":6,"column":0},"end":{"line":6,"column":45}},"8":{"start":{"line":24,"column":4},"end":{"line":40,"column":5}},"9":{"start":{"line":26,"column":34},"end":{"line":26,"column":95}},"10":{"start":{"line":28,"column":8},"end":{"line":33,"column":9}},"11":{"start":{"line":29,"column":32},"end":{"line":29,"column":72}},"12":{"start":{"line":30,"column":12},"end":{"line":30,"column":75}},"13":{"start":{"line":31,"column":12},"end":{"line":31,"column":39}},"14":{"start":{"line":32,"column":12},"end":{"line":32,"column":31}},"15":{"start":{"line":35,"column":8},"end":{"line":35,"column":35}},"16":{"start":{"line":36,"column":8},"end":{"line":36,"column":17}},"17":{"start":{"line":38,"column":8},"end":{"line":38,"column":65}},"18":{"start":{"line":39,"column":8},"end":{"line":39,"column":17}},"19":{"start":{"line":47,"column":4},"end":{"line":58,"column":5}},"20":{"start":{"line":48,"column":8},"end":{"line":48,"column":63}},"21":{"start":{"line":49,"column":24},"end":{"line":52,"column":10}},"22":{"start":{"line":53,"column":8},"end":{"line":53,"column":70}},"23":{"start":{"line":54,"column":8},"end":{"line":54,"column":19}},"24":{"start":{"line":56,"column":8},"end":{"line":56,"column":65}},"25":{"start":{"line":57,"column":8},"end":{"line":57,"column":20}},"26":{"start":{"line":69,"column":4},"end":{"line":99,"column":5}},"27":{"start":{"line":70,"column":8},"end":{"line":70,"column":53}},"28":{"start":{"line":71,"column":23},"end":{"line":73,"column":10}},"29":{"start":{"line":75,"column":26},"end":{"line":75,"column":79}},"30":{"start":{"line":75,"column":63},"end":{"line":75,"column":78}},"31":{"start":{"line":77,"column":25},"end":{"line":77,"column":59}},"32":{"start":{"line":79,"column":8},"end":{"line":79,"column":50}},"33":{"start":{"line":80,"column":26},"end":{"line":83,"column":10}},"34":{"start":{"line":85,"column":8},"end":{"line":88,"column":9}},"35":{"start":{"line":86,"column":12},"end":{"line":86,"column":86}},"36":{"start":{"line":87,"column":12},"end":{"line":87,"column":24}},"37":{"start":{"line":92,"column":12},"end":{"line":92,"column":66}},"38":{"start":{"line":94,"column":8},"end":{"line":94,"column":62}},"39":{"start":{"line":95,"column":8},"end":{"line":95,"column":25}},"40":{"start":{"line":97,"column":8},"end":{"line":97,"column":60}},"41":{"start":{"line":98,"column":8},"end":{"line":98,"column":20}},"42":{"start":{"line":110,"column":4},"end":{"line":200,"column":5}},"43":{"start":{"line":111,"column":8},"end":{"line":111,"column":60}},"44":{"start":{"line":115,"column":12},"end":{"line":115,"column":41}},"45":{"start":{"line":116,"column":8},"end":{"line":119,"column":9}},"46":{"start":{"line":117,"column":12},"end":{"line":117,"column":57}},"47":{"start":{"line":118,"column":12},"end":{"line":118,"column":92}},"48":{"start":{"line":121,"column":8},"end":{"line":121,"column":49}},"49":{"start":{"line":124,"column":25},"end":{"line":124,"column":64}},"50":{"start":{"line":125,"column":8},"end":{"line":127,"column":9}},"51":{"start":{"line":126,"column":12},"end":{"line":126,"column":89}},"52":{"start":{"line":129,"column":27},"end":{"line":129,"column":89}},"53":{"start":{"line":130,"column":8},"end":{"line":130,"column":64}},"54":{"start":{"line":133,"column":26},"end":{"line":133,"column":36}},"55":{"start":{"line":134,"column":25},"end":{"line":134,"column":54}},"56":{"start":{"line":137,"column":8},"end":{"line":137,"column":63}},"57":{"start":{"line":138,"column":28},"end":{"line":138,"column":60}},"58":{"start":{"line":141,"column":8},"end":{"line":141,"column":64}},"59":{"start":{"line":142,"column":29},"end":{"line":142,"column":68}},"60":{"start":{"line":145,"column":8},"end":{"line":150,"column":9}},"61":{"start":{"line":146,"column":12},"end":{"line":146,"column":68}},"62":{"start":{"line":147,"column":12},"end":{"line":147,"column":98}},"63":{"start":{"line":149,"column":12},"end":{"line":149,"column":84}},"64":{"start":{"line":153,"column":8},"end":{"line":153,"column":51}},"65":{"start":{"line":154,"column":8},"end":{"line":154,"column":64}},"66":{"start":{"line":156,"column":23},"end":{"line":158,"column":10}},"67":{"start":{"line":160,"column":8},"end":{"line":160,"column":66}},"68":{"start":{"line":161,"column":26},"end":{"line":161,"column":79}},"69":{"start":{"line":161,"column":63},"end":{"line":161,"column":78}},"70":{"start":{"line":163,"column":32},"end":{"line":166,"column":10}},"71":{"start":{"line":168,"column":8},"end":{"line":171,"column":9}},"72":{"start":{"line":169,"column":12},"end":{"line":169,"column":81}},"73":{"start":{"line":170,"column":12},"end":{"line":170,"column":86}},"74":{"start":{"line":176,"column":12},"end":{"line":176,"column":66}},"75":{"start":{"line":178,"column":8},"end":{"line":178,"column":67}},"76":{"start":{"line":180,"column":8},"end":{"line":183,"column":11}},"77":{"start":{"line":185,"column":8},"end":{"line":192,"column":10}},"78":{"start":{"line":194,"column":8},"end":{"line":194,"column":56}},"79":{"start":{"line":195,"column":8},"end":{"line":199,"column":10}},"80":{"start":{"line":207,"column":4},"end":{"line":251,"column":5}},"81":{"start":{"line":210,"column":12},"end":{"line":210,"column":41}},"82":{"start":{"line":211,"column":8},"end":{"line":213,"column":9}},"83":{"start":{"line":212,"column":12},"end":{"line":212,"column":76}},"84":{"start":{"line":216,"column":23},"end":{"line":218,"column":10}},"85":{"start":{"line":221,"column":26},"end":{"line":221,"column":60}},"86":{"start":{"line":222,"column":25},"end":{"line":222,"column":64}},"87":{"start":{"line":225,"column":26},"end":{"line":225,"column":79}},"88":{"start":{"line":225,"column":63},"end":{"line":225,"column":78}},"89":{"start":{"line":228,"column":32},"end":{"line":231,"column":10}},"90":{"start":{"line":233,"column":8},"end":{"line":236,"column":9}},"91":{"start":{"line":234,"column":12},"end":{"line":234,"column":82}},"92":{"start":{"line":235,"column":12},"end":{"line":235,"column":70}},"93":{"start":{"line":241,"column":12},"end":{"line":241,"column":67}},"94":{"start":{"line":243,"column":8},"end":{"line":243,"column":50}},"95":{"start":{"line":245,"column":8},"end":{"line":245,"column":57}},"96":{"start":{"line":246,"column":8},"end":{"line":250,"column":10}},"97":{"start":{"line":258,"column":4},"end":{"line":270,"column":5}},"98":{"start":{"line":259,"column":26},"end":{"line":259,"column":76}},"99":{"start":{"line":261,"column":8},"end":{"line":264,"column":9}},"100":{"start":{"line":262,"column":12},"end":{"line":262,"column":80}},"101":{"start":{"line":263,"column":12},"end":{"line":263,"column":25}},"102":{"start":{"line":266,"column":8},"end":{"line":266,"column":20}},"103":{"start":{"line":268,"column":8},"end":{"line":268,"column":55}},"104":{"start":{"line":269,"column":8},"end":{"line":269,"column":21}}},"fnMap":{"0":{"name":"getVideoDuration","decl":{"start":{"line":23,"column":15},"end":{"line":23,"column":31}},"loc":{"start":{"line":23,"column":43},"end":{"line":41,"column":1}}},"1":{"name":"generateThumbnail","decl":{"start":{"line":46,"column":15},"end":{"line":46,"column":32}},"loc":{"start":{"line":46,"column":72},"end":{"line":59,"column":1}}},"2":{"name":"uploadThumbnail","decl":{"start":{"line":64,"column":15},"end":{"line":64,"column":30}},"loc":{"start":{"line":67,"column":21},"end":{"line":100,"column":1}}},"3":{"name":"(anonymous_12)","decl":{"start":{"line":75,"column":56},"end":{"line":75,"column":57}},"loc":{"start":{"line":75,"column":63},"end":{"line":75,"column":78}}},"4":{"name":"uploadVideo","decl":{"start":{"line":106,"column":22},"end":{"line":106,"column":33}},"loc":{"start":{"line":108,"column":51},"end":{"line":201,"column":1}}},"5":{"name":"(anonymous_14)","decl":{"start":{"line":161,"column":56},"end":{"line":161,"column":57}},"loc":{"start":{"line":161,"column":63},"end":{"line":161,"column":78}}},"6":{"name":"uploadAvatar","decl":{"start":{"line":206,"column":22},"end":{"line":206,"column":34}},"loc":{"start":{"line":206,"column":51},"end":{"line":252,"column":1}}},"7":{"name":"(anonymous_16)","decl":{"start":{"line":225,"column":56},"end":{"line":225,"column":57}},"loc":{"start":{"line":225,"column":63},"end":{"line":225,"column":78}}},"8":{"name":"deleteFile","decl":{"start":{"line":257,"column":22},"end":{"line":257,"column":32}},"loc":{"start":{"line":257,"column":61},"end":{"line":271,"column":1}}}},"branchMap":{"0":{"loc":{"start":{"line":28,"column":8},"end":{"line":33,"column":9}},"type":"if","locations":[{"start":{"line":28,"column":8},"end":{"line":33,"column":9}}]},"1":{"loc":{"start":{"line":28,"column":12},"end":{"line":28,"column":52}},"type":"binary-expr","locations":[{"start":{"line":28,"column":12},"end":{"line":28,"column":27}},{"start":{"line":28,"column":31},"end":{"line":28,"column":52}}]},"2":{"loc":{"start":{"line":46,"column":51},"end":{"line":46,"column":72}},"type":"default-arg","locations":[{"start":{"line":46,"column":68},"end":{"line":46,"column":72}}]},"3":{"loc":{"start":{"line":85,"column":8},"end":{"line":88,"column":9}},"type":"if","locations":[{"start":{"line":85,"column":8},"end":{"line":88,"column":9}}]},"4":{"loc":{"start":{"line":116,"column":8},"end":{"line":119,"column":9}},"type":"if","locations":[{"start":{"line":116,"column":8},"end":{"line":119,"column":9}}]},"5":{"loc":{"start":{"line":125,"column":8},"end":{"line":127,"column":9}},"type":"if","locations":[{"start":{"line":125,"column":8},"end":{"line":127,"column":9}}]},"6":{"loc":{"start":{"line":145,"column":8},"end":{"line":150,"column":9}},"type":"if","locations":[{"start":{"line":145,"column":8},"end":{"line":150,"column":9}},{"start":{"line":148,"column":15},"end":{"line":150,"column":9}}]},"7":{"loc":{"start":{"line":147,"column":27},"end":{"line":147,"column":97}},"type":"binary-expr","locations":[{"start":{"line":147,"column":28},"end":{"line":147,"column":83}},{"start":{"line":147,"column":88},"end":{"line":147,"column":97}}]},"8":{"loc":{"start":{"line":168,"column":8},"end":{"line":171,"column":9}},"type":"if","locations":[{"start":{"line":168,"column":8},"end":{"line":171,"column":9}}]},"9":{"loc":{"start":{"line":190,"column":29},"end":{"line":190,"column":53}},"type":"binary-expr","locations":[{"start":{"line":190,"column":29},"end":{"line":190,"column":40}},{"start":{"line":190,"column":44},"end":{"line":190,"column":53}}]},"10":{"loc":{"start":{"line":198,"column":19},"end":{"line":198,"column":75}},"type":"cond-expr","locations":[{"start":{"line":198,"column":44},"end":{"line":198,"column":57}},{"start":{"line":198,"column":60},"end":{"line":198,"column":75}}]},"11":{"loc":{"start":{"line":211,"column":8},"end":{"line":213,"column":9}},"type":"if","locations":[{"start":{"line":211,"column":8},"end":{"line":213,"column":9}}]},"12":{"loc":{"start":{"line":221,"column":26},"end":{"line":221,"column":60}},"type":"binary-expr","locations":[{"start":{"line":221,"column":26},"end":{"line":221,"column":51}},{"start":{"line":221,"column":55},"end":{"line":221,"column":60}}]},"13":{"loc":{"start":{"line":233,"column":8},"end":{"line":236,"column":9}},"type":"if","locations":[{"start":{"line":233,"column":8},"end":{"line":236,"column":9}}]},"14":{"loc":{"start":{"line":249,"column":19},"end":{"line":249,"column":75}},"type":"cond-expr","locations":[{"start":{"line":249,"column":44},"end":{"line":249,"column":57}},{"start":{"line":249,"column":60},"end":{"line":249,"column":75}}]},"15":{"loc":{"start":{"line":261,"column":8},"end":{"line":264,"column":9}},"type":"if","locations":[{"start":{"line":261,"column":8},"end":{"line":264,"column":9}}]}},"s":{"0":1,"1":1,"2":1,"3":1,"4":1,"5":1,"6":1,"7":1,"8":2,"9":2,"10":0,"11":0,"12":0,"13":0,"14":0,"15":0,"16":0,"17":2,"18":2,"19":2,"20":2,"21":2,"22":1,"23":1,"24":1,"25":1,"26":1,"27":1,"28":1,"29":1,"30":13,"31":1,"32":1,"33":1,"34":1,"35":0,"36":0,"37":1,"38":1,"39":1,"40":0,"41":0,"42":4,"43":4,"44":4,"45":4,"46":1,"47":1,"48":3,"49":3,"50":3,"51":1,"52":2,"53":2,"54":2,"55":2,"56":2,"57":2,"58":2,"59":2,"60":2,"61":1,"62":1,"63":1,"64":2,"65":2,"66":2,"67":2,"68":2,"69":17,"70":2,"71":2,"72":1,"73":1,"74":1,"75":1,"76":1,"77":1,"78":0,"79":0,"80":2,"81":2,"82":2,"83":1,"84":1,"85":1,"86":1,"87":1,"88":13,"89":1,"90":1,"91":0,"92":0,"93":1,"94":1,"95":0,"96":0,"97":2,"98":2,"99":2,"100":1,"101":1,"102":1,"103":0,"104":0},"f":{"0":2,"1":2,"2":1,"3":13,"4":4,"5":17,"6":2,"7":13,"8":2},"b":{"0":[0],"1":[0,0],"2":[0],"3":[0],"4":[1],"5":[1],"6":[1,1],"7":[1,0],"8":[1],"9":[1,1],"10":[0,0],"11":[1],"12":[1,0],"13":[0],"14":[0,0],"15":[1]}}
,"/Users/tommac/Desktop/Solo Builder/my2light-mobile/stores/recordingStore.ts": {"path":"/Users/tommac/Desktop/Solo Builder/my2light-mobile/stores/recordingStore.ts","statementMap":{"0":{"start":{"line":6,"column":0},"end":{"line":6,"column":33}},"1":{"start":{"line":48,"column":13},"end":{"line":142,"column":4}},"2":{"start":{"line":48,"column":71},"end":{"line":142,"column":2}},"3":{"start":{"line":56,"column":8},"end":{"line":58,"column":11}},"4":{"start":{"line":56,"column":24},"end":{"line":58,"column":10}},"5":{"start":{"line":61,"column":8},"end":{"line":63,"column":11}},"6":{"start":{"line":61,"column":24},"end":{"line":63,"column":10}},"7":{"start":{"line":73,"column":8},"end":{"line":79,"column":10}},"8":{"start":{"line":82,"column":8},"end":{"line":85,"column":10}},"9":{"start":{"line":88,"column":22},"end":{"line":88,"column":27}},"10":{"start":{"line":89,"column":28},"end":{"line":89,"column":45}},"11":{"start":{"line":90,"column":25},"end":{"line":90,"column":57}},"12":{"start":{"line":91,"column":32},"end":{"line":91,"column":59}},"13":{"start":{"line":94,"column":26},"end":{"line":94,"column":61}},"14":{"start":{"line":96,"column":46},"end":{"line":101,"column":10}},"15":{"start":{"line":103,"column":8},"end":{"line":103,"column":65}},"16":{"start":{"line":107,"column":8},"end":{"line":109,"column":11}},"17":{"start":{"line":107,"column":24},"end":{"line":109,"column":10}},"18":{"start":{"line":108,"column":55},"end":{"line":108,"column":66}},"19":{"start":{"line":112,"column":8},"end":{"line":119,"column":10}},"20":{"start":{"line":121,"column":33},"end":{"line":121,"column":59}},"21":{"start":{"line":127,"column":8},"end":{"line":134,"column":10}},"22":{"start":{"line":128,"column":31},"end":{"line":128,"column":70}},"23":{"start":{"line":129,"column":12},"end":{"line":133,"column":14}},"24":{"start":{"line":131,"column":65},"end":{"line":131,"column":75}},"25":{"start":{"line":137,"column":8},"end":{"line":139,"column":11}},"26":{"start":{"line":137,"column":24},"end":{"line":139,"column":10}},"27":{"start":{"line":138,"column":62},"end":{"line":138,"column":66}},"28":{"start":{"line":141,"column":26},"end":{"line":141,"column":59}}},"fnMap":{"0":{"name":"(anonymous_0)","decl":{"start":{"line":48,"column":56},"end":{"line":48,"column":57}},"loc":{"start":{"line":48,"column":71},"end":{"line":142,"column":2}}},"1":{"name":"(anonymous_1)","decl":{"start":{"line":55,"column":28},"end":{"line":55,"column":29}},"loc":{"start":{"line":56,"column":8},"end":{"line":58,"column":11}}},"2":{"name":"(anonymous_2)","decl":{"start":{"line":56,"column":12},"end":{"line":56,"column":13}},"loc":{"start":{"line":56,"column":24},"end":{"line":58,"column":10}}},"3":{"name":"(anonymous_3)","decl":{"start":{"line":60,"column":26},"end":{"line":60,"column":27}},"loc":{"start":{"line":61,"column":8},"end":{"line":63,"column":11}}},"4":{"name":"(anonymous_4)","decl":{"start":{"line":61,"column":12},"end":{"line":61,"column":13}},"loc":{"start":{"line":61,"column":24},"end":{"line":63,"column":10}}},"5":{"name":"(anonymous_5)","decl":{"start":{"line":72,"column":20},"end":{"line":72,"column":23}},"loc":{"start":{"line":73,"column":8},"end":{"line":79,"column":10}}},"6":{"name":"(anonymous_6)","decl":{"start":{"line":81,"column":19},"end":{"line":81,"column":20}},"loc":{"start":{"line":82,"column":8},"end":{"line":85,"column":10}}},"7":{"name":"(anonymous_7)","decl":{"start":{"line":87,"column":18},"end":{"line":87,"column":21}},"loc":{"start":{"line":87,"column":23},"end":{"line":104,"column":5}}},"8":{"name":"(anonymous_8)","decl":{"start":{"line":106,"column":21},"end":{"line":106,"column":22}},"loc":{"start":{"line":107,"column":8},"end":{"line":109,"column":11}}},"9":{"name":"(anonymous_9)","decl":{"start":{"line":107,"column":12},"end":{"line":107,"column":13}},"loc":{"start":{"line":107,"column":24},"end":{"line":109,"column":10}}},"10":{"name":"(anonymous_10)","decl":{"start":{"line":108,"column":48},"end":{"line":108,"column":49}},"loc":{"start":{"line":108,"column":55},"end":{"line":108,"column":66}}},"11":{"name":"(anonymous_11)","decl":{"start":{"line":111,"column":18},"end":{"line":111,"column":21}},"loc":{"start":{"line":112,"column":8},"end":{"line":119,"column":10}}},"12":{"name":"(anonymous_12)","decl":{"start":{"line":121,"column":23},"end":{"line":121,"column":24}},"loc":{"start":{"line":121,"column":33},"end":{"line":121,"column":59}}},"13":{"name":"(anonymous_13)","decl":{"start":{"line":126,"column":30},"end":{"line":126,"column":31}},"loc":{"start":{"line":127,"column":8},"end":{"line":134,"column":10}}},"14":{"name":"(anonymous_14)","decl":{"start":{"line":127,"column":12},"end":{"line":127,"column":13}},"loc":{"start":{"line":127,"column":22},"end":{"line":134,"column":9}}},"15":{"name":"(anonymous_15)","decl":{"start":{"line":131,"column":56},"end":{"line":131,"column":57}},"loc":{"start":{"line":131,"column":65},"end":{"line":131,"column":75}}},"16":{"name":"(anonymous_16)","decl":{"start":{"line":136,"column":25},"end":{"line":136,"column":28}},"loc":{"start":{"line":137,"column":8},"end":{"line":139,"column":11}}},"17":{"name":"(anonymous_17)","decl":{"start":{"line":137,"column":12},"end":{"line":137,"column":13}},"loc":{"start":{"line":137,"column":24},"end":{"line":139,"column":10}}},"18":{"name":"(anonymous_18)","decl":{"start":{"line":138,"column":55},"end":{"line":138,"column":56}},"loc":{"start":{"line":138,"column":62},"end":{"line":138,"column":66}}},"19":{"name":"(anonymous_19)","decl":{"start":{"line":141,"column":20},"end":{"line":141,"column":23}},"loc":{"start":{"line":141,"column":26},"end":{"line":141,"column":59}}}},"branchMap":{"0":{"loc":{"start":{"line":130,"column":38},"end":{"line":132,"column":57}},"type":"cond-expr","locations":[{"start":{"line":131,"column":22},"end":{"line":131,"column":76}},{"start":{"line":132,"column":22},"end":{"line":132,"column":57}}]}},"s":{"0":0,"1":0,"2":0,"3":0,"4":0,"5":0,"6":0,"7":0,"8":0,"9":0,"10":0,"11":0,"12":0,"13":0,"14":0,"15":0,"16":0,"17":0,"18":0,"19":0,"20":0,"21":0,"22":0,"23":0,"24":0,"25":0,"26":0,"27":0,"28":0},"f":{"0":0,"1":0,"2":0,"3":0,"4":0,"5":0,"6":0,"7":0,"8":0,"9":0,"10":0,"11":0,"12":0,"13":0,"14":0,"15":0,"16":0,"17":0,"18":0,"19":0},"b":{"0":[0,0]}}
}
