TN:
SF:hooks/useApi.ts
FN:9,(anonymous_0)
FN:10,(anonymous_1)
FN:11,(anonymous_2)
FN:15,(anonymous_3)
FN:16,(anonymous_4)
FN:24,(anonymous_5)
FN:25,(anonymous_6)
FN:29,(anonymous_7)
FN:33,(anonymous_8)
FN:34,(anonymous_9)
FN:38,(anonymous_10)
FN:43,useHighlights
FN:46,(anonymous_12)
FN:54,useUserHighlights
FN:57,(anonymous_14)
FN:66,useCreateHighlight
FN:70,(anonymous_16)
FN:83,(anonymous_17)
FN:89,useToggleLike
FN:93,(anonymous_19)
FN:95,(anonymous_20)
FN:102,useCourts
FN:105,(anonymous_22)
FN:113,useCourtById
FN:116,(anonymous_24)
FN:126,useCurrentUser
FN:129,(anonymous_26)
FN:138,useUpdateUserProfile
FN:142,(anonymous_28)
FN:143,(anonymous_29)
FN:149,useUserCredits
FN:152,(anonymous_31)
FN:161,useBookingHistory
FN:164,(anonymous_33)
FN:172,useActiveBooking
FN:175,(anonymous_35)
FN:184,useMatchRequests
FN:187,(anonymous_37)
FN:195,useCreateMatchRequest
FN:199,(anonymous_39)
FN:201,(anonymous_40)
FN:208,useNotifications
FN:211,(anonymous_42)
FN:219,useUnreadNotificationCount
FN:222,(anonymous_44)
FN:230,useMarkNotificationRead
FN:234,(anonymous_46)
FN:235,(anonymous_47)
FN:241,useMarkAllNotificationsRead
FN:245,(anonymous_49)
FN:246,(anonymous_50)
FN:253,useTransactions
FN:256,(anonymous_52)
FNF:53
FNH:0
FNDA:0,(anonymous_0)
FNDA:0,(anonymous_1)
FNDA:0,(anonymous_2)
FNDA:0,(anonymous_3)
FNDA:0,(anonymous_4)
FNDA:0,(anonymous_5)
FNDA:0,(anonymous_6)
FNDA:0,(anonymous_7)
FNDA:0,(anonymous_8)
FNDA:0,(anonymous_9)
FNDA:0,(anonymous_10)
FNDA:0,useHighlights
FNDA:0,(anonymous_12)
FNDA:0,useUserHighlights
FNDA:0,(anonymous_14)
FNDA:0,useCreateHighlight
FNDA:0,(anonymous_16)
FNDA:0,(anonymous_17)
FNDA:0,useToggleLike
FNDA:0,(anonymous_19)
FNDA:0,(anonymous_20)
FNDA:0,useCourts
FNDA:0,(anonymous_22)
FNDA:0,useCourtById
FNDA:0,(anonymous_24)
FNDA:0,useCurrentUser
FNDA:0,(anonymous_26)
FNDA:0,useUpdateUserProfile
FNDA:0,(anonymous_28)
FNDA:0,(anonymous_29)
FNDA:0,useUserCredits
FNDA:0,(anonymous_31)
FNDA:0,useBookingHistory
FNDA:0,(anonymous_33)
FNDA:0,useActiveBooking
FNDA:0,(anonymous_35)
FNDA:0,useMatchRequests
FNDA:0,(anonymous_37)
FNDA:0,useCreateMatchRequest
FNDA:0,(anonymous_39)
FNDA:0,(anonymous_40)
FNDA:0,useNotifications
FNDA:0,(anonymous_42)
FNDA:0,useUnreadNotificationCount
FNDA:0,(anonymous_44)
FNDA:0,useMarkNotificationRead
FNDA:0,(anonymous_46)
FNDA:0,(anonymous_47)
FNDA:0,useMarkAllNotificationsRead
FNDA:0,(anonymous_49)
FNDA:0,(anonymous_50)
FNDA:0,useTransactions
FNDA:0,(anonymous_52)
DA:1,0
DA:2,0
DA:6,0
DA:9,0
DA:10,0
DA:11,0
DA:15,0
DA:16,0
DA:24,0
DA:25,0
DA:29,0
DA:33,0
DA:34,0
DA:38,0
DA:43,0
DA:44,0
DA:47,0
DA:48,0
DA:54,0
DA:55,0
DA:58,0
DA:59,0
DA:66,0
DA:67,0
DA:69,0
DA:76,0
DA:84,0
DA:89,0
DA:90,0
DA:92,0
DA:94,0
DA:96,0
DA:102,0
DA:103,0
DA:106,0
DA:107,0
DA:113,0
DA:114,0
DA:117,0
DA:118,0
DA:126,0
DA:127,0
DA:130,0
DA:131,0
DA:138,0
DA:139,0
DA:141,0
DA:142,0
DA:144,0
DA:149,0
DA:150,0
DA:153,0
DA:154,0
DA:161,0
DA:162,0
DA:165,0
DA:166,0
DA:172,0
DA:173,0
DA:176,0
DA:177,0
DA:184,0
DA:185,0
DA:188,0
DA:189,0
DA:195,0
DA:196,0
DA:198,0
DA:200,0
DA:202,0
DA:208,0
DA:209,0
DA:212,0
DA:213,0
DA:219,0
DA:220,0
DA:223,0
DA:224,0
DA:230,0
DA:231,0
DA:233,0
DA:234,0
DA:236,0
DA:241,0
DA:242,0
DA:244,0
DA:245,0
DA:247,0
DA:253,0
DA:254,0
DA:257,0
DA:258,0
LF:92
LH:0
BRDA:43,0,0,0
BRDA:54,1,0,0
BRDA:208,2,0,0
BRDA:253,3,0,0
BRF:4
BRH:0
end_of_record
TN:
SF:hooks/useBookingRealtime.ts
FN:22,useBookingRealtime
FN:27,(anonymous_1)
FN:51,(anonymous_2)
FN:56,(anonymous_3)
FN:61,(anonymous_4)
FN:63,(anonymous_5)
FN:67,(anonymous_6)
FN:91,useUpcomingBookings
FN:97,(anonymous_8)
FN:117,(anonymous_9)
FN:122,(anonymous_10)
FN:127,(anonymous_11)
FN:133,(anonymous_12)
FN:134,(anonymous_13)
FN:142,(anonymous_14)
FN:142,(anonymous_15)
FN:147,(anonymous_16)
FN:163,useSlotAvailability
FN:168,(anonymous_18)
FN:187,(anonymous_19)
FNF:20
FNH:0
FNDA:0,useBookingRealtime
FNDA:0,(anonymous_1)
FNDA:0,(anonymous_2)
FNDA:0,(anonymous_3)
FNDA:0,(anonymous_4)
FNDA:0,(anonymous_5)
FNDA:0,(anonymous_6)
FNDA:0,useUpcomingBookings
FNDA:0,(anonymous_8)
FNDA:0,(anonymous_9)
FNDA:0,(anonymous_10)
FNDA:0,(anonymous_11)
FNDA:0,(anonymous_12)
FNDA:0,(anonymous_13)
FNDA:0,(anonymous_14)
FNDA:0,(anonymous_15)
FNDA:0,(anonymous_16)
FNDA:0,useSlotAvailability
FNDA:0,(anonymous_18)
FNDA:0,(anonymous_19)
DA:6,0
DA:7,0
DA:8,0
DA:9,0
DA:22,0
DA:23,0
DA:24,0
DA:25,0
DA:27,0
DA:28,0
DA:29,0
DA:30,0
DA:31,0
DA:34,0
DA:35,0
DA:37,0
DA:38,0
DA:39,0
DA:40,0
DA:42,0
DA:45,0
DA:47,0
DA:51,0
DA:52,0
DA:56,0
DA:57,0
DA:59,0
DA:63,0
DA:67,0
DA:68,0
DA:72,0
DA:91,0
DA:92,0
DA:93,0
DA:94,0
DA:95,0
DA:97,0
DA:98,0
DA:99,0
DA:100,0
DA:101,0
DA:104,0
DA:105,0
DA:106,0
DA:107,0
DA:108,0
DA:111,0
DA:113,0
DA:117,0
DA:118,0
DA:122,0
DA:123,0
DA:125,0
DA:128,0
DA:130,0
DA:131,0
DA:133,0
DA:134,0
DA:135,0
DA:140,0
DA:142,0
DA:147,0
DA:148,0
DA:152,0
DA:163,0
DA:164,0
DA:165,0
DA:166,0
DA:168,0
DA:169,0
DA:170,0
DA:171,0
DA:174,0
DA:175,0
DA:176,0
DA:177,0
DA:178,0
DA:181,0
DA:183,0
DA:187,0
DA:188,0
DA:191,0
LF:82
LH:0
BRDA:28,0,0,0
BRDA:39,1,0,0
BRDA:39,1,1,0
BRDA:39,2,0,0
BRDA:39,2,1,0
BRDA:42,3,0,0
BRDA:42,3,1,0
BRDA:57,4,0,0
BRDA:63,5,0,0
BRDA:63,5,1,0
BRDA:98,6,0,0
BRDA:107,7,0,0
BRDA:123,8,0,0
BRDA:128,9,0,0
BRDA:128,9,1,0
BRDA:131,10,0,0
BRDA:131,10,1,0
BRDA:135,11,0,0
BRDA:135,11,1,0
BRDA:140,12,0,0
BRDA:169,13,0,0
BRDA:169,14,0,0
BRDA:169,14,1,0
BRDA:177,15,0,0
BRF:24
BRH:0
end_of_record
TN:
SF:hooks/useNetwork.ts
FN:33,useNetworkStatus
FN:40,(anonymous_2)
FN:43,(anonymous_3)
FN:52,(anonymous_4)
FN:70,(anonymous_5)
FN:89,(anonymous_6)
FN:109,(anonymous_7)
FN:122,(anonymous_8)
FN:124,(anonymous_9)
FN:131,(anonymous_10)
FN:133,(anonymous_11)
FN:145,(anonymous_12)
FN:153,(anonymous_13)
FN:161,useOfflineQueue
FN:169,(anonymous_15)
FN:170,(anonymous_16)
FN:178,(anonymous_17)
FN:184,(anonymous_18)
FN:217,(anonymous_19)
FN:236,withOfflineSupport
FNF:20
FNH:0
FNDA:0,useNetworkStatus
FNDA:0,(anonymous_2)
FNDA:0,(anonymous_3)
FNDA:0,(anonymous_4)
FNDA:0,(anonymous_5)
FNDA:0,(anonymous_6)
FNDA:0,(anonymous_7)
FNDA:0,(anonymous_8)
FNDA:0,(anonymous_9)
FNDA:0,(anonymous_10)
FNDA:0,(anonymous_11)
FNDA:0,(anonymous_12)
FNDA:0,(anonymous_13)
FNDA:0,useOfflineQueue
FNDA:0,(anonymous_15)
FNDA:0,(anonymous_16)
FNDA:0,(anonymous_17)
FNDA:0,(anonymous_18)
FNDA:0,(anonymous_19)
FNDA:0,withOfflineSupport
DA:6,0
DA:7,0
DA:8,0
DA:9,0
DA:11,0
DA:14,0
DA:33,0
DA:34,0
DA:40,0
DA:43,0
DA:45,0
DA:46,0
DA:49,0
DA:52,0
DA:53,0
DA:59,0
DA:61,0
DA:62,0
DA:63,0
DA:64,0
DA:68,0
DA:70,0
DA:71,0
DA:75,0
DA:83,0
DA:90,0
DA:98,0
DA:99,0
DA:100,0
DA:102,0
DA:103,0
DA:110,0
DA:111,0
DA:112,0
DA:113,0
DA:115,0
DA:123,0
DA:124,0
DA:125,0
DA:132,0
DA:133,0
DA:134,0
DA:135,0
DA:137,0
DA:139,0
DA:146,0
DA:147,0
DA:154,0
DA:161,0
DA:164,0
DA:165,0
DA:166,0
DA:169,0
DA:170,0
DA:171,0
DA:172,0
DA:174,0
DA:178,0
DA:179,0
DA:180,0
DA:184,0
DA:185,0
DA:186,0
DA:188,0
DA:189,0
DA:191,0
DA:192,0
DA:193,0
DA:194,0
DA:195,0
DA:198,0
DA:199,0
DA:200,0
DA:201,0
DA:202,0
DA:204,0
DA:207,0
DA:208,0
DA:212,0
DA:213,0
DA:214,0
DA:217,0
DA:218,0
DA:219,0
DA:220,0
DA:221,0
DA:224,0
DA:236,0
DA:245,0
DA:247,0
DA:248,0
DA:249,0
DA:251,0
DA:254,0
DA:255,0
DA:256,0
DA:258,0
DA:259,0
DA:260,0
DA:262,0
LF:100
LH:0
BRDA:54,0,0,0
BRDA:54,0,1,0
BRDA:61,1,0,0
BRDA:61,1,1,0
BRDA:63,2,0,0
BRDA:63,3,0,0
BRDA:63,3,1,0
BRDA:111,4,0,0
BRDA:134,5,0,0
BRDA:179,6,0,0
BRDA:179,7,0,0
BRDA:179,7,1,0
BRDA:186,8,0,0
BRDA:192,9,0,0
BRDA:200,10,0,0
BRDA:200,10,1,0
BRDA:247,11,0,0
BRDA:248,12,0,0
BRDA:248,13,0,0
BRDA:248,13,1,0
BRDA:248,13,2,0
BRDA:259,14,0,0
BRDA:259,15,0,0
BRDA:259,15,1,0
BRDA:259,15,2,0
BRF:25
BRH:0
end_of_record
TN:
SF:hooks/usePushNotifications.ts
FN:12,usePushNotifications
FN:17,(anonymous_10)
FN:23,(anonymous_11)
FN:30,(anonymous_12)
FN:45,(anonymous_13)
FNF:5
FNH:0
FNDA:0,usePushNotifications
FNDA:0,(anonymous_10)
FNDA:0,(anonymous_11)
FNDA:0,(anonymous_12)
FNDA:0,(anonymous_13)
DA:6,0
DA:7,0
DA:8,0
DA:9,0
DA:12,0
DA:13,0
DA:14,0
DA:15,0
DA:17,0
DA:19,0
DA:22,0
DA:24,0
DA:29,0
DA:31,0
DA:32,0
DA:35,0
DA:36,0
DA:37,0
DA:38,0
DA:39,0
DA:40,0
DA:45,0
DA:46,0
DA:47,0
DA:49,0
DA:50,0
LF:26
LH:0
BRDA:35,0,0,0
BRDA:35,0,1,0
BRDA:37,1,0,0
BRDA:37,1,1,0
BRDA:39,2,0,0
BRDA:46,3,0,0
BRDA:49,4,0,0
BRF:7
BRH:0
end_of_record
TN:
SF:lib/backgroundUpload.ts
FN:35,(anonymous_1)
FN:58,(anonymous_2)
FN:71,(anonymous_3)
FN:73,(anonymous_4)
FN:82,(anonymous_5)
FN:91,(anonymous_6)
FN:99,(anonymous_7)
FN:110,(anonymous_8)
FN:112,(anonymous_9)
FN:125,(anonymous_10)
FN:127,(anonymous_11)
FN:135,(anonymous_12)
FN:137,(anonymous_13)
FN:143,(anonymous_14)
FN:145,(anonymous_15)
FN:151,(anonymous_16)
FN:163,(anonymous_17)
FN:165,(anonymous_18)
FN:173,(anonymous_19)
FN:175,(anonymous_20)
FN:181,(anonymous_21)
FN:183,(anonymous_22)
FNF:22
FNH:0
FNDA:0,(anonymous_1)
FNDA:0,(anonymous_2)
FNDA:0,(anonymous_3)
FNDA:0,(anonymous_4)
FNDA:0,(anonymous_5)
FNDA:0,(anonymous_6)
FNDA:0,(anonymous_7)
FNDA:0,(anonymous_8)
FNDA:0,(anonymous_9)
FNDA:0,(anonymous_10)
FNDA:0,(anonymous_11)
FNDA:0,(anonymous_12)
FNDA:0,(anonymous_13)
FNDA:0,(anonymous_14)
FNDA:0,(anonymous_15)
FNDA:0,(anonymous_16)
FNDA:0,(anonymous_17)
FNDA:0,(anonymous_18)
FNDA:0,(anonymous_19)
FNDA:0,(anonymous_20)
FNDA:0,(anonymous_21)
FNDA:0,(anonymous_22)
DA:6,0
DA:7,0
DA:9,0
DA:11,0
DA:12,0
DA:31,0
DA:36,0
DA:38,0
DA:47,0
DA:48,0
DA:49,0
DA:51,0
DA:52,0
DA:59,0
DA:60,0
DA:61,0
DA:62,0
DA:64,0
DA:72,0
DA:73,0
DA:74,0
DA:76,0
DA:83,0
DA:85,0
DA:92,0
DA:93,0
DA:100,0
DA:104,0
DA:111,0
DA:112,0
DA:114,0
DA:119,0
DA:126,0
DA:127,0
DA:128,0
DA:129,0
DA:136,0
DA:137,0
DA:144,0
DA:145,0
DA:152,0
DA:157,0
DA:164,0
DA:165,0
DA:166,0
DA:174,0
DA:175,0
DA:182,0
DA:183,0
LF:49
LH:0
BRDA:60,0,0,0
BRDA:74,1,0,0
BRDA:74,1,1,0
BRDA:93,2,0,0
BRDA:93,2,1,0
BRDA:117,3,0,0
BRDA:117,3,1,0
BRDA:137,4,0,0
BRDA:137,4,1,0
BRDA:145,5,0,0
BRDA:145,5,1,0
BRDA:175,6,0,0
BRDA:175,6,1,0
BRF:13
BRH:0
end_of_record
TN:
SF:lib/haptics.ts
FN:10,(anonymous_9)
FN:15,(anonymous_10)
FN:20,(anonymous_11)
FN:25,(anonymous_12)
FN:30,(anonymous_13)
FN:35,(anonymous_14)
FN:40,(anonymous_15)
FNF:7
FNH:0
FNDA:0,(anonymous_9)
FNDA:0,(anonymous_10)
FNDA:0,(anonymous_11)
FNDA:0,(anonymous_12)
FNDA:0,(anonymous_13)
FNDA:0,(anonymous_14)
FNDA:0,(anonymous_15)
DA:1,0
DA:6,0
DA:10,0
DA:15,0
DA:20,0
DA:25,0
DA:30,0
DA:35,0
DA:40,0
DA:43,0
LF:10
LH:0
BRF:0
BRH:0
end_of_record
TN:
SF:lib/logger.ts
FN:18,(anonymous_0)
FN:24,(anonymous_1)
FN:57,(anonymous_2)
FN:70,(anonymous_3)
FN:84,(anonymous_4)
FN:98,(anonymous_5)
FN:116,(anonymous_6)
FN:117,(anonymous_7)
FN:118,(anonymous_8)
FN:120,(anonymous_9)
FN:121,(anonymous_10)
FNF:11
FNH:8
FNDA:11,(anonymous_0)
FNDA:0,(anonymous_1)
FNDA:3,(anonymous_2)
FNDA:1,(anonymous_3)
FNDA:0,(anonymous_4)
FNDA:7,(anonymous_5)
FNDA:19,(anonymous_6)
FNDA:3,(anonymous_7)
FNDA:1,(anonymous_8)
FNDA:0,(anonymous_9)
FNDA:7,(anonymous_10)
DA:7,4
DA:18,4
DA:19,11
DA:20,11
DA:21,11
DA:24,4
DA:25,0
DA:26,0
DA:28,0
DA:32,0
DA:33,0
DA:34,0
DA:35,0
DA:36,0
DA:43,0
DA:45,0
DA:48,0
DA:50,0
DA:53,4
DA:58,3
DA:59,3
DA:60,3
DA:61,1
DA:63,2
DA:71,1
DA:72,1
DA:73,1
DA:74,1
DA:75,1
DA:77,0
DA:85,0
DA:86,0
DA:87,0
DA:88,0
DA:90,0
DA:99,7
DA:100,7
DA:101,7
DA:102,7
DA:104,0
DA:116,19
DA:117,3
DA:119,1
DA:120,0
DA:121,7
DA:126,4
DA:127,4
DA:128,4
DA:129,4
LF:49
LH:29
BRDA:20,0,0,11
BRDA:20,0,1,0
BRDA:25,1,0,0
BRDA:26,2,0,0
BRDA:32,3,0,0
BRDA:33,4,0,0
BRDA:33,4,1,0
BRDA:36,5,0,0
BRDA:36,5,1,0
BRDA:37,6,0,0
BRDA:37,6,1,0
BRDA:37,6,2,0
BRDA:37,6,3,0
BRDA:37,6,4,0
BRDA:58,7,0,0
BRDA:60,8,0,1
BRDA:60,8,1,2
BRDA:71,9,0,0
BRDA:71,10,0,1
BRDA:71,10,1,0
BRDA:73,11,0,1
BRDA:73,11,1,0
BRDA:74,12,0,1
BRDA:74,12,1,0
BRDA:86,13,0,0
BRDA:86,13,1,0
BRDA:87,14,0,0
BRDA:87,14,1,0
BRDA:100,15,0,7
BRDA:100,15,1,0
BRDA:101,16,0,7
BRDA:101,16,1,0
BRF:32
BRH:8
end_of_record
TN:
SF:lib/security.ts
FN:50,containsSensitiveData
FN:51,(anonymous_1)
FN:57,maskSensitiveData
FN:61,(anonymous_3)
FN:73,auditEnvironmentVariables
FN:100,validateClientEnv
FN:103,(anonymous_6)
FN:104,(anonymous_7)
FN:114,safeStringify
FN:137,maskHeaders
FNF:10
FNH:0
FNDA:0,containsSensitiveData
FNDA:0,(anonymous_1)
FNDA:0,maskSensitiveData
FNDA:0,(anonymous_3)
FNDA:0,auditEnvironmentVariables
FNDA:0,validateClientEnv
FNDA:0,(anonymous_6)
FNDA:0,(anonymous_7)
FNDA:0,safeStringify
FNDA:0,maskHeaders
DA:6,0
DA:8,0
DA:13,0
DA:40,0
DA:50,0
DA:51,0
DA:57,0
DA:58,0
DA:60,0
DA:61,0
DA:62,0
DA:63,0
DA:67,0
DA:73,0
DA:77,0
DA:78,0
DA:81,0
DA:82,0
DA:83,0
DA:84,0
DA:90,0
DA:91,0
DA:94,0
DA:100,0
DA:101,0
DA:103,0
DA:104,0
DA:106,0
DA:107,0
DA:114,0
DA:115,0
DA:116,0
DA:117,0
DA:119,0
DA:126,0
DA:137,0
DA:138,0
DA:140,0
DA:141,0
DA:142,0
DA:144,0
DA:148,0
LF:42
LH:0
BRDA:62,0,0,0
BRDA:83,1,0,0
BRDA:90,2,0,0
BRDA:106,3,0,0
BRDA:106,4,0,0
BRDA:106,4,1,0
BRDA:141,5,0,0
BRDA:141,5,1,0
BRF:8
BRH:0
end_of_record
TN:
SF:lib/supabase.ts
FN:20,(anonymous_1)
FN:25,(anonymous_2)
FN:29,(anonymous_3)
FN:46,(anonymous_4)
FN:51,(anonymous_5)
FN:59,(anonymous_6)
FNF:6
FNH:0
FNDA:0,(anonymous_1)
FNDA:0,(anonymous_2)
FNDA:0,(anonymous_3)
FNDA:0,(anonymous_4)
FNDA:0,(anonymous_5)
FNDA:0,(anonymous_6)
DA:1,0
DA:2,0
DA:3,0
DA:5,0
DA:6,0
DA:9,0
DA:14,0
DA:15,0
DA:19,0
DA:21,0
DA:22,0
DA:23,0
DA:26,0
DA:27,0
DA:30,0
DA:31,0
DA:35,0
DA:46,0
DA:47,0
DA:51,0
DA:52,0
DA:53,0
DA:54,0
DA:55,0
DA:56,0
DA:57,0
DA:59,0
DA:61,0
DA:62,0
LF:29
LH:0
BRDA:5,0,0,0
BRDA:5,0,1,0
BRDA:6,1,0,0
BRDA:6,1,1,0
BRDA:14,2,0,0
BRDA:14,3,0,0
BRDA:14,3,1,0
BRDA:47,4,0,0
BRDA:47,4,1,0
BRDA:51,5,0,0
BRDA:55,6,0,0
BRF:11
BRH:0
end_of_record
TN:
SF:lib/videoCompression.ts
FN:36,getVideoFileSize
FN:53,needsCompression
FN:62,estimateCompressedSize
FN:80,compressVideo
FN:144,compressIfNeeded
FN:162,getCompressionInfo
FNF:6
FNH:0
FNDA:0,getVideoFileSize
FNDA:0,needsCompression
FNDA:0,estimateCompressedSize
FNDA:0,compressVideo
FNDA:0,compressIfNeeded
FNDA:0,getCompressionInfo
DA:6,0
DA:7,0
DA:9,0
DA:27,0
DA:36,0
DA:37,0
DA:38,0
DA:39,0
DA:40,0
DA:42,0
DA:44,0
DA:45,0
DA:53,0
DA:54,0
DA:55,0
DA:56,0
DA:62,0
DA:66,0
DA:72,0
DA:80,0
DA:86,0
DA:88,0
DA:89,0
DA:92,0
DA:94,0
DA:95,0
DA:99,0
DA:124,0
DA:127,0
DA:129,0
DA:136,0
DA:137,0
DA:144,0
DA:148,0
DA:150,0
DA:151,0
DA:152,0
DA:155,0
DA:156,0
DA:162,0
DA:163,0
DA:164,0
DA:166,0
LF:43
LH:0
BRDA:39,0,0,0
BRDA:39,1,0,0
BRDA:39,1,1,0
BRDA:64,2,0,0
BRDA:82,3,0,0
BRDA:85,4,0,0
BRDA:94,5,0,0
BRDA:146,6,0,0
BRDA:150,7,0,0
BRDA:156,8,0,0
BRDA:156,8,1,0
BRF:11
BRH:0
end_of_record
TN:
SF:services/admin.service.ts
FN:52,(anonymous_0)
FN:105,(anonymous_1)
FN:137,(anonymous_2)
FN:150,(anonymous_3)
FN:153,(anonymous_4)
FN:194,(anonymous_5)
FN:206,(anonymous_6)
FN:229,(anonymous_7)
FN:242,(anonymous_8)
FN:262,(anonymous_9)
FN:268,(anonymous_10)
FN:270,(anonymous_11)
FN:300,(anonymous_12)
FN:331,(anonymous_13)
FN:388,(anonymous_14)
FN:437,(anonymous_15)
FN:447,(anonymous_16)
FN:463,(anonymous_17)
FN:503,(anonymous_18)
FN:536,(anonymous_19)
FN:552,(anonymous_20)
FNF:21
FNH:8
FNDA:2,(anonymous_0)
FNDA:3,(anonymous_1)
FNDA:2,(anonymous_2)
FNDA:2,(anonymous_3)
FNDA:2,(anonymous_4)
FNDA:0,(anonymous_5)
FNDA:2,(anonymous_6)
FNDA:0,(anonymous_7)
FNDA:0,(anonymous_8)
FNDA:0,(anonymous_9)
FNDA:0,(anonymous_10)
FNDA:0,(anonymous_11)
FNDA:2,(anonymous_12)
FNDA:0,(anonymous_13)
FNDA:1,(anonymous_14)
FNDA:0,(anonymous_15)
FNDA:0,(anonymous_16)
FNDA:0,(anonymous_17)
FNDA:0,(anonymous_18)
FNDA:0,(anonymous_19)
FNDA:0,(anonymous_20)
DA:6,1
DA:8,1
DA:10,1
DA:51,1
DA:61,2
DA:62,2
DA:64,1
DA:66,1
DA:72,0
DA:73,0
DA:76,0
DA:87,0
DA:88,0
DA:89,0
DA:93,0
DA:98,0
DA:100,1
DA:101,1
DA:108,3
DA:109,3
DA:111,2
DA:117,2
DA:118,1
DA:121,1
DA:140,2
DA:141,2
DA:143,1
DA:145,1
DA:150,2
DA:151,1
DA:152,1
DA:153,2
DA:156,1
DA:157,0
DA:164,1
DA:165,1
DA:166,1
DA:167,1
DA:169,1
DA:176,1
DA:179,1
DA:185,0
DA:188,0
DA:194,0
DA:196,0
DA:201,1
DA:202,1
DA:209,2
DA:210,2
DA:212,1
DA:218,1
DA:219,0
DA:220,0
DA:223,1
DA:232,0
DA:233,0
DA:235,0
DA:237,0
DA:242,0
DA:243,0
DA:246,0
DA:256,0
DA:257,0
DA:258,0
DA:262,0
DA:263,0
DA:268,0
DA:270,0
DA:271,0
DA:272,0
DA:289,0
DA:291,0
DA:292,0
DA:301,2
DA:302,2
DA:304,2
DA:305,2
DA:314,2
DA:315,1
DA:316,1
DA:319,1
DA:320,1
DA:322,0
DA:323,0
DA:332,0
DA:333,0
DA:335,0
DA:337,0
DA:343,0
DA:344,0
DA:347,0
DA:348,0
DA:352,0
DA:360,0
DA:361,0
DA:362,0
DA:366,0
DA:372,0
DA:377,0
DA:378,0
DA:380,0
DA:381,0
DA:389,1
DA:390,1
DA:392,1
DA:394,1
DA:400,0
DA:401,0
DA:404,0
DA:409,0
DA:410,0
DA:411,0
DA:415,0
DA:421,0
DA:426,0
DA:427,0
DA:429,1
DA:430,1
DA:438,0
DA:439,0
DA:441,0
DA:442,0
DA:447,0
DA:448,0
DA:450,0
DA:456,0
DA:458,0
DA:459,0
DA:466,0
DA:467,0
DA:469,0
DA:470,0
DA:491,0
DA:492,0
DA:493,0
DA:496,0
DA:498,0
DA:499,0
DA:504,0
DA:505,0
DA:506,0
DA:507,0
DA:508,0
DA:509,0
DA:510,0
DA:511,0
DA:512,0
DA:513,0
DA:514,0
DA:516,0
DA:517,0
DA:524,0
DA:525,0
DA:526,0
DA:529,0
DA:531,0
DA:532,0
DA:537,0
DA:538,0
DA:540,0
DA:541,0
DA:542,0
DA:545,0
DA:547,0
DA:548,0
DA:553,0
DA:558,0
DA:559,0
LF:168
LH:54
BRDA:62,0,0,1
BRDA:72,1,0,0
BRDA:82,2,0,0
BRDA:82,2,1,0
BRDA:83,3,0,0
BRDA:83,3,1,0
BRDA:87,4,0,0
BRDA:109,5,0,1
BRDA:117,6,0,1
BRDA:117,7,0,2
BRDA:117,7,1,1
BRDA:141,8,0,1
BRDA:150,9,0,1
BRDA:150,9,1,0
BRDA:152,10,0,1
BRDA:152,10,1,0
BRDA:153,11,0,2
BRDA:153,11,1,0
BRDA:156,12,0,0
BRDA:176,13,0,1
BRDA:176,13,1,0
BRDA:185,14,0,0
BRDA:185,14,1,0
BRDA:194,15,0,0
BRDA:194,15,1,0
BRDA:194,16,0,0
BRDA:194,16,1,0
BRDA:210,17,0,1
BRDA:218,18,0,0
BRDA:225,19,0,1
BRDA:225,19,1,0
BRDA:233,20,0,0
BRDA:242,21,0,0
BRDA:242,21,1,0
BRDA:243,22,0,0
BRDA:256,23,0,0
BRDA:262,24,0,0
BRDA:262,24,1,0
BRDA:268,25,0,0
BRDA:268,25,1,0
BRDA:270,26,0,0
BRDA:270,26,1,0
BRDA:281,27,0,0
BRDA:281,27,1,0
BRDA:283,28,0,0
BRDA:283,28,1,0
BRDA:284,29,0,0
BRDA:284,29,1,0
BRDA:302,30,0,0
BRDA:314,31,0,1
BRDA:333,32,0,0
BRDA:343,33,0,0
BRDA:347,34,0,0
BRDA:356,35,0,0
BRDA:356,35,1,0
BRDA:360,36,0,0
BRDA:374,37,0,0
BRDA:374,37,1,0
BRDA:390,38,0,0
BRDA:400,39,0,0
BRDA:409,40,0,0
BRDA:423,41,0,0
BRDA:423,41,1,0
BRDA:439,42,0,0
BRDA:447,43,0,0
BRDA:447,43,1,0
BRDA:448,44,0,0
BRDA:456,45,0,0
BRDA:456,45,1,0
BRDA:467,46,0,0
BRDA:476,47,0,0
BRDA:476,47,1,0
BRDA:491,48,0,0
BRDA:505,49,0,0
BRDA:506,50,0,0
BRDA:507,51,0,0
BRDA:508,52,0,0
BRDA:509,53,0,0
BRDA:510,54,0,0
BRDA:511,55,0,0
BRDA:512,56,0,0
BRDA:513,57,0,0
BRDA:514,58,0,0
BRDA:524,59,0,0
BRDA:540,60,0,0
BRDA:558,61,0,0
BRF:86
BRH:13
end_of_record
TN:
SF:services/api.ts
FNF:0
FNH:0
DA:1,0
DA:2,0
DA:3,0
DA:4,0
DA:5,0
DA:6,0
DA:7,0
DA:10,0
DA:21,0
DA:26,0
DA:31,0
DA:38,0
DA:43,0
DA:48,0
DA:55,0
LF:15
LH:0
BRF:0
BRH:0
end_of_record
TN:
SF:services/auth.service.ts
FN:6,(anonymous_0)
FN:92,(anonymous_1)
FN:131,(anonymous_2)
FNF:3
FNH:1
FNDA:1,(anonymous_0)
FNDA:0,(anonymous_1)
FNDA:0,(anonymous_2)
DA:1,1
DA:3,1
DA:5,1
DA:7,1
DA:8,1
DA:10,1
DA:12,1
DA:13,1
DA:15,1
DA:16,1
DA:17,1
DA:20,0
DA:23,0
DA:29,0
DA:32,0
DA:33,0
DA:35,0
DA:36,0
DA:38,0
DA:50,0
DA:54,0
DA:55,0
DA:59,0
DA:62,0
DA:64,0
DA:82,0
DA:88,0
DA:89,0
DA:91,0
DA:92,0
DA:93,0
DA:94,0
DA:95,0
DA:100,0
DA:105,0
DA:123,0
DA:124,0
DA:126,0
DA:127,0
DA:140,0
DA:142,0
DA:144,0
DA:145,0
DA:147,0
DA:148,0
DA:149,0
DA:152,0
DA:153,0
DA:155,0
DA:160,0
DA:161,0
DA:165,0
DA:168,0
DA:169,0
DA:171,0
DA:172,0
LF:56
LH:11
BRDA:13,0,0,0
BRDA:15,1,0,1
BRDA:32,2,0,0
BRDA:32,2,1,0
BRDA:35,3,0,0
BRDA:35,4,0,0
BRDA:35,4,1,0
BRDA:54,5,0,0
BRDA:91,6,0,0
BRDA:107,7,0,0
BRDA:107,7,1,0
BRDA:108,8,0,0
BRDA:108,8,1,0
BRDA:109,9,0,0
BRDA:109,9,1,0
BRDA:110,10,0,0
BRDA:110,10,1,0
BRDA:113,11,0,0
BRDA:113,11,1,0
BRDA:114,12,0,0
BRDA:114,12,1,0
BRDA:115,13,0,0
BRDA:115,13,1,0
BRDA:118,14,0,0
BRDA:118,14,1,0
BRDA:119,15,0,0
BRDA:119,15,1,0
BRDA:120,16,0,0
BRDA:120,16,1,0
BRDA:145,17,0,0
BRDA:147,18,0,0
BRDA:160,19,0,0
BRF:32
BRH:1
end_of_record
TN:
SF:services/booking.service.ts
FN:22,(anonymous_0)
FN:34,(anonymous_1)
FN:51,(anonymous_2)
FN:91,(anonymous_3)
FN:139,(anonymous_4)
FN:170,(anonymous_5)
FN:282,(anonymous_6)
FN:339,(anonymous_7)
FN:352,(anonymous_8)
FN:364,(anonymous_9)
FN:381,(anonymous_10)
FN:397,(anonymous_11)
FNF:12
FNH:6
FNDA:2,(anonymous_0)
FNDA:1,(anonymous_1)
FNDA:2,(anonymous_2)
FNDA:0,(anonymous_3)
FNDA:1,(anonymous_4)
FNDA:2,(anonymous_5)
FNDA:0,(anonymous_6)
FNDA:0,(anonymous_7)
FNDA:0,(anonymous_8)
FNDA:0,(anonymous_9)
FNDA:0,(anonymous_10)
FNDA:2,(anonymous_11)
DA:1,1
DA:3,1
DA:5,1
DA:21,1
DA:23,2
DA:24,2
DA:26,1
DA:32,1
DA:34,1
DA:48,1
DA:52,2
DA:53,2
DA:55,2
DA:56,2
DA:59,2
DA:70,0
DA:72,0
DA:92,0
DA:93,0
DA:95,0
DA:106,0
DA:107,0
DA:108,0
DA:111,0
DA:145,1
DA:146,1
DA:155,0
DA:156,0
DA:157,0
DA:160,0
DA:162,1
DA:163,1
DA:177,2
DA:178,2
DA:180,1
DA:182,1
DA:183,1
DA:186,1
DA:192,1
DA:193,1
DA:197,0
DA:203,0
DA:206,0
DA:207,0
DA:208,0
DA:213,0
DA:216,0
DA:219,0
DA:225,0
DA:226,0
DA:230,0
DA:245,0
DA:246,0
DA:247,0
DA:252,0
DA:257,0
DA:259,0
DA:273,0
DA:274,0
DA:283,0
DA:285,0
DA:291,0
DA:292,0
DA:295,0
DA:296,0
DA:297,0
DA:298,0
DA:300,0
DA:308,0
DA:309,0
DA:313,0
DA:314,0
DA:315,0
DA:316,0
DA:317,0
DA:319,0
DA:321,0
DA:322,0
DA:323,0
DA:325,0
DA:329,0
DA:332,0
DA:333,0
DA:338,0
DA:339,0
DA:340,0
DA:341,0
DA:344,0
DA:345,0
DA:346,0
DA:347,0
DA:348,0
DA:352,0
DA:354,0
DA:356,0
DA:357,0
DA:365,0
DA:366,0
DA:368,0
DA:370,0
DA:379,0
DA:381,0
DA:394,0
DA:398,2
DA:399,2
DA:401,1
DA:403,1
DA:409,1
DA:410,1
DA:414,0
DA:416,0
DA:422,0
DA:423,0
DA:427,0
DA:428,0
DA:432,0
DA:440,0
DA:441,0
DA:445,0
DA:451,0
DA:456,0
DA:458,0
DA:460,0
DA:461,0
LF:124
LH:33
BRDA:24,0,0,1
BRDA:32,1,0,0
BRDA:32,2,0,1
BRDA:32,2,1,1
BRDA:43,3,0,1
BRDA:43,3,1,0
BRDA:44,4,0,1
BRDA:44,4,1,0
BRDA:45,5,0,0
BRDA:45,5,1,1
BRDA:53,6,0,0
BRDA:70,7,0,0
BRDA:83,8,0,0
BRDA:83,8,1,0
BRDA:93,9,0,0
BRDA:106,10,0,0
BRDA:106,11,0,0
BRDA:106,11,1,0
BRDA:108,12,0,0
BRDA:108,12,1,0
BRDA:122,13,0,0
BRDA:122,13,1,0
BRDA:151,14,0,0
BRDA:151,14,1,0
BRDA:155,15,0,0
BRDA:160,16,0,0
BRDA:160,16,1,0
BRDA:178,17,0,1
BRDA:192,18,0,1
BRDA:203,19,0,0
BRDA:203,19,1,0
BRDA:207,20,0,0
BRDA:213,21,0,0
BRDA:213,21,1,0
BRDA:225,22,0,0
BRDA:225,23,0,0
BRDA:225,23,1,0
BRDA:235,24,0,0
BRDA:235,24,1,0
BRDA:240,25,0,0
BRDA:240,25,1,0
BRDA:245,26,0,0
BRDA:254,27,0,0
BRDA:254,27,1,0
BRDA:291,28,0,0
BRDA:291,28,1,0
BRDA:292,29,0,0
BRDA:292,29,1,0
BRDA:308,30,0,0
BRDA:321,31,0,0
BRDA:322,32,0,0
BRDA:323,33,0,0
BRDA:323,34,0,0
BRDA:323,34,1,0
BRDA:332,35,0,0
BRDA:332,36,0,0
BRDA:332,36,1,0
BRDA:332,36,2,0
BRDA:332,36,3,0
BRDA:366,37,0,0
BRDA:379,38,0,0
BRDA:379,39,0,0
BRDA:379,39,1,0
BRDA:390,40,0,0
BRDA:390,40,1,0
BRDA:399,41,0,1
BRDA:409,42,0,1
BRDA:414,43,0,0
BRDA:422,44,0,0
BRDA:427,45,0,0
BRDA:427,46,0,0
BRDA:427,46,1,0
BRDA:436,47,0,0
BRDA:436,47,1,0
BRDA:440,48,0,0
BRDA:453,49,0,0
BRDA:453,49,1,0
BRF:77
BRH:10
end_of_record
TN:
SF:services/court.service.ts
FN:8,(anonymous_0)
FN:20,(anonymous_1)
FN:44,(anonymous_2)
FN:77,(anonymous_3)
FN:90,(anonymous_4)
FNF:5
FNH:5
FNDA:2,(anonymous_0)
FNDA:2,(anonymous_1)
FNDA:2,(anonymous_2)
FNDA:2,(anonymous_3)
FNDA:2,(anonymous_4)
DA:1,1
DA:3,1
DA:5,1
DA:7,1
DA:9,2
DA:10,2
DA:15,2
DA:16,1
DA:17,1
DA:20,2
DA:37,1
DA:39,0
DA:40,0
DA:45,2
DA:51,2
DA:52,1
DA:53,1
DA:56,1
DA:78,2
DA:79,2
DA:85,2
DA:86,1
DA:87,1
DA:90,2
DA:103,1
DA:105,0
DA:106,0
LF:27
LH:23
BRDA:15,0,0,1
BRDA:15,1,0,2
BRDA:15,1,1,1
BRDA:25,2,0,2
BRDA:25,2,1,2
BRDA:25,2,2,1
BRDA:26,3,0,2
BRDA:26,3,1,2
BRDA:28,4,0,2
BRDA:28,4,1,0
BRDA:29,5,0,2
BRDA:29,5,1,0
BRDA:30,6,0,2
BRDA:30,6,1,0
BRDA:34,7,0,2
BRDA:34,7,1,0
BRDA:51,8,0,1
BRDA:51,9,0,2
BRDA:51,9,1,1
BRDA:53,10,0,1
BRDA:53,10,1,0
BRDA:63,11,0,1
BRDA:63,11,1,1
BRDA:63,11,2,0
BRDA:64,12,0,1
BRDA:64,12,1,1
BRDA:66,13,0,1
BRDA:66,13,1,0
BRDA:67,14,0,1
BRDA:67,14,1,0
BRDA:68,15,0,1
BRDA:68,15,1,0
BRDA:72,16,0,1
BRDA:72,16,1,0
BRDA:85,17,0,1
BRDA:85,18,0,2
BRDA:85,18,1,1
BRDA:95,19,0,2
BRDA:95,19,1,0
BRDA:96,20,0,2
BRDA:96,20,1,1
BRDA:97,21,0,2
BRDA:97,21,1,0
BRDA:98,22,0,2
BRDA:98,22,1,0
BRF:45
BRH:32
end_of_record
TN:
SF:services/highlight.service.ts
FN:10,enrichHighlights
FN:14,(anonymous_1)
FN:15,(anonymous_2)
FN:24,(anonymous_3)
FN:34,(anonymous_4)
FN:38,(anonymous_5)
FN:69,(anonymous_6)
FN:98,(anonymous_7)
FN:131,(anonymous_8)
FN:193,(anonymous_9)
FNF:10
FNH:10
FNDA:4,enrichHighlights
FNDA:3,(anonymous_1)
FNDA:3,(anonymous_2)
FNDA:1,(anonymous_3)
FNDA:1,(anonymous_4)
FNDA:3,(anonymous_5)
FNDA:3,(anonymous_6)
FNDA:2,(anonymous_7)
FNDA:2,(anonymous_8)
FNDA:3,(anonymous_9)
DA:1,1
DA:3,1
DA:5,1
DA:11,4
DA:14,3
DA:15,3
DA:18,3
DA:19,3
DA:20,3
DA:24,3
DA:28,3
DA:29,3
DA:30,2
DA:34,2
DA:38,3
DA:39,3
DA:40,3
DA:42,3
DA:65,1
DA:70,3
DA:71,3
DA:73,3
DA:80,3
DA:81,1
DA:82,1
DA:85,2
DA:87,2
DA:88,2
DA:90,0
DA:91,0
DA:99,2
DA:100,2
DA:102,2
DA:103,1
DA:106,1
DA:113,1
DA:114,0
DA:115,0
DA:118,1
DA:120,1
DA:121,1
DA:123,0
DA:124,0
DA:140,2
DA:141,2
DA:147,2
DA:148,2
DA:149,1
DA:152,1
DA:166,1
DA:168,1
DA:174,1
DA:175,0
DA:176,0
DA:179,1
DA:182,1
DA:183,1
DA:185,0
DA:186,0
DA:194,3
DA:195,3
DA:197,3
DA:202,3
DA:203,0
DA:204,0
DA:207,3
DA:209,0
DA:210,0
LF:68
LH:54
BRDA:11,0,0,1
BRDA:19,1,0,3
BRDA:24,2,0,3
BRDA:24,2,1,0
BRDA:29,3,0,2
BRDA:34,4,0,2
BRDA:34,4,1,0
BRDA:46,5,0,3
BRDA:46,5,1,0
BRDA:47,6,0,3
BRDA:47,6,1,3
BRDA:48,7,0,3
BRDA:48,7,1,2
BRDA:49,8,0,3
BRDA:49,8,1,1
BRDA:50,9,0,3
BRDA:50,9,1,2
BRDA:52,10,0,3
BRDA:52,10,1,2
BRDA:53,11,0,3
BRDA:53,11,1,2
BRDA:54,12,0,3
BRDA:54,12,1,2
BRDA:55,13,0,3
BRDA:55,13,1,2
BRDA:56,14,0,3
BRDA:56,14,1,2
BRDA:60,15,0,3
BRDA:60,15,1,3
BRDA:69,16,0,0
BRDA:80,17,0,1
BRDA:85,18,0,2
BRDA:85,18,1,1
BRDA:87,19,0,2
BRDA:87,19,1,0
BRDA:98,20,0,1
BRDA:102,21,0,1
BRDA:113,22,0,0
BRDA:118,23,0,1
BRDA:118,23,1,0
BRDA:120,24,0,1
BRDA:120,24,1,0
BRDA:148,25,0,1
BRDA:154,26,0,1
BRDA:154,26,1,0
BRDA:155,27,0,1
BRDA:155,27,1,1
BRDA:156,28,0,1
BRDA:156,28,1,0
BRDA:157,29,0,1
BRDA:157,29,1,0
BRDA:158,30,0,1
BRDA:158,30,1,0
BRDA:159,31,0,1
BRDA:159,31,1,1
BRDA:163,32,0,1
BRDA:163,32,1,1
BRDA:174,33,0,0
BRDA:195,34,0,2
BRDA:195,34,1,1
BRDA:202,35,0,0
BRF:61
BRH:47
end_of_record
TN:
SF:services/index.ts
FNF:0
FNH:0
DA:1,0
DA:2,0
DA:3,0
DA:4,0
DA:5,0
DA:6,0
DA:7,0
LF:7
LH:0
BRF:0
BRH:0
end_of_record
TN:
SF:services/match.service.ts
FN:51,(anonymous_0)
FN:79,(anonymous_1)
FN:83,(anonymous_2)
FN:84,(anonymous_3)
FN:108,(anonymous_4)
FN:123,(anonymous_5)
FN:145,(anonymous_6)
FN:179,(anonymous_7)
FN:247,(anonymous_8)
FN:262,(anonymous_9)
FN:282,(anonymous_10)
FN:333,(anonymous_11)
FN:356,(anonymous_12)
FN:378,(anonymous_13)
FN:416,(anonymous_14)
FN:432,(anonymous_15)
FN:448,(anonymous_16)
FN:475,(anonymous_17)
FN:518,(anonymous_18)
FN:549,(anonymous_19)
FN:569,(anonymous_20)
FN:594,(anonymous_21)
FN:618,(anonymous_22)
FNF:23
FNH:0
FNDA:0,(anonymous_0)
FNDA:0,(anonymous_1)
FNDA:0,(anonymous_2)
FNDA:0,(anonymous_3)
FNDA:0,(anonymous_4)
FNDA:0,(anonymous_5)
FNDA:0,(anonymous_6)
FNDA:0,(anonymous_7)
FNDA:0,(anonymous_8)
FNDA:0,(anonymous_9)
FNDA:0,(anonymous_10)
FNDA:0,(anonymous_11)
FNDA:0,(anonymous_12)
FNDA:0,(anonymous_13)
FNDA:0,(anonymous_14)
FNDA:0,(anonymous_15)
FNDA:0,(anonymous_16)
FNDA:0,(anonymous_17)
FNDA:0,(anonymous_18)
FNDA:0,(anonymous_19)
FNDA:0,(anonymous_20)
FNDA:0,(anonymous_21)
FNDA:0,(anonymous_22)
DA:6,0
DA:8,0
DA:10,0
DA:47,0
DA:52,0
DA:54,0
DA:55,0
DA:62,0
DA:63,0
DA:66,0
DA:68,0
DA:69,0
DA:73,0
DA:74,0
DA:75,0
DA:79,0
DA:82,0
DA:83,0
DA:84,0
DA:98,0
DA:100,0
DA:101,0
DA:109,0
DA:110,0
DA:112,0
DA:113,0
DA:119,0
DA:120,0
DA:123,0
DA:136,0
DA:138,0
DA:146,0
DA:147,0
DA:149,0
DA:150,0
DA:165,0
DA:166,0
DA:167,0
DA:170,0
DA:172,0
DA:180,0
DA:181,0
DA:183,0
DA:185,0
DA:191,0
DA:192,0
DA:196,0
DA:203,0
DA:204,0
DA:207,0
DA:218,0
DA:219,0
DA:220,0
DA:222,0
DA:225,0
DA:227,0
DA:239,0
DA:240,0
DA:248,0
DA:249,0
DA:258,0
DA:259,0
DA:262,0
DA:273,0
DA:275,0
DA:283,0
DA:284,0
DA:286,0
DA:288,0
DA:294,0
DA:295,0
DA:299,0
DA:300,0
DA:304,0
DA:310,0
DA:316,0
DA:317,0
DA:318,0
DA:321,0
DA:323,0
DA:325,0
DA:326,0
DA:334,0
DA:335,0
DA:337,0
DA:338,0
DA:343,0
DA:344,0
DA:347,0
DA:349,0
DA:357,0
DA:358,0
DA:360,0
DA:361,0
DA:372,0
DA:373,0
DA:377,0
DA:379,0
DA:380,0
DA:381,0
DA:384,0
DA:393,0
DA:400,0
DA:416,0
DA:417,0
DA:418,0
DA:419,0
DA:422,0
DA:424,0
DA:425,0
DA:433,0
DA:434,0
DA:436,0
DA:437,0
DA:444,0
DA:445,0
DA:448,0
DA:459,0
DA:466,0
DA:468,0
DA:476,0
DA:477,0
DA:479,0
DA:480,0
DA:483,0
DA:484,0
DA:494,0
DA:495,0
DA:498,0
DA:511,0
DA:519,0
DA:520,0
DA:522,0
DA:524,0
DA:533,0
DA:538,0
DA:540,0
DA:542,0
DA:550,0
DA:551,0
DA:553,0
DA:554,0
DA:560,0
DA:562,0
DA:570,0
DA:571,0
DA:573,0
DA:574,0
DA:583,0
DA:585,0
DA:587,0
DA:595,0
DA:596,0
DA:598,0
DA:599,0
DA:605,0
DA:606,0
DA:609,0
DA:611,0
DA:619,0
DA:620,0
DA:622,0
DA:623,0
DA:626,0
DA:628,0
LF:165
LH:0
BRDA:62,0,0,0
BRDA:68,1,0,0
BRDA:68,2,0,0
BRDA:68,2,1,0
BRDA:74,3,0,0
BRDA:79,4,0,0
BRDA:79,4,1,0
BRDA:110,5,0,0
BRDA:119,6,0,0
BRDA:119,7,0,0
BRDA:119,7,1,0
BRDA:147,8,0,0
BRDA:154,9,0,0
BRDA:154,9,1,0
BRDA:165,10,0,0
BRDA:181,11,0,0
BRDA:191,12,0,0
BRDA:203,13,0,0
BRDA:218,14,0,0
BRDA:219,15,0,0
BRDA:258,16,0,0
BRDA:258,17,0,0
BRDA:258,17,1,0
BRDA:269,18,0,0
BRDA:269,18,1,0
BRDA:284,19,0,0
BRDA:294,20,0,0
BRDA:299,21,0,0
BRDA:316,22,0,0
BRDA:335,23,0,0
BRDA:343,24,0,0
BRDA:358,25,0,0
BRDA:372,26,0,0
BRDA:372,27,0,0
BRDA:372,27,1,0
BRDA:380,28,0,0
BRDA:380,28,1,0
BRDA:381,29,0,0
BRDA:381,29,1,0
BRDA:404,30,0,0
BRDA:404,30,1,0
BRDA:409,31,0,0
BRDA:409,31,1,0
BRDA:417,32,0,0
BRDA:417,32,1,0
BRDA:418,33,0,0
BRDA:418,33,1,0
BRDA:432,34,0,0
BRDA:434,35,0,0
BRDA:444,36,0,0
BRDA:444,37,0,0
BRDA:444,37,1,0
BRDA:477,38,0,0
BRDA:479,39,0,0
BRDA:494,40,0,0
BRDA:520,41,0,0
BRDA:551,42,0,0
BRDA:571,43,0,0
BRDA:596,44,0,0
BRDA:605,45,0,0
BRDA:620,46,0,0
BRDA:626,47,0,0
BRDA:626,47,1,0
BRF:63
BRH:0
end_of_record
TN:
SF:services/notification.service.ts
FN:8,(anonymous_0)
FN:27,(anonymous_1)
FN:43,(anonymous_2)
FN:57,(anonymous_3)
FN:71,(anonymous_4)
FNF:5
FNH:0
FNDA:0,(anonymous_0)
FNDA:0,(anonymous_1)
FNDA:0,(anonymous_2)
FNDA:0,(anonymous_3)
FNDA:0,(anonymous_4)
DA:1,0
DA:3,0
DA:5,0
DA:7,0
DA:9,0
DA:10,0
DA:12,0
DA:13,0
DA:20,0
DA:21,0
DA:22,0
DA:25,0
DA:27,0
DA:38,0
DA:39,0
DA:44,0
DA:45,0
DA:47,0
DA:53,0
DA:54,0
DA:58,0
DA:59,0
DA:61,0
DA:67,0
DA:68,0
DA:72,0
DA:73,0
DA:75,0
DA:81,0
DA:82,0
LF:30
LH:0
BRDA:8,0,0,0
BRDA:10,1,0,0
BRDA:20,2,0,0
BRDA:27,3,0,0
BRDA:27,3,1,0
BRDA:45,4,0,0
BRDA:53,5,0,0
BRDA:59,6,0,0
BRDA:67,7,0,0
BRDA:73,8,0,0
BRDA:81,9,0,0
BRDA:82,10,0,0
BRDA:82,10,1,0
BRF:13
BRH:0
end_of_record
TN:
SF:services/push.service.ts
FN:17,(anonymous_10)
FN:30,(anonymous_11)
FN:96,(anonymous_12)
FN:112,(anonymous_13)
FN:165,(anonymous_14)
FN:186,(anonymous_15)
FN:205,(anonymous_16)
FN:206,(anonymous_17)
FN:213,(anonymous_18)
FN:220,(anonymous_19)
FN:227,(anonymous_20)
FN:235,(anonymous_21)
FN:305,(anonymous_22)
FN:390,(anonymous_23)
FNF:14
FNH:0
FNDA:0,(anonymous_10)
FNDA:0,(anonymous_11)
FNDA:0,(anonymous_12)
FNDA:0,(anonymous_13)
FNDA:0,(anonymous_14)
FNDA:0,(anonymous_15)
FNDA:0,(anonymous_16)
FNDA:0,(anonymous_17)
FNDA:0,(anonymous_18)
FNDA:0,(anonymous_19)
FNDA:0,(anonymous_20)
FNDA:0,(anonymous_21)
FNDA:0,(anonymous_22)
FNDA:0,(anonymous_23)
DA:6,0
DA:7,0
DA:8,0
DA:9,0
DA:10,0
DA:11,0
DA:13,0
DA:16,0
DA:17,0
DA:26,0
DA:32,0
DA:33,0
DA:34,0
DA:37,0
DA:39,0
DA:40,0
DA:43,0
DA:44,0
DA:45,0
DA:48,0
DA:49,0
DA:50,0
DA:54,0
DA:57,0
DA:58,0
DA:59,0
DA:63,0
DA:68,0
DA:69,0
DA:70,0
DA:77,0
DA:78,0
DA:86,0
DA:88,0
DA:89,0
DA:97,0
DA:119,0
DA:125,0
DA:126,0
DA:127,0
DA:131,0
DA:142,0
DA:143,0
DA:153,0
DA:154,0
DA:155,0
DA:157,0
DA:158,0
DA:171,0
DA:180,0
DA:190,0
DA:192,0
DA:193,0
DA:198,0
DA:199,0
DA:205,0
DA:206,0
DA:214,0
DA:221,0
DA:228,0
DA:229,0
DA:244,0
DA:246,0
DA:252,0
DA:255,0
DA:262,0
DA:274,0
DA:275,0
DA:294,0
DA:295,0
DA:297,0
DA:298,0
DA:312,0
DA:314,0
DA:321,0
DA:322,0
DA:323,0
DA:325,0
DA:327,0
DA:328,0
DA:329,0
DA:330,0
DA:332,0
DA:333,0
DA:336,0
DA:337,0
DA:339,0
DA:340,0
DA:343,0
DA:344,0
DA:348,0
DA:356,0
DA:357,0
DA:376,0
DA:380,0
DA:382,0
DA:383,0
DA:396,0
DA:397,0
DA:403,0
DA:404,0
DA:407,0
DA:415,0
DA:416,0
DA:435,0
DA:437,0
DA:438,0
LF:107
LH:0
BRDA:32,0,0,0
BRDA:43,1,0,0
BRDA:48,2,0,0
BRDA:54,3,0,0
BRDA:54,3,1,0
BRDA:57,4,0,0
BRDA:69,5,0,0
BRDA:77,6,0,0
BRDA:101,7,0,0
BRDA:101,7,1,0
BRDA:125,8,0,0
BRDA:176,9,0,0
BRDA:176,9,1,0
BRDA:192,10,0,0
BRDA:198,11,0,0
BRDA:252,12,0,0
BRDA:274,13,0,0
BRDA:325,14,0,0
BRDA:325,14,1,0
BRDA:325,14,2,0
BRDA:333,15,0,0
BRDA:333,15,1,0
BRDA:340,16,0,0
BRDA:340,16,1,0
BRDA:356,17,0,0
BRDA:415,18,0,0
BRF:26
BRH:0
end_of_record
TN:
SF:services/realtime.service.ts
FN:29,subscribeToUserBookings
FN:45,(anonymous_1)
FN:54,(anonymous_2)
FN:60,(anonymous_3)
FN:70,subscribeToCourtBookings
FN:86,(anonymous_5)
FN:99,(anonymous_6)
FN:109,subscribeToBooking
FN:125,(anonymous_8)
FN:146,(anonymous_9)
FN:156,subscribeToOwnerPendingBookings
FN:173,(anonymous_11)
FN:196,(anonymous_12)
FN:205,cleanupAllSubscriptions
FNF:14
FNH:0
FNDA:0,subscribeToUserBookings
FNDA:0,(anonymous_1)
FNDA:0,(anonymous_2)
FNDA:0,(anonymous_3)
FNDA:0,subscribeToCourtBookings
FNDA:0,(anonymous_5)
FNDA:0,(anonymous_6)
FNDA:0,subscribeToBooking
FNDA:0,(anonymous_8)
FNDA:0,(anonymous_9)
FNDA:0,subscribeToOwnerPendingBookings
FNDA:0,(anonymous_11)
FNDA:0,(anonymous_12)
FNDA:0,cleanupAllSubscriptions
DA:6,0
DA:8,0
DA:10,0
DA:29,0
DA:33,0
DA:35,0
DA:46,0
DA:47,0
DA:55,0
DA:58,0
DA:61,0
DA:62,0
DA:70,0
DA:74,0
DA:76,0
DA:87,0
DA:88,0
DA:97,0
DA:100,0
DA:101,0
DA:109,0
DA:113,0
DA:115,0
DA:126,0
DA:127,0
DA:128,0
DA:129,0
DA:131,0
DA:132,0
DA:137,0
DA:144,0
DA:147,0
DA:148,0
DA:156,0
DA:160,0
DA:164,0
DA:175,0
DA:176,0
DA:178,0
DA:184,0
DA:185,0
DA:186,0
DA:194,0
DA:197,0
DA:205,0
DA:206,0
DA:207,0
LF:47
LH:0
BRDA:128,0,0,0
BRDA:128,0,1,0
BRDA:129,1,0,0
BRDA:129,1,1,0
BRDA:131,2,0,0
BRDA:176,3,0,0
BRDA:176,4,0,0
BRDA:176,4,1,0
BRDA:184,5,0,0
BRF:9
BRH:0
end_of_record
TN:
SF:services/review.service.ts
FN:42,(anonymous_0)
FN:58,(anonymous_1)
FN:81,(anonymous_2)
FN:102,(anonymous_3)
FN:106,(anonymous_4)
FN:133,(anonymous_5)
FN:190,(anonymous_6)
FN:216,(anonymous_7)
FN:255,(anonymous_8)
FN:275,(anonymous_9)
FNF:10
FNH:0
FNDA:0,(anonymous_0)
FNDA:0,(anonymous_1)
FNDA:0,(anonymous_2)
FNDA:0,(anonymous_3)
FNDA:0,(anonymous_4)
FNDA:0,(anonymous_5)
FNDA:0,(anonymous_6)
FNDA:0,(anonymous_7)
FNDA:0,(anonymous_8)
FNDA:0,(anonymous_9)
DA:6,0
DA:8,0
DA:10,0
DA:38,0
DA:43,0
DA:44,0
DA:53,0
DA:54,0
DA:55,0
DA:58,0
DA:71,0
DA:73,0
DA:74,0
DA:82,0
DA:83,0
DA:88,0
DA:89,0
DA:99,0
DA:100,0
DA:101,0
DA:102,0
DA:105,0
DA:106,0
DA:107,0
DA:110,0
DA:119,0
DA:139,0
DA:140,0
DA:141,0
DA:144,0
DA:146,0
DA:161,0
DA:162,0
DA:163,0
DA:166,0
DA:168,0
DA:182,0
DA:183,0
DA:191,0
DA:192,0
DA:193,0
DA:196,0
DA:197,0
DA:203,0
DA:204,0
DA:207,0
DA:209,0
DA:217,0
DA:218,0
DA:219,0
DA:222,0
DA:223,0
DA:230,0
DA:231,0
DA:234,0
DA:248,0
DA:256,0
DA:257,0
DA:258,0
DA:261,0
DA:262,0
DA:271,0
DA:272,0
DA:275,0
DA:286,0
DA:288,0
LF:66
LH:0
BRDA:53,0,0,0
BRDA:58,1,0,0
BRDA:58,1,1,0
BRDA:67,2,0,0
BRDA:67,2,1,0
BRDA:88,3,0,0
BRDA:99,4,0,0
BRDA:99,4,1,0
BRDA:101,5,0,0
BRDA:101,5,1,0
BRDA:140,6,0,0
BRDA:151,7,0,0
BRDA:151,7,1,0
BRDA:153,8,0,0
BRDA:153,8,1,0
BRDA:161,9,0,0
BRDA:192,10,0,0
BRDA:203,11,0,0
BRDA:218,12,0,0
BRDA:230,13,0,0
BRDA:230,14,0,0
BRDA:230,14,1,0
BRDA:257,15,0,0
BRDA:271,16,0,0
BRDA:275,17,0,0
BRDA:275,17,1,0
BRF:26
BRH:0
end_of_record
TN:
SF:services/transaction.service.ts
FN:8,(anonymous_0)
FN:27,(anonymous_1)
FN:43,(anonymous_2)
FN:60,(anonymous_3)
FNF:4
FNH:0
FNDA:0,(anonymous_0)
FNDA:0,(anonymous_1)
FNDA:0,(anonymous_2)
FNDA:0,(anonymous_3)
DA:1,0
DA:3,0
DA:5,0
DA:7,0
DA:9,0
DA:10,0
DA:12,0
DA:13,0
DA:20,0
DA:21,0
DA:22,0
DA:25,0
DA:27,0
DA:38,0
DA:39,0
DA:44,0
DA:45,0
DA:47,0
DA:53,0
DA:54,0
DA:61,0
DA:62,0
DA:64,0
DA:66,0
DA:72,0
DA:73,0
DA:76,0
DA:81,0
DA:82,0
DA:83,0
DA:87,0
DA:95,0
DA:96,0
DA:98,0
DA:99,0
LF:35
LH:0
BRDA:8,0,0,0
BRDA:10,1,0,0
BRDA:20,2,0,0
BRDA:27,3,0,0
BRDA:27,3,1,0
BRDA:45,4,0,0
BRDA:53,5,0,0
BRDA:53,6,0,0
BRDA:53,6,1,0
BRDA:54,7,0,0
BRDA:54,7,1,0
BRDA:60,8,0,0
BRDA:62,9,0,0
BRDA:72,10,0,0
BRDA:72,10,1,0
BRDA:81,11,0,0
BRF:16
BRH:0
end_of_record
TN:
SF:services/upload.ts
FN:23,getVideoDuration
FN:49,generateThumbnail
FN:67,uploadThumbnail
FN:78,(anonymous_12)
FN:111,uploadVideo
FN:164,(anonymous_14)
FN:211,uploadAvatar
FN:228,(anonymous_16)
FN:262,deleteFile
FNF:9
FNH:9
FNDA:2,getVideoDuration
FNDA:2,generateThumbnail
FNDA:1,uploadThumbnail
FNDA:13,(anonymous_12)
FNDA:4,uploadVideo
FNDA:17,(anonymous_14)
FNDA:2,uploadAvatar
FNDA:13,(anonymous_16)
FNDA:2,deleteFile
DA:1,1
DA:2,1
DA:3,1
DA:5,1
DA:6,1
DA:24,2
DA:26,2
DA:31,0
DA:32,0
DA:33,0
DA:34,0
DA:35,0
DA:38,0
DA:39,0
DA:41,2
DA:42,2
DA:50,2
DA:51,2
DA:52,2
DA:56,1
DA:57,1
DA:59,1
DA:60,1
DA:72,1
DA:73,1
DA:74,1
DA:78,13
DA:80,1
DA:82,1
DA:83,1
DA:90,1
DA:91,0
DA:92,0
DA:95,1
DA:99,1
DA:100,1
DA:102,0
DA:103,0
DA:111,1
DA:115,4
DA:116,4
DA:118,4
DA:119,4
DA:120,1
DA:121,1
DA:124,3
DA:127,3
DA:128,3
DA:129,1
DA:132,2
DA:133,2
DA:136,2
DA:137,2
DA:140,2
DA:141,2
DA:144,2
DA:145,2
DA:148,2
DA:149,1
DA:150,1
DA:152,1
DA:156,2
DA:157,2
DA:159,2
DA:163,2
DA:164,17
DA:166,2
DA:173,2
DA:174,1
DA:175,1
DA:179,1
DA:183,1
DA:185,1
DA:190,1
DA:199,0
DA:200,0
DA:211,1
DA:212,2
DA:213,2
DA:214,2
DA:215,1
DA:219,1
DA:224,1
DA:225,1
DA:228,13
DA:231,1
DA:238,1
DA:239,0
DA:240,0
DA:244,1
DA:248,1
DA:250,0
DA:251,0
DA:262,1
DA:263,2
DA:264,2
DA:268,2
DA:269,1
DA:270,1
DA:273,1
DA:275,0
DA:276,0
LF:102
LH:83
BRDA:31,0,0,0
BRDA:31,1,0,0
BRDA:31,1,1,0
BRDA:49,2,0,0
BRDA:90,3,0,0
BRDA:119,4,0,1
BRDA:128,5,0,1
BRDA:148,6,0,1
BRDA:148,6,1,1
BRDA:150,7,0,1
BRDA:150,7,1,0
BRDA:173,8,0,1
BRDA:195,9,0,1
BRDA:195,9,1,1
BRDA:203,10,0,0
BRDA:203,10,1,0
BRDA:214,11,0,1
BRDA:224,12,0,1
BRDA:224,12,1,0
BRDA:238,13,0,0
BRDA:254,14,0,0
BRDA:254,14,1,0
BRDA:268,15,0,1
BRF:23
BRH:11
end_of_record
TN:
SF:stores/authStore.ts
FN:21,(anonymous_0)
FN:27,(anonymous_1)
FN:40,(anonymous_2)
FN:57,(anonymous_3)
FN:75,(anonymous_4)
FN:90,(anonymous_5)
FN:111,(anonymous_6)
FN:127,(anonymous_7)
FN:137,(anonymous_8)
FN:138,(anonymous_9)
FNF:10
FNH:0
FNDA:0,(anonymous_0)
FNDA:0,(anonymous_1)
FNDA:0,(anonymous_2)
FNDA:0,(anonymous_3)
FNDA:0,(anonymous_4)
FNDA:0,(anonymous_5)
FNDA:0,(anonymous_6)
FNDA:0,(anonymous_7)
FNDA:0,(anonymous_8)
FNDA:0,(anonymous_9)
DA:1,0
DA:2,0
DA:4,0
DA:21,0
DA:28,0
DA:30,0
DA:32,0
DA:40,0
DA:41,0
DA:47,0
DA:48,0
DA:52,0
DA:53,0
DA:58,0
DA:59,0
DA:60,0
DA:62,0
DA:67,0
DA:68,0
DA:69,0
DA:72,0
DA:75,0
DA:77,0
DA:83,0
DA:85,0
DA:86,0
DA:91,0
DA:92,0
DA:93,0
DA:95,0
DA:100,0
DA:101,0
DA:102,0
DA:105,0
DA:111,0
DA:113,0
DA:119,0
DA:121,0
DA:122,0
DA:123,0
DA:128,0
DA:129,0
DA:130,0
DA:137,0
DA:138,0
LF:45
LH:0
BRDA:34,0,0,0
BRDA:34,0,1,0
BRDA:43,1,0,0
BRDA:43,1,1,0
BRDA:47,2,0,0
BRDA:47,3,0,0
BRDA:47,3,1,0
BRDA:67,4,0,0
BRDA:100,5,0,0
BRF:9
BRH:0
end_of_record
TN:
SF:stores/recordingStore.ts
FN:48,(anonymous_0)
FN:55,(anonymous_1)
FN:56,(anonymous_2)
FN:60,(anonymous_3)
FN:61,(anonymous_4)
FN:72,(anonymous_5)
FN:80,(anonymous_6)
FN:85,(anonymous_7)
FN:104,(anonymous_8)
FN:104,(anonymous_9)
FN:105,(anonymous_10)
FN:108,(anonymous_11)
FN:117,(anonymous_12)
FN:122,(anonymous_13)
FN:122,(anonymous_14)
FN:126,(anonymous_15)
FN:131,(anonymous_16)
FN:131,(anonymous_17)
FN:132,(anonymous_18)
FN:135,(anonymous_19)
FNF:20
FNH:0
FNDA:0,(anonymous_0)
FNDA:0,(anonymous_1)
FNDA:0,(anonymous_2)
FNDA:0,(anonymous_3)
FNDA:0,(anonymous_4)
FNDA:0,(anonymous_5)
FNDA:0,(anonymous_6)
FNDA:0,(anonymous_7)
FNDA:0,(anonymous_8)
FNDA:0,(anonymous_9)
FNDA:0,(anonymous_10)
FNDA:0,(anonymous_11)
FNDA:0,(anonymous_12)
FNDA:0,(anonymous_13)
FNDA:0,(anonymous_14)
FNDA:0,(anonymous_15)
FNDA:0,(anonymous_16)
FNDA:0,(anonymous_17)
FNDA:0,(anonymous_18)
FNDA:0,(anonymous_19)
DA:6,0
DA:48,0
DA:56,0
DA:61,0
DA:72,0
DA:80,0
DA:86,0
DA:87,0
DA:88,0
DA:89,0
DA:92,0
DA:94,0
DA:101,0
DA:104,0
DA:105,0
DA:108,0
DA:117,0
DA:122,0
DA:123,0
DA:124,0
DA:126,0
DA:131,0
DA:132,0
DA:135,0
LF:24
LH:0
BRDA:125,0,0,0
BRDA:125,0,1,0
BRF:2
BRH:0
end_of_record
