TN:
SF:hooks/useApi.ts
FN:9,(anonymous_0)
FN:10,(anonymous_1)
FN:11,(anonymous_2)
FN:15,(anonymous_3)
FN:16,(anonymous_4)
FN:24,(anonymous_5)
FN:25,(anonymous_6)
FN:29,(anonymous_7)
FN:33,(anonymous_8)
FN:34,(anonymous_9)
FN:38,(anonymous_10)
FN:43,useHighlights
FN:46,(anonymous_12)
FN:54,useUserHighlights
FN:57,(anonymous_14)
FN:66,useCreateHighlight
FN:70,(anonymous_16)
FN:84,(anonymous_17)
FN:90,useToggleLike
FN:94,(anonymous_19)
FN:96,(anonymous_20)
FN:103,useCourts
FN:106,(anonymous_22)
FN:114,useCourtById
FN:117,(anonymous_24)
FN:127,useCurrentUser
FN:130,(anonymous_26)
FN:139,useUpdateUserProfile
FN:143,(anonymous_28)
FN:144,(anonymous_29)
FN:150,useUserCredits
FN:153,(anonymous_31)
FN:162,useBookingHistory
FN:165,(anonymous_33)
FN:173,useActiveBooking
FN:176,(anonymous_35)
FN:185,useMatchRequests
FN:188,(anonymous_37)
FN:196,useCreateMatchRequest
FN:200,(anonymous_39)
FN:202,(anonymous_40)
FN:209,useNotifications
FN:212,(anonymous_42)
FN:220,useUnreadNotificationCount
FN:223,(anonymous_44)
FN:231,useMarkNotificationRead
FN:235,(anonymous_46)
FN:236,(anonymous_47)
FN:242,useMarkAllNotificationsRead
FN:246,(anonymous_49)
FN:247,(anonymous_50)
FN:254,useTransactions
FN:257,(anonymous_52)
FNF:53
FNH:0
FNDA:0,(anonymous_0)
FNDA:0,(anonymous_1)
FNDA:0,(anonymous_2)
FNDA:0,(anonymous_3)
FNDA:0,(anonymous_4)
FNDA:0,(anonymous_5)
FNDA:0,(anonymous_6)
FNDA:0,(anonymous_7)
FNDA:0,(anonymous_8)
FNDA:0,(anonymous_9)
FNDA:0,(anonymous_10)
FNDA:0,useHighlights
FNDA:0,(anonymous_12)
FNDA:0,useUserHighlights
FNDA:0,(anonymous_14)
FNDA:0,useCreateHighlight
FNDA:0,(anonymous_16)
FNDA:0,(anonymous_17)
FNDA:0,useToggleLike
FNDA:0,(anonymous_19)
FNDA:0,(anonymous_20)
FNDA:0,useCourts
FNDA:0,(anonymous_22)
FNDA:0,useCourtById
FNDA:0,(anonymous_24)
FNDA:0,useCurrentUser
FNDA:0,(anonymous_26)
FNDA:0,useUpdateUserProfile
FNDA:0,(anonymous_28)
FNDA:0,(anonymous_29)
FNDA:0,useUserCredits
FNDA:0,(anonymous_31)
FNDA:0,useBookingHistory
FNDA:0,(anonymous_33)
FNDA:0,useActiveBooking
FNDA:0,(anonymous_35)
FNDA:0,useMatchRequests
FNDA:0,(anonymous_37)
FNDA:0,useCreateMatchRequest
FNDA:0,(anonymous_39)
FNDA:0,(anonymous_40)
FNDA:0,useNotifications
FNDA:0,(anonymous_42)
FNDA:0,useUnreadNotificationCount
FNDA:0,(anonymous_44)
FNDA:0,useMarkNotificationRead
FNDA:0,(anonymous_46)
FNDA:0,(anonymous_47)
FNDA:0,useMarkAllNotificationsRead
FNDA:0,(anonymous_49)
FNDA:0,(anonymous_50)
FNDA:0,useTransactions
FNDA:0,(anonymous_52)
DA:1,0
DA:2,0
DA:6,0
DA:9,0
DA:10,0
DA:11,0
DA:15,0
DA:16,0
DA:24,0
DA:25,0
DA:29,0
DA:33,0
DA:34,0
DA:38,0
DA:43,0
DA:44,0
DA:47,0
DA:48,0
DA:54,0
DA:55,0
DA:58,0
DA:59,0
DA:66,0
DA:67,0
DA:69,0
DA:77,0
DA:85,0
DA:90,0
DA:91,0
DA:93,0
DA:95,0
DA:97,0
DA:103,0
DA:104,0
DA:107,0
DA:108,0
DA:114,0
DA:115,0
DA:118,0
DA:119,0
DA:127,0
DA:128,0
DA:131,0
DA:132,0
DA:139,0
DA:140,0
DA:142,0
DA:143,0
DA:145,0
DA:150,0
DA:151,0
DA:154,0
DA:155,0
DA:162,0
DA:163,0
DA:166,0
DA:167,0
DA:173,0
DA:174,0
DA:177,0
DA:178,0
DA:185,0
DA:186,0
DA:189,0
DA:190,0
DA:196,0
DA:197,0
DA:199,0
DA:201,0
DA:203,0
DA:209,0
DA:210,0
DA:213,0
DA:214,0
DA:220,0
DA:221,0
DA:224,0
DA:225,0
DA:231,0
DA:232,0
DA:234,0
DA:235,0
DA:237,0
DA:242,0
DA:243,0
DA:245,0
DA:246,0
DA:248,0
DA:254,0
DA:255,0
DA:258,0
DA:259,0
LF:92
LH:0
BRDA:43,0,0,0
BRDA:54,1,0,0
BRDA:209,2,0,0
BRDA:254,3,0,0
BRF:4
BRH:0
end_of_record
TN:
SF:hooks/useBookingRealtime.ts
FN:27,useBookingRealtime
FN:32,(anonymous_1)
FN:56,(anonymous_2)
FN:61,(anonymous_3)
FN:64,(anonymous_4)
FN:66,(anonymous_5)
FN:69,(anonymous_6)
FN:93,useUpcomingBookings
FN:99,(anonymous_8)
FN:119,(anonymous_9)
FN:124,(anonymous_10)
FN:127,(anonymous_11)
FN:133,(anonymous_12)
FN:134,(anonymous_13)
FN:140,(anonymous_14)
FN:140,(anonymous_15)
FN:144,(anonymous_16)
FN:160,useSlotAvailability
FN:165,(anonymous_18)
FN:184,(anonymous_19)
FNF:20
FNH:0
FNDA:0,useBookingRealtime
FNDA:0,(anonymous_1)
FNDA:0,(anonymous_2)
FNDA:0,(anonymous_3)
FNDA:0,(anonymous_4)
FNDA:0,(anonymous_5)
FNDA:0,(anonymous_6)
FNDA:0,useUpcomingBookings
FNDA:0,(anonymous_8)
FNDA:0,(anonymous_9)
FNDA:0,(anonymous_10)
FNDA:0,(anonymous_11)
FNDA:0,(anonymous_12)
FNDA:0,(anonymous_13)
FNDA:0,(anonymous_14)
FNDA:0,(anonymous_15)
FNDA:0,(anonymous_16)
FNDA:0,useSlotAvailability
FNDA:0,(anonymous_18)
FNDA:0,(anonymous_19)
DA:6,0
DA:7,0
DA:8,0
DA:14,0
DA:27,0
DA:28,0
DA:29,0
DA:30,0
DA:32,0
DA:33,0
DA:34,0
DA:35,0
DA:36,0
DA:39,0
DA:40,0
DA:42,0
DA:43,0
DA:44,0
DA:45,0
DA:47,0
DA:50,0
DA:52,0
DA:56,0
DA:57,0
DA:61,0
DA:62,0
DA:64,0
DA:66,0
DA:69,0
DA:70,0
DA:74,0
DA:93,0
DA:94,0
DA:95,0
DA:96,0
DA:97,0
DA:99,0
DA:100,0
DA:101,0
DA:102,0
DA:103,0
DA:106,0
DA:107,0
DA:108,0
DA:109,0
DA:110,0
DA:113,0
DA:115,0
DA:119,0
DA:120,0
DA:124,0
DA:125,0
DA:127,0
DA:128,0
DA:130,0
DA:131,0
DA:133,0
DA:134,0
DA:135,0
DA:138,0
DA:140,0
DA:144,0
DA:145,0
DA:149,0
DA:160,0
DA:161,0
DA:162,0
DA:163,0
DA:165,0
DA:166,0
DA:167,0
DA:168,0
DA:171,0
DA:172,0
DA:173,0
DA:174,0
DA:175,0
DA:178,0
DA:180,0
DA:184,0
DA:185,0
DA:188,0
LF:82
LH:0
BRDA:33,0,0,0
BRDA:44,1,0,0
BRDA:44,1,1,0
BRDA:44,2,0,0
BRDA:44,2,1,0
BRDA:47,3,0,0
BRDA:47,3,1,0
BRDA:62,4,0,0
BRDA:66,5,0,0
BRDA:66,5,1,0
BRDA:100,6,0,0
BRDA:109,7,0,0
BRDA:125,8,0,0
BRDA:128,9,0,0
BRDA:128,9,1,0
BRDA:131,10,0,0
BRDA:131,10,1,0
BRDA:135,11,0,0
BRDA:135,11,1,0
BRDA:138,12,0,0
BRDA:166,13,0,0
BRDA:166,14,0,0
BRDA:166,14,1,0
BRDA:174,15,0,0
BRF:24
BRH:0
end_of_record
TN:
SF:hooks/useNetwork.ts
FN:33,useNetworkStatus
FN:40,(anonymous_2)
FN:43,(anonymous_3)
FN:52,(anonymous_4)
FN:70,(anonymous_5)
FN:89,(anonymous_6)
FN:109,(anonymous_7)
FN:122,(anonymous_8)
FN:124,(anonymous_9)
FN:131,(anonymous_10)
FN:133,(anonymous_11)
FN:145,(anonymous_12)
FN:153,(anonymous_13)
FN:161,useOfflineQueue
FN:167,(anonymous_15)
FN:168,(anonymous_16)
FN:176,(anonymous_17)
FN:182,(anonymous_18)
FN:215,(anonymous_19)
FN:234,withOfflineSupport
FNF:20
FNH:0
FNDA:0,useNetworkStatus
FNDA:0,(anonymous_2)
FNDA:0,(anonymous_3)
FNDA:0,(anonymous_4)
FNDA:0,(anonymous_5)
FNDA:0,(anonymous_6)
FNDA:0,(anonymous_7)
FNDA:0,(anonymous_8)
FNDA:0,(anonymous_9)
FNDA:0,(anonymous_10)
FNDA:0,(anonymous_11)
FNDA:0,(anonymous_12)
FNDA:0,(anonymous_13)
FNDA:0,useOfflineQueue
FNDA:0,(anonymous_15)
FNDA:0,(anonymous_16)
FNDA:0,(anonymous_17)
FNDA:0,(anonymous_18)
FNDA:0,(anonymous_19)
FNDA:0,withOfflineSupport
DA:6,0
DA:7,0
DA:8,0
DA:9,0
DA:11,0
DA:14,0
DA:33,0
DA:34,0
DA:40,0
DA:43,0
DA:45,0
DA:46,0
DA:49,0
DA:52,0
DA:53,0
DA:59,0
DA:61,0
DA:62,0
DA:63,0
DA:64,0
DA:68,0
DA:70,0
DA:71,0
DA:75,0
DA:83,0
DA:90,0
DA:98,0
DA:99,0
DA:100,0
DA:102,0
DA:103,0
DA:110,0
DA:111,0
DA:112,0
DA:113,0
DA:115,0
DA:123,0
DA:124,0
DA:125,0
DA:132,0
DA:133,0
DA:134,0
DA:135,0
DA:137,0
DA:139,0
DA:146,0
DA:147,0
DA:154,0
DA:161,0
DA:162,0
DA:163,0
DA:164,0
DA:167,0
DA:168,0
DA:169,0
DA:170,0
DA:172,0
DA:176,0
DA:177,0
DA:178,0
DA:182,0
DA:183,0
DA:184,0
DA:186,0
DA:187,0
DA:189,0
DA:190,0
DA:191,0
DA:192,0
DA:193,0
DA:196,0
DA:197,0
DA:198,0
DA:199,0
DA:200,0
DA:202,0
DA:205,0
DA:206,0
DA:210,0
DA:211,0
DA:212,0
DA:215,0
DA:216,0
DA:217,0
DA:218,0
DA:219,0
DA:222,0
DA:234,0
DA:243,0
DA:245,0
DA:246,0
DA:247,0
DA:249,0
DA:252,0
DA:253,0
DA:254,0
DA:256,0
DA:257,0
DA:258,0
DA:260,0
LF:100
LH:0
BRDA:54,0,0,0
BRDA:54,0,1,0
BRDA:61,1,0,0
BRDA:61,1,1,0
BRDA:63,2,0,0
BRDA:63,3,0,0
BRDA:63,3,1,0
BRDA:111,4,0,0
BRDA:134,5,0,0
BRDA:177,6,0,0
BRDA:177,7,0,0
BRDA:177,7,1,0
BRDA:184,8,0,0
BRDA:190,9,0,0
BRDA:198,10,0,0
BRDA:198,10,1,0
BRDA:245,11,0,0
BRDA:246,12,0,0
BRDA:246,13,0,0
BRDA:246,13,1,0
BRDA:246,13,2,0
BRDA:257,14,0,0
BRDA:257,15,0,0
BRDA:257,15,1,0
BRDA:257,15,2,0
BRF:25
BRH:0
end_of_record
TN:
SF:hooks/usePushNotifications.ts
FN:12,usePushNotifications
FN:17,(anonymous_10)
FN:23,(anonymous_11)
FN:30,(anonymous_12)
FN:45,(anonymous_13)
FNF:5
FNH:0
FNDA:0,usePushNotifications
FNDA:0,(anonymous_10)
FNDA:0,(anonymous_11)
FNDA:0,(anonymous_12)
FNDA:0,(anonymous_13)
DA:6,0
DA:7,0
DA:8,0
DA:9,0
DA:12,0
DA:13,0
DA:14,0
DA:15,0
DA:17,0
DA:19,0
DA:22,0
DA:24,0
DA:29,0
DA:31,0
DA:32,0
DA:35,0
DA:36,0
DA:37,0
DA:38,0
DA:39,0
DA:40,0
DA:45,0
DA:46,0
DA:47,0
DA:49,0
DA:50,0
LF:26
LH:0
BRDA:35,0,0,0
BRDA:35,0,1,0
BRDA:37,1,0,0
BRDA:37,1,1,0
BRDA:39,2,0,0
BRDA:46,3,0,0
BRDA:49,4,0,0
BRF:7
BRH:0
end_of_record
TN:
SF:lib/backgroundUpload.ts
FN:35,(anonymous_1)
FN:60,(anonymous_2)
FN:73,(anonymous_3)
FN:75,(anonymous_4)
FN:82,(anonymous_5)
FN:91,(anonymous_6)
FN:99,(anonymous_7)
FN:110,(anonymous_8)
FN:112,(anonymous_9)
FN:125,(anonymous_10)
FN:127,(anonymous_11)
FN:135,(anonymous_12)
FN:137,(anonymous_13)
FN:143,(anonymous_14)
FN:145,(anonymous_15)
FN:151,(anonymous_16)
FN:163,(anonymous_17)
FN:165,(anonymous_18)
FN:173,(anonymous_19)
FN:175,(anonymous_20)
FN:181,(anonymous_21)
FN:183,(anonymous_22)
FNF:22
FNH:0
FNDA:0,(anonymous_1)
FNDA:0,(anonymous_2)
FNDA:0,(anonymous_3)
FNDA:0,(anonymous_4)
FNDA:0,(anonymous_5)
FNDA:0,(anonymous_6)
FNDA:0,(anonymous_7)
FNDA:0,(anonymous_8)
FNDA:0,(anonymous_9)
FNDA:0,(anonymous_10)
FNDA:0,(anonymous_11)
FNDA:0,(anonymous_12)
FNDA:0,(anonymous_13)
FNDA:0,(anonymous_14)
FNDA:0,(anonymous_15)
FNDA:0,(anonymous_16)
FNDA:0,(anonymous_17)
FNDA:0,(anonymous_18)
FNDA:0,(anonymous_19)
FNDA:0,(anonymous_20)
FNDA:0,(anonymous_21)
FNDA:0,(anonymous_22)
DA:6,0
DA:7,0
DA:9,0
DA:11,0
DA:12,0
DA:31,0
DA:38,0
DA:40,0
DA:49,0
DA:50,0
DA:51,0
DA:53,0
DA:54,0
DA:61,0
DA:62,0
DA:63,0
DA:64,0
DA:66,0
DA:74,0
DA:75,0
DA:76,0
DA:83,0
DA:85,0
DA:92,0
DA:93,0
DA:100,0
DA:104,0
DA:111,0
DA:112,0
DA:114,0
DA:119,0
DA:126,0
DA:127,0
DA:128,0
DA:129,0
DA:136,0
DA:137,0
DA:144,0
DA:145,0
DA:152,0
DA:157,0
DA:164,0
DA:165,0
DA:166,0
DA:174,0
DA:175,0
DA:182,0
DA:183,0
LF:48
LH:0
BRDA:62,0,0,0
BRDA:75,1,0,0
BRDA:75,1,1,0
BRDA:93,2,0,0
BRDA:93,2,1,0
BRDA:117,3,0,0
BRDA:117,3,1,0
BRDA:137,4,0,0
BRDA:137,4,1,0
BRDA:145,5,0,0
BRDA:145,5,1,0
BRDA:175,6,0,0
BRDA:175,6,1,0
BRF:13
BRH:0
end_of_record
TN:
SF:lib/haptics.ts
FN:10,(anonymous_9)
FN:15,(anonymous_10)
FN:20,(anonymous_11)
FN:25,(anonymous_12)
FN:30,(anonymous_13)
FN:35,(anonymous_14)
FN:40,(anonymous_15)
FNF:7
FNH:0
FNDA:0,(anonymous_9)
FNDA:0,(anonymous_10)
FNDA:0,(anonymous_11)
FNDA:0,(anonymous_12)
FNDA:0,(anonymous_13)
FNDA:0,(anonymous_14)
FNDA:0,(anonymous_15)
DA:1,0
DA:6,0
DA:10,0
DA:15,0
DA:20,0
DA:25,0
DA:30,0
DA:35,0
DA:40,0
DA:43,0
LF:10
LH:0
BRF:0
BRH:0
end_of_record
TN:
SF:lib/logger.ts
FN:18,(anonymous_0)
FN:24,(anonymous_1)
FN:57,(anonymous_2)
FN:70,(anonymous_3)
FN:84,(anonymous_4)
FN:98,(anonymous_5)
FN:116,(anonymous_6)
FN:117,(anonymous_7)
FN:118,(anonymous_8)
FN:120,(anonymous_9)
FN:121,(anonymous_10)
FNF:11
FNH:8
FNDA:10,(anonymous_0)
FNDA:0,(anonymous_1)
FNDA:3,(anonymous_2)
FNDA:1,(anonymous_3)
FNDA:0,(anonymous_4)
FNDA:6,(anonymous_5)
FNDA:19,(anonymous_6)
FNDA:3,(anonymous_7)
FNDA:1,(anonymous_8)
FNDA:0,(anonymous_9)
FNDA:6,(anonymous_10)
DA:7,4
DA:18,4
DA:19,10
DA:20,10
DA:21,10
DA:24,4
DA:25,0
DA:26,0
DA:28,0
DA:32,0
DA:33,0
DA:34,0
DA:35,0
DA:36,0
DA:43,0
DA:45,0
DA:48,0
DA:50,0
DA:53,4
DA:58,3
DA:59,3
DA:60,3
DA:61,1
DA:63,2
DA:71,1
DA:72,1
DA:73,1
DA:74,1
DA:75,1
DA:77,0
DA:85,0
DA:86,0
DA:87,0
DA:88,0
DA:90,0
DA:99,6
DA:100,6
DA:101,6
DA:102,6
DA:104,0
DA:116,19
DA:117,3
DA:119,1
DA:120,0
DA:121,6
DA:126,4
DA:127,4
DA:128,4
DA:129,4
LF:49
LH:29
BRDA:20,0,0,10
BRDA:20,0,1,0
BRDA:25,1,0,0
BRDA:26,2,0,0
BRDA:32,3,0,0
BRDA:33,4,0,0
BRDA:33,4,1,0
BRDA:36,5,0,0
BRDA:36,5,1,0
BRDA:37,6,0,0
BRDA:37,6,1,0
BRDA:37,6,2,0
BRDA:37,6,3,0
BRDA:37,6,4,0
BRDA:58,7,0,0
BRDA:60,8,0,1
BRDA:60,8,1,2
BRDA:71,9,0,0
BRDA:71,10,0,1
BRDA:71,10,1,0
BRDA:73,11,0,1
BRDA:73,11,1,0
BRDA:74,12,0,1
BRDA:74,12,1,0
BRDA:86,13,0,0
BRDA:86,13,1,0
BRDA:87,14,0,0
BRDA:87,14,1,0
BRDA:100,15,0,6
BRDA:100,15,1,0
BRDA:101,16,0,6
BRDA:101,16,1,0
BRF:32
BRH:8
end_of_record
TN:
SF:lib/security.ts
FN:45,containsSensitiveData
FN:46,(anonymous_1)
FN:52,maskSensitiveData
FN:56,(anonymous_3)
FN:68,auditEnvironmentVariables
FN:97,validateClientEnv
FN:100,(anonymous_6)
FN:101,(anonymous_7)
FN:111,safeStringify
FN:134,maskHeaders
FNF:10
FNH:0
FNDA:0,containsSensitiveData
FNDA:0,(anonymous_1)
FNDA:0,maskSensitiveData
FNDA:0,(anonymous_3)
FNDA:0,auditEnvironmentVariables
FNDA:0,validateClientEnv
FNDA:0,(anonymous_6)
FNDA:0,(anonymous_7)
FNDA:0,safeStringify
FNDA:0,maskHeaders
DA:6,0
DA:8,0
DA:13,0
DA:40,0
DA:45,0
DA:46,0
DA:52,0
DA:53,0
DA:55,0
DA:56,0
DA:57,0
DA:58,0
DA:62,0
DA:68,0
DA:72,0
DA:73,0
DA:76,0
DA:77,0
DA:78,0
DA:79,0
DA:87,0
DA:88,0
DA:91,0
DA:97,0
DA:98,0
DA:100,0
DA:101,0
DA:103,0
DA:104,0
DA:111,0
DA:112,0
DA:113,0
DA:114,0
DA:116,0
DA:123,0
DA:134,0
DA:135,0
DA:137,0
DA:138,0
DA:139,0
DA:141,0
DA:145,0
LF:42
LH:0
BRDA:57,0,0,0
BRDA:78,1,0,0
BRDA:87,2,0,0
BRDA:103,3,0,0
BRDA:103,4,0,0
BRDA:103,4,1,0
BRDA:138,5,0,0
BRDA:138,5,1,0
BRF:8
BRH:0
end_of_record
TN:
SF:lib/supabase.ts
FN:20,(anonymous_1)
FN:25,(anonymous_2)
FN:29,(anonymous_3)
FN:46,(anonymous_4)
FN:51,(anonymous_5)
FN:61,(anonymous_6)
FNF:6
FNH:0
FNDA:0,(anonymous_1)
FNDA:0,(anonymous_2)
FNDA:0,(anonymous_3)
FNDA:0,(anonymous_4)
FNDA:0,(anonymous_5)
FNDA:0,(anonymous_6)
DA:1,0
DA:2,0
DA:3,0
DA:5,0
DA:6,0
DA:9,0
DA:14,0
DA:15,0
DA:19,0
DA:21,0
DA:22,0
DA:23,0
DA:26,0
DA:27,0
DA:30,0
DA:31,0
DA:35,0
DA:46,0
DA:47,0
DA:51,0
DA:52,0
DA:53,0
DA:56,0
DA:57,0
DA:58,0
DA:59,0
DA:61,0
DA:63,0
DA:64,0
LF:29
LH:0
BRDA:5,0,0,0
BRDA:5,0,1,0
BRDA:6,1,0,0
BRDA:6,1,1,0
BRDA:14,2,0,0
BRDA:14,3,0,0
BRDA:14,3,1,0
BRDA:47,4,0,0
BRDA:47,4,1,0
BRDA:51,5,0,0
BRDA:57,6,0,0
BRF:11
BRH:0
end_of_record
TN:
SF:lib/videoCompression.ts
FN:36,getVideoFileSize
FN:53,needsCompression
FN:62,estimateCompressedSize
FN:80,compressVideo
FN:142,compressIfNeeded
FN:160,getCompressionInfo
FNF:6
FNH:0
FNDA:0,getVideoFileSize
FNDA:0,needsCompression
FNDA:0,estimateCompressedSize
FNDA:0,compressVideo
FNDA:0,compressIfNeeded
FNDA:0,getCompressionInfo
DA:6,0
DA:7,0
DA:9,0
DA:27,0
DA:36,0
DA:37,0
DA:38,0
DA:39,0
DA:40,0
DA:42,0
DA:44,0
DA:45,0
DA:53,0
DA:54,0
DA:55,0
DA:56,0
DA:62,0
DA:66,0
DA:72,0
DA:80,0
DA:84,0
DA:86,0
DA:87,0
DA:90,0
DA:92,0
DA:93,0
DA:97,0
DA:122,0
DA:125,0
DA:127,0
DA:134,0
DA:135,0
DA:142,0
DA:146,0
DA:148,0
DA:149,0
DA:150,0
DA:153,0
DA:154,0
DA:160,0
DA:161,0
DA:162,0
DA:164,0
LF:43
LH:0
BRDA:39,0,0,0
BRDA:39,1,0,0
BRDA:39,1,1,0
BRDA:64,2,0,0
BRDA:82,3,0,0
BRDA:84,4,0,0
BRDA:92,5,0,0
BRDA:144,6,0,0
BRDA:148,7,0,0
BRDA:154,8,0,0
BRDA:154,8,1,0
BRF:11
BRH:0
end_of_record
TN:
SF:services/admin.service.ts
FN:52,(anonymous_0)
FN:102,(anonymous_1)
FN:134,(anonymous_2)
FN:157,(anonymous_3)
FN:160,(anonymous_4)
FN:208,(anonymous_5)
FN:229,(anonymous_6)
FN:252,(anonymous_7)
FN:265,(anonymous_8)
FN:287,(anonymous_9)
FN:293,(anonymous_10)
FN:295,(anonymous_11)
FN:325,(anonymous_12)
FN:358,(anonymous_13)
FN:421,(anonymous_14)
FN:472,(anonymous_15)
FN:484,(anonymous_16)
FN:500,(anonymous_17)
FN:540,(anonymous_18)
FN:577,(anonymous_19)
FN:593,(anonymous_20)
FNF:21
FNH:8
FNDA:2,(anonymous_0)
FNDA:3,(anonymous_1)
FNDA:2,(anonymous_2)
FNDA:2,(anonymous_3)
FNDA:2,(anonymous_4)
FNDA:0,(anonymous_5)
FNDA:2,(anonymous_6)
FNDA:0,(anonymous_7)
FNDA:0,(anonymous_8)
FNDA:0,(anonymous_9)
FNDA:0,(anonymous_10)
FNDA:0,(anonymous_11)
FNDA:2,(anonymous_12)
FNDA:0,(anonymous_13)
FNDA:1,(anonymous_14)
FNDA:0,(anonymous_15)
FNDA:0,(anonymous_16)
FNDA:0,(anonymous_17)
FNDA:0,(anonymous_18)
FNDA:0,(anonymous_19)
FNDA:0,(anonymous_20)
DA:6,1
DA:8,1
DA:10,1
DA:51,1
DA:61,2
DA:62,2
DA:64,1
DA:66,1
DA:72,1
DA:73,0
DA:76,1
DA:87,1
DA:88,0
DA:89,0
DA:93,1
DA:95,1
DA:97,0
DA:98,0
DA:105,3
DA:106,3
DA:108,2
DA:114,2
DA:115,1
DA:118,1
DA:137,2
DA:138,2
DA:139,1
DA:150,1
DA:152,1
DA:157,2
DA:158,1
DA:159,1
DA:160,2
DA:163,1
DA:164,0
DA:177,1
DA:178,1
DA:179,1
DA:180,1
DA:182,1
DA:189,1
DA:192,1
DA:198,0
DA:201,0
DA:208,0
DA:210,0
DA:215,1
DA:216,1
DA:232,2
DA:233,2
DA:235,1
DA:241,1
DA:242,0
DA:243,0
DA:246,1
DA:255,0
DA:256,0
DA:258,0
DA:260,0
DA:265,0
DA:266,0
DA:269,0
DA:281,0
DA:282,0
DA:283,0
DA:287,0
DA:288,0
DA:293,0
DA:295,0
DA:296,0
DA:297,0
DA:314,0
DA:316,0
DA:317,0
DA:328,2
DA:329,2
DA:331,2
DA:332,2
DA:341,2
DA:342,1
DA:343,1
DA:346,1
DA:347,1
DA:349,0
DA:350,0
DA:361,0
DA:362,0
DA:364,0
DA:366,0
DA:372,0
DA:373,0
DA:376,0
DA:377,0
DA:385,0
DA:393,0
DA:394,0
DA:395,0
DA:399,0
DA:405,0
DA:410,0
DA:411,0
DA:413,0
DA:414,0
DA:424,1
DA:425,1
DA:427,1
DA:429,1
DA:435,0
DA:436,0
DA:439,0
DA:444,0
DA:445,0
DA:446,0
DA:450,0
DA:456,0
DA:461,0
DA:462,0
DA:464,1
DA:465,1
DA:475,0
DA:476,0
DA:478,0
DA:479,0
DA:484,0
DA:485,0
DA:487,0
DA:493,0
DA:495,0
DA:496,0
DA:503,0
DA:504,0
DA:506,0
DA:507,0
DA:528,0
DA:529,0
DA:530,0
DA:533,0
DA:535,0
DA:536,0
DA:544,0
DA:545,0
DA:546,0
DA:547,0
DA:548,0
DA:549,0
DA:550,0
DA:551,0
DA:552,0
DA:553,0
DA:554,0
DA:555,0
DA:557,0
DA:558,0
DA:565,0
DA:566,0
DA:567,0
DA:570,0
DA:572,0
DA:573,0
DA:578,0
DA:579,0
DA:581,0
DA:582,0
DA:583,0
DA:586,0
DA:588,0
DA:589,0
DA:597,0
DA:602,0
DA:603,0
LF:170
LH:58
BRDA:62,0,0,1
BRDA:72,1,0,0
BRDA:82,2,0,1
BRDA:82,2,1,0
BRDA:83,3,0,1
BRDA:83,3,1,0
BRDA:87,4,0,0
BRDA:106,5,0,1
BRDA:114,6,0,1
BRDA:114,7,0,2
BRDA:114,7,1,1
BRDA:138,8,0,1
BRDA:157,9,0,1
BRDA:157,9,1,0
BRDA:159,10,0,1
BRDA:159,10,1,0
BRDA:160,11,0,2
BRDA:160,11,1,0
BRDA:163,12,0,0
BRDA:189,13,0,1
BRDA:189,13,1,0
BRDA:198,14,0,0
BRDA:198,14,1,0
BRDA:208,15,0,0
BRDA:208,15,1,0
BRDA:208,16,0,0
BRDA:208,16,1,0
BRDA:233,17,0,1
BRDA:241,18,0,0
BRDA:248,19,0,1
BRDA:248,19,1,0
BRDA:256,20,0,0
BRDA:265,21,0,0
BRDA:265,21,1,0
BRDA:266,22,0,0
BRDA:281,23,0,0
BRDA:287,24,0,0
BRDA:287,24,1,0
BRDA:293,25,0,0
BRDA:293,25,1,0
BRDA:295,26,0,0
BRDA:295,26,1,0
BRDA:306,27,0,0
BRDA:306,27,1,0
BRDA:308,28,0,0
BRDA:308,28,1,0
BRDA:309,29,0,0
BRDA:309,29,1,0
BRDA:329,30,0,0
BRDA:341,31,0,1
BRDA:362,32,0,0
BRDA:372,33,0,0
BRDA:376,34,0,0
BRDA:389,35,0,0
BRDA:389,35,1,0
BRDA:393,36,0,0
BRDA:407,37,0,0
BRDA:407,37,1,0
BRDA:425,38,0,0
BRDA:435,39,0,0
BRDA:444,40,0,0
BRDA:458,41,0,0
BRDA:458,41,1,0
BRDA:476,42,0,0
BRDA:484,43,0,0
BRDA:484,43,1,0
BRDA:485,44,0,0
BRDA:493,45,0,0
BRDA:493,45,1,0
BRDA:504,46,0,0
BRDA:513,47,0,0
BRDA:513,47,1,0
BRDA:528,48,0,0
BRDA:545,49,0,0
BRDA:546,50,0,0
BRDA:547,51,0,0
BRDA:548,52,0,0
BRDA:549,53,0,0
BRDA:550,54,0,0
BRDA:551,55,0,0
BRDA:552,56,0,0
BRDA:553,57,0,0
BRDA:554,58,0,0
BRDA:565,59,0,0
BRDA:581,60,0,0
BRDA:602,61,0,0
BRF:86
BRH:15
end_of_record
TN:
SF:services/api.ts
FNF:0
FNH:0
DA:1,0
DA:2,0
DA:3,0
DA:4,0
DA:5,0
DA:6,0
DA:7,0
DA:10,0
DA:21,0
DA:26,0
DA:31,0
DA:38,0
DA:43,0
DA:48,0
DA:55,0
LF:15
LH:0
BRF:0
BRH:0
end_of_record
TN:
SF:services/auth.service.ts
FN:6,(anonymous_0)
FN:97,(anonymous_1)
FN:138,(anonymous_2)
FNF:3
FNH:1
FNDA:1,(anonymous_0)
FNDA:0,(anonymous_1)
FNDA:0,(anonymous_2)
DA:1,1
DA:3,1
DA:5,1
DA:7,1
DA:8,1
DA:13,1
DA:15,1
DA:16,1
DA:18,1
DA:19,1
DA:20,1
DA:23,0
DA:26,0
DA:32,0
DA:35,0
DA:36,0
DA:38,0
DA:39,0
DA:41,0
DA:53,0
DA:55,0
DA:56,0
DA:60,0
DA:67,0
DA:69,0
DA:87,0
DA:93,0
DA:94,0
DA:96,0
DA:97,0
DA:99,0
DA:101,0
DA:102,0
DA:107,0
DA:112,0
DA:130,0
DA:131,0
DA:133,0
DA:134,0
DA:149,0
DA:154,0
DA:156,0
DA:157,0
DA:159,0
DA:160,0
DA:161,0
DA:164,0
DA:165,0
DA:167,0
DA:172,0
DA:173,0
DA:177,0
DA:180,0
DA:181,0
DA:183,0
DA:184,0
LF:56
LH:11
BRDA:16,0,0,0
BRDA:18,1,0,1
BRDA:35,2,0,0
BRDA:35,2,1,0
BRDA:38,3,0,0
BRDA:38,4,0,0
BRDA:38,4,1,0
BRDA:55,5,0,0
BRDA:96,6,0,0
BRDA:114,7,0,0
BRDA:114,7,1,0
BRDA:115,8,0,0
BRDA:115,8,1,0
BRDA:116,9,0,0
BRDA:116,9,1,0
BRDA:117,10,0,0
BRDA:117,10,1,0
BRDA:120,11,0,0
BRDA:120,11,1,0
BRDA:121,12,0,0
BRDA:121,12,1,0
BRDA:122,13,0,0
BRDA:122,13,1,0
BRDA:125,14,0,0
BRDA:125,14,1,0
BRDA:126,15,0,0
BRDA:126,15,1,0
BRDA:127,16,0,0
BRDA:127,16,1,0
BRDA:157,17,0,0
BRDA:159,18,0,0
BRDA:172,19,0,0
BRF:32
BRH:1
end_of_record
TN:
SF:services/booking.service.ts
FN:28,(anonymous_0)
FN:42,(anonymous_1)
FN:59,(anonymous_2)
FN:101,(anonymous_3)
FN:153,(anonymous_4)
FN:186,(anonymous_5)
FN:300,(anonymous_6)
FN:361,(anonymous_7)
FN:374,(anonymous_8)
FN:386,(anonymous_9)
FN:405,(anonymous_10)
FN:421,(anonymous_11)
FNF:12
FNH:5
FNDA:2,(anonymous_0)
FNDA:1,(anonymous_1)
FNDA:2,(anonymous_2)
FNDA:0,(anonymous_3)
FNDA:0,(anonymous_4)
FNDA:2,(anonymous_5)
FNDA:0,(anonymous_6)
FNDA:0,(anonymous_7)
FNDA:0,(anonymous_8)
FNDA:0,(anonymous_9)
FNDA:0,(anonymous_10)
FNDA:2,(anonymous_11)
DA:1,1
DA:3,1
DA:5,1
DA:27,1
DA:31,2
DA:32,2
DA:34,1
DA:40,1
DA:42,1
DA:56,1
DA:62,2
DA:63,2
DA:65,2
DA:66,2
DA:69,2
DA:80,0
DA:82,0
DA:104,0
DA:105,0
DA:107,0
DA:120,0
DA:121,0
DA:122,0
DA:125,0
DA:159,0
DA:160,0
DA:171,0
DA:172,0
DA:173,0
DA:176,0
DA:178,0
DA:179,0
DA:195,2
DA:196,2
DA:198,1
DA:200,1
DA:201,1
DA:204,1
DA:210,1
DA:211,0
DA:215,1
DA:221,1
DA:224,1
DA:225,1
DA:226,0
DA:231,0
DA:234,1
DA:237,1
DA:243,1
DA:244,1
DA:248,0
DA:263,0
DA:264,0
DA:265,0
DA:270,0
DA:275,0
DA:277,0
DA:291,0
DA:292,0
DA:301,0
DA:303,0
DA:309,0
DA:310,0
DA:313,0
DA:314,0
DA:315,0
DA:316,0
DA:318,0
DA:326,0
DA:327,0
DA:331,0
DA:332,0
DA:333,0
DA:334,0
DA:335,0
DA:337,0
DA:339,0
DA:340,0
DA:341,0
DA:343,0
DA:347,0
DA:350,0
DA:355,0
DA:360,0
DA:361,0
DA:362,0
DA:363,0
DA:366,0
DA:367,0
DA:368,0
DA:369,0
DA:370,0
DA:374,0
DA:376,0
DA:378,0
DA:379,0
DA:389,0
DA:390,0
DA:392,0
DA:394,0
DA:403,0
DA:405,0
DA:418,0
DA:424,2
DA:425,2
DA:427,1
DA:429,1
DA:435,1
DA:436,1
DA:440,0
DA:442,0
DA:448,0
DA:449,0
DA:453,0
DA:454,0
DA:458,0
DA:466,0
DA:467,0
DA:471,0
DA:477,0
DA:482,0
DA:484,0
DA:486,0
DA:487,0
LF:124
LH:36
BRDA:32,0,0,1
BRDA:40,1,0,0
BRDA:40,2,0,1
BRDA:40,2,1,1
BRDA:51,3,0,1
BRDA:51,3,1,0
BRDA:52,4,0,1
BRDA:52,4,1,0
BRDA:53,5,0,0
BRDA:53,5,1,1
BRDA:63,6,0,0
BRDA:80,7,0,0
BRDA:93,8,0,0
BRDA:93,8,1,0
BRDA:105,9,0,0
BRDA:120,10,0,0
BRDA:120,11,0,0
BRDA:120,11,1,0
BRDA:122,12,0,0
BRDA:122,12,1,0
BRDA:136,13,0,0
BRDA:136,13,1,0
BRDA:165,14,0,0
BRDA:165,14,1,0
BRDA:171,15,0,0
BRDA:176,16,0,0
BRDA:176,16,1,0
BRDA:196,17,0,1
BRDA:210,18,0,0
BRDA:221,19,0,1
BRDA:221,19,1,0
BRDA:225,20,0,0
BRDA:231,21,0,0
BRDA:231,21,1,0
BRDA:243,22,0,1
BRDA:243,23,0,1
BRDA:243,23,1,0
BRDA:253,24,0,0
BRDA:253,24,1,0
BRDA:258,25,0,0
BRDA:258,25,1,0
BRDA:263,26,0,0
BRDA:272,27,0,0
BRDA:272,27,1,0
BRDA:309,28,0,0
BRDA:309,28,1,0
BRDA:310,29,0,0
BRDA:310,29,1,0
BRDA:326,30,0,0
BRDA:339,31,0,0
BRDA:340,32,0,0
BRDA:341,33,0,0
BRDA:341,34,0,0
BRDA:341,34,1,0
BRDA:350,35,0,0
BRDA:351,36,0,0
BRDA:351,36,1,0
BRDA:351,36,2,0
BRDA:351,36,3,0
BRDA:390,37,0,0
BRDA:403,38,0,0
BRDA:403,39,0,0
BRDA:403,39,1,0
BRDA:414,40,0,0
BRDA:414,40,1,0
BRDA:425,41,0,1
BRDA:435,42,0,1
BRDA:440,43,0,0
BRDA:448,44,0,0
BRDA:453,45,0,0
BRDA:453,46,0,0
BRDA:453,46,1,0
BRDA:462,47,0,0
BRDA:462,47,1,0
BRDA:466,48,0,0
BRDA:479,49,0,0
BRDA:479,49,1,0
BRF:77
BRH:12
end_of_record
TN:
SF:services/court.service.ts
FN:8,(anonymous_0)
FN:17,(anonymous_1)
FN:44,(anonymous_2)
FN:73,(anonymous_3)
FN:86,(anonymous_4)
FNF:5
FNH:5
FNDA:2,(anonymous_0)
FNDA:2,(anonymous_1)
FNDA:2,(anonymous_2)
FNDA:2,(anonymous_3)
FNDA:2,(anonymous_4)
DA:1,1
DA:3,1
DA:5,1
DA:7,1
DA:9,2
DA:10,2
DA:12,2
DA:13,1
DA:14,1
DA:17,2
DA:37,1
DA:39,0
DA:40,0
DA:45,2
DA:47,2
DA:48,1
DA:49,1
DA:52,1
DA:74,2
DA:75,2
DA:81,2
DA:82,1
DA:83,1
DA:86,2
DA:99,1
DA:101,0
DA:102,0
LF:27
LH:23
BRDA:12,0,0,1
BRDA:12,1,0,2
BRDA:12,1,1,1
BRDA:23,2,0,2
BRDA:23,2,1,2
BRDA:23,2,2,1
BRDA:26,3,0,2
BRDA:26,3,1,2
BRDA:28,4,0,2
BRDA:28,4,1,0
BRDA:29,5,0,2
BRDA:29,5,1,0
BRDA:30,6,0,2
BRDA:30,6,1,0
BRDA:34,7,0,2
BRDA:34,7,1,0
BRDA:47,8,0,1
BRDA:47,9,0,2
BRDA:47,9,1,1
BRDA:49,10,0,1
BRDA:49,10,1,0
BRDA:59,11,0,1
BRDA:59,11,1,1
BRDA:59,11,2,0
BRDA:60,12,0,1
BRDA:60,12,1,1
BRDA:62,13,0,1
BRDA:62,13,1,0
BRDA:63,14,0,1
BRDA:63,14,1,0
BRDA:64,15,0,1
BRDA:64,15,1,0
BRDA:68,16,0,1
BRDA:68,16,1,0
BRDA:81,17,0,1
BRDA:81,18,0,2
BRDA:81,18,1,1
BRDA:91,19,0,2
BRDA:91,19,1,0
BRDA:92,20,0,2
BRDA:92,20,1,1
BRDA:93,21,0,2
BRDA:93,21,1,0
BRDA:94,22,0,2
BRDA:94,22,1,0
BRF:45
BRH:32
end_of_record
TN:
SF:services/highlight.service.ts
FN:10,enrichHighlights
FN:14,(anonymous_1)
FN:15,(anonymous_2)
FN:24,(anonymous_3)
FN:34,(anonymous_4)
FN:38,(anonymous_5)
FN:70,(anonymous_6)
FN:99,(anonymous_7)
FN:132,(anonymous_8)
FN:196,(anonymous_9)
FNF:10
FNH:10
FNDA:4,enrichHighlights
FNDA:3,(anonymous_1)
FNDA:3,(anonymous_2)
FNDA:1,(anonymous_3)
FNDA:1,(anonymous_4)
FNDA:3,(anonymous_5)
FNDA:3,(anonymous_6)
FNDA:2,(anonymous_7)
FNDA:2,(anonymous_8)
FNDA:3,(anonymous_9)
DA:1,1
DA:3,1
DA:5,1
DA:11,4
DA:14,3
DA:15,3
DA:18,3
DA:19,3
DA:20,3
DA:24,3
DA:28,3
DA:29,3
DA:30,2
DA:34,2
DA:38,3
DA:39,3
DA:40,3
DA:42,3
DA:66,1
DA:71,3
DA:72,3
DA:74,3
DA:81,3
DA:82,1
DA:83,1
DA:86,2
DA:88,2
DA:89,2
DA:91,0
DA:92,0
DA:100,2
DA:101,2
DA:103,2
DA:104,1
DA:107,1
DA:114,1
DA:115,0
DA:116,0
DA:119,1
DA:121,1
DA:122,1
DA:124,0
DA:125,0
DA:141,2
DA:142,2
DA:150,2
DA:151,2
DA:152,1
DA:155,1
DA:169,1
DA:171,1
DA:177,1
DA:178,0
DA:179,0
DA:182,1
DA:185,1
DA:186,1
DA:188,0
DA:189,0
DA:201,3
DA:202,3
DA:204,3
DA:209,3
DA:210,0
DA:211,0
DA:214,3
DA:216,0
DA:217,0
LF:68
LH:54
BRDA:11,0,0,1
BRDA:19,1,0,3
BRDA:24,2,0,3
BRDA:24,2,1,0
BRDA:29,3,0,2
BRDA:34,4,0,2
BRDA:34,4,1,0
BRDA:46,5,0,3
BRDA:46,5,1,0
BRDA:47,6,0,3
BRDA:47,6,1,3
BRDA:48,7,0,3
BRDA:48,7,1,2
BRDA:49,8,0,3
BRDA:49,8,1,1
BRDA:50,9,0,3
BRDA:50,9,1,2
BRDA:52,10,0,3
BRDA:52,10,1,2
BRDA:53,11,0,3
BRDA:53,11,1,2
BRDA:54,12,0,3
BRDA:54,12,1,2
BRDA:56,13,0,3
BRDA:56,13,1,2
BRDA:57,14,0,3
BRDA:57,14,1,2
BRDA:61,15,0,3
BRDA:61,15,1,3
BRDA:70,16,0,0
BRDA:81,17,0,1
BRDA:86,18,0,2
BRDA:86,18,1,1
BRDA:88,19,0,2
BRDA:88,19,1,0
BRDA:99,20,0,1
BRDA:103,21,0,1
BRDA:114,22,0,0
BRDA:119,23,0,1
BRDA:119,23,1,0
BRDA:121,24,0,1
BRDA:121,24,1,0
BRDA:151,25,0,1
BRDA:157,26,0,1
BRDA:157,26,1,0
BRDA:158,27,0,1
BRDA:158,27,1,1
BRDA:159,28,0,1
BRDA:159,28,1,0
BRDA:160,29,0,1
BRDA:160,29,1,0
BRDA:161,30,0,1
BRDA:161,30,1,0
BRDA:162,31,0,1
BRDA:162,31,1,1
BRDA:166,32,0,1
BRDA:166,32,1,1
BRDA:177,33,0,0
BRDA:202,34,0,2
BRDA:202,34,1,1
BRDA:209,35,0,0
BRF:61
BRH:47
end_of_record
TN:
SF:services/index.ts
FNF:0
FNH:0
DA:1,0
DA:2,0
DA:3,0
DA:4,0
DA:5,0
DA:6,0
DA:7,0
LF:7
LH:0
BRF:0
BRH:0
end_of_record
TN:
SF:services/match.service.ts
FN:51,(anonymous_0)
FN:81,(anonymous_1)
FN:85,(anonymous_2)
FN:86,(anonymous_3)
FN:110,(anonymous_4)
FN:127,(anonymous_5)
FN:149,(anonymous_6)
FN:187,(anonymous_7)
FN:261,(anonymous_8)
FN:278,(anonymous_9)
FN:298,(anonymous_10)
FN:355,(anonymous_11)
FN:380,(anonymous_12)
FN:406,(anonymous_13)
FN:444,(anonymous_14)
FN:460,(anonymous_15)
FN:481,(anonymous_16)
FN:508,(anonymous_17)
FN:556,(anonymous_18)
FN:589,(anonymous_19)
FN:611,(anonymous_20)
FN:640,(anonymous_21)
FN:666,(anonymous_22)
FNF:23
FNH:0
FNDA:0,(anonymous_0)
FNDA:0,(anonymous_1)
FNDA:0,(anonymous_2)
FNDA:0,(anonymous_3)
FNDA:0,(anonymous_4)
FNDA:0,(anonymous_5)
FNDA:0,(anonymous_6)
FNDA:0,(anonymous_7)
FNDA:0,(anonymous_8)
FNDA:0,(anonymous_9)
FNDA:0,(anonymous_10)
FNDA:0,(anonymous_11)
FNDA:0,(anonymous_12)
FNDA:0,(anonymous_13)
FNDA:0,(anonymous_14)
FNDA:0,(anonymous_15)
FNDA:0,(anonymous_16)
FNDA:0,(anonymous_17)
FNDA:0,(anonymous_18)
FNDA:0,(anonymous_19)
FNDA:0,(anonymous_20)
FNDA:0,(anonymous_21)
FNDA:0,(anonymous_22)
DA:6,0
DA:8,0
DA:10,0
DA:47,0
DA:54,0
DA:56,0
DA:57,0
DA:64,0
DA:65,0
DA:68,0
DA:70,0
DA:71,0
DA:75,0
DA:76,0
DA:77,0
DA:81,0
DA:84,0
DA:85,0
DA:86,0
DA:100,0
DA:102,0
DA:103,0
DA:113,0
DA:114,0
DA:116,0
DA:117,0
DA:123,0
DA:124,0
DA:127,0
DA:140,0
DA:142,0
DA:154,0
DA:155,0
DA:157,0
DA:158,0
DA:173,0
DA:174,0
DA:175,0
DA:178,0
DA:180,0
DA:193,0
DA:194,0
DA:196,0
DA:198,0
DA:204,0
DA:205,0
DA:209,0
DA:216,0
DA:217,0
DA:220,0
DA:231,0
DA:232,0
DA:234,0
DA:236,0
DA:239,0
DA:241,0
DA:253,0
DA:254,0
DA:262,0
DA:263,0
DA:274,0
DA:275,0
DA:278,0
DA:289,0
DA:291,0
DA:303,0
DA:304,0
DA:306,0
DA:308,0
DA:314,0
DA:315,0
DA:319,0
DA:320,0
DA:324,0
DA:330,0
DA:338,0
DA:339,0
DA:340,0
DA:343,0
DA:345,0
DA:347,0
DA:348,0
DA:358,0
DA:359,0
DA:361,0
DA:362,0
DA:367,0
DA:368,0
DA:371,0
DA:373,0
DA:383,0
DA:384,0
DA:386,0
DA:387,0
DA:400,0
DA:401,0
DA:405,0
DA:407,0
DA:408,0
DA:409,0
DA:412,0
DA:421,0
DA:428,0
DA:444,0
DA:445,0
DA:446,0
DA:447,0
DA:450,0
DA:452,0
DA:453,0
DA:466,0
DA:467,0
DA:469,0
DA:470,0
DA:477,0
DA:478,0
DA:481,0
DA:492,0
DA:499,0
DA:501,0
DA:514,0
DA:515,0
DA:517,0
DA:518,0
DA:521,0
DA:522,0
DA:532,0
DA:533,0
DA:536,0
DA:549,0
DA:559,0
DA:560,0
DA:562,0
DA:564,0
DA:571,0
DA:578,0
DA:580,0
DA:582,0
DA:592,0
DA:593,0
DA:595,0
DA:596,0
DA:602,0
DA:604,0
DA:618,0
DA:619,0
DA:621,0
DA:622,0
DA:629,0
DA:631,0
DA:633,0
DA:643,0
DA:644,0
DA:646,0
DA:647,0
DA:653,0
DA:654,0
DA:657,0
DA:659,0
DA:669,0
DA:670,0
DA:672,0
DA:673,0
DA:676,0
DA:678,0
LF:165
LH:0
BRDA:64,0,0,0
BRDA:70,1,0,0
BRDA:70,2,0,0
BRDA:70,2,1,0
BRDA:76,3,0,0
BRDA:81,4,0,0
BRDA:81,4,1,0
BRDA:114,5,0,0
BRDA:123,6,0,0
BRDA:123,7,0,0
BRDA:123,7,1,0
BRDA:155,8,0,0
BRDA:162,9,0,0
BRDA:162,9,1,0
BRDA:173,10,0,0
BRDA:194,11,0,0
BRDA:204,12,0,0
BRDA:216,13,0,0
BRDA:231,14,0,0
BRDA:232,15,0,0
BRDA:274,16,0,0
BRDA:274,17,0,0
BRDA:274,17,1,0
BRDA:285,18,0,0
BRDA:285,18,1,0
BRDA:304,19,0,0
BRDA:314,20,0,0
BRDA:319,21,0,0
BRDA:338,22,0,0
BRDA:359,23,0,0
BRDA:367,24,0,0
BRDA:384,25,0,0
BRDA:400,26,0,0
BRDA:400,27,0,0
BRDA:400,27,1,0
BRDA:408,28,0,0
BRDA:408,28,1,0
BRDA:409,29,0,0
BRDA:409,29,1,0
BRDA:432,30,0,0
BRDA:432,30,1,0
BRDA:437,31,0,0
BRDA:437,31,1,0
BRDA:445,32,0,0
BRDA:445,32,1,0
BRDA:446,33,0,0
BRDA:446,33,1,0
BRDA:462,34,0,0
BRDA:467,35,0,0
BRDA:477,36,0,0
BRDA:477,37,0,0
BRDA:477,37,1,0
BRDA:515,38,0,0
BRDA:517,39,0,0
BRDA:532,40,0,0
BRDA:560,41,0,0
BRDA:593,42,0,0
BRDA:619,43,0,0
BRDA:644,44,0,0
BRDA:653,45,0,0
BRDA:670,46,0,0
BRDA:676,47,0,0
BRDA:676,47,1,0
BRF:63
BRH:0
end_of_record
TN:
SF:services/notification.service.ts
FN:8,(anonymous_0)
FN:29,(anonymous_1)
FN:45,(anonymous_2)
FN:61,(anonymous_3)
FN:77,(anonymous_4)
FNF:5
FNH:0
FNDA:0,(anonymous_0)
FNDA:0,(anonymous_1)
FNDA:0,(anonymous_2)
FNDA:0,(anonymous_3)
FNDA:0,(anonymous_4)
DA:1,0
DA:3,0
DA:5,0
DA:7,0
DA:11,0
DA:12,0
DA:14,0
DA:15,0
DA:22,0
DA:23,0
DA:24,0
DA:27,0
DA:29,0
DA:40,0
DA:41,0
DA:48,0
DA:49,0
DA:51,0
DA:57,0
DA:58,0
DA:64,0
DA:65,0
DA:67,0
DA:73,0
DA:74,0
DA:80,0
DA:81,0
DA:83,0
DA:89,0
DA:90,0
LF:30
LH:0
BRDA:8,0,0,0
BRDA:12,1,0,0
BRDA:22,2,0,0
BRDA:29,3,0,0
BRDA:29,3,1,0
BRDA:49,4,0,0
BRDA:57,5,0,0
BRDA:65,6,0,0
BRDA:73,7,0,0
BRDA:81,8,0,0
BRDA:89,9,0,0
BRDA:90,10,0,0
BRDA:90,10,1,0
BRF:13
BRH:0
end_of_record
TN:
SF:services/push.service.ts
FN:17,(anonymous_10)
FN:30,(anonymous_11)
FN:98,(anonymous_12)
FN:114,(anonymous_13)
FN:170,(anonymous_14)
FN:194,(anonymous_15)
FN:211,(anonymous_16)
FN:212,(anonymous_17)
FN:219,(anonymous_18)
FN:226,(anonymous_19)
FN:233,(anonymous_20)
FN:241,(anonymous_21)
FN:313,(anonymous_22)
FN:398,(anonymous_23)
FNF:14
FNH:0
FNDA:0,(anonymous_10)
FNDA:0,(anonymous_11)
FNDA:0,(anonymous_12)
FNDA:0,(anonymous_13)
FNDA:0,(anonymous_14)
FNDA:0,(anonymous_15)
FNDA:0,(anonymous_16)
FNDA:0,(anonymous_17)
FNDA:0,(anonymous_18)
FNDA:0,(anonymous_19)
FNDA:0,(anonymous_20)
FNDA:0,(anonymous_21)
FNDA:0,(anonymous_22)
FNDA:0,(anonymous_23)
DA:6,0
DA:7,0
DA:8,0
DA:9,0
DA:10,0
DA:11,0
DA:13,0
DA:16,0
DA:17,0
DA:26,0
DA:32,0
DA:33,0
DA:34,0
DA:37,0
DA:39,0
DA:40,0
DA:43,0
DA:44,0
DA:45,0
DA:48,0
DA:49,0
DA:50,0
DA:55,0
DA:57,0
DA:58,0
DA:59,0
DA:63,0
DA:70,0
DA:71,0
DA:72,0
DA:79,0
DA:80,0
DA:88,0
DA:90,0
DA:91,0
DA:99,0
DA:124,0
DA:130,0
DA:131,0
DA:132,0
DA:136,0
DA:147,0
DA:148,0
DA:158,0
DA:159,0
DA:160,0
DA:162,0
DA:163,0
DA:179,0
DA:188,0
DA:198,0
DA:200,0
DA:201,0
DA:204,0
DA:205,0
DA:211,0
DA:212,0
DA:220,0
DA:227,0
DA:234,0
DA:235,0
DA:250,0
DA:252,0
DA:258,0
DA:261,0
DA:268,0
DA:280,0
DA:281,0
DA:300,0
DA:303,0
DA:305,0
DA:306,0
DA:320,0
DA:322,0
DA:329,0
DA:330,0
DA:331,0
DA:333,0
DA:335,0
DA:336,0
DA:337,0
DA:338,0
DA:340,0
DA:341,0
DA:344,0
DA:345,0
DA:347,0
DA:348,0
DA:351,0
DA:352,0
DA:356,0
DA:364,0
DA:365,0
DA:384,0
DA:388,0
DA:390,0
DA:391,0
DA:404,0
DA:405,0
DA:411,0
DA:412,0
DA:415,0
DA:423,0
DA:424,0
DA:443,0
DA:445,0
DA:446,0
LF:107
LH:0
BRDA:32,0,0,0
BRDA:43,1,0,0
BRDA:48,2,0,0
BRDA:55,3,0,0
BRDA:55,3,1,0
BRDA:57,4,0,0
BRDA:71,5,0,0
BRDA:79,6,0,0
BRDA:103,7,0,0
BRDA:103,7,1,0
BRDA:130,8,0,0
BRDA:184,9,0,0
BRDA:184,9,1,0
BRDA:200,10,0,0
BRDA:204,11,0,0
BRDA:258,12,0,0
BRDA:280,13,0,0
BRDA:333,14,0,0
BRDA:333,14,1,0
BRDA:333,14,2,0
BRDA:341,15,0,0
BRDA:341,15,1,0
BRDA:348,16,0,0
BRDA:348,16,1,0
BRDA:364,17,0,0
BRDA:423,18,0,0
BRF:26
BRH:0
end_of_record
TN:
SF:services/realtime.service.ts
FN:35,subscribeToUserBookings
FN:51,(anonymous_1)
FN:60,(anonymous_2)
FN:66,(anonymous_3)
FN:76,subscribeToCourtBookings
FN:92,(anonymous_5)
FN:105,(anonymous_6)
FN:115,subscribeToBooking
FN:131,(anonymous_8)
FN:151,(anonymous_9)
FN:161,subscribeToOwnerPendingBookings
FN:178,(anonymous_11)
FN:200,(anonymous_12)
FN:209,cleanupAllSubscriptions
FNF:14
FNH:0
FNDA:0,subscribeToUserBookings
FNDA:0,(anonymous_1)
FNDA:0,(anonymous_2)
FNDA:0,(anonymous_3)
FNDA:0,subscribeToCourtBookings
FNDA:0,(anonymous_5)
FNDA:0,(anonymous_6)
FNDA:0,subscribeToBooking
FNDA:0,(anonymous_8)
FNDA:0,(anonymous_9)
FNDA:0,subscribeToOwnerPendingBookings
FNDA:0,(anonymous_11)
FNDA:0,(anonymous_12)
FNDA:0,cleanupAllSubscriptions
DA:6,0
DA:8,0
DA:10,0
DA:35,0
DA:39,0
DA:41,0
DA:52,0
DA:53,0
DA:61,0
DA:64,0
DA:67,0
DA:68,0
DA:76,0
DA:80,0
DA:82,0
DA:93,0
DA:94,0
DA:103,0
DA:106,0
DA:107,0
DA:115,0
DA:119,0
DA:121,0
DA:132,0
DA:133,0
DA:134,0
DA:135,0
DA:137,0
DA:138,0
DA:143,0
DA:149,0
DA:152,0
DA:153,0
DA:161,0
DA:165,0
DA:169,0
DA:180,0
DA:181,0
DA:183,0
DA:189,0
DA:190,0
DA:191,0
DA:198,0
DA:201,0
DA:209,0
DA:210,0
DA:211,0
LF:47
LH:0
BRDA:134,0,0,0
BRDA:134,0,1,0
BRDA:135,1,0,0
BRDA:135,1,1,0
BRDA:137,2,0,0
BRDA:181,3,0,0
BRDA:181,4,0,0
BRDA:181,4,1,0
BRDA:189,5,0,0
BRF:9
BRH:0
end_of_record
TN:
SF:services/review.service.ts
FN:42,(anonymous_0)
FN:60,(anonymous_1)
FN:83,(anonymous_2)
FN:103,(anonymous_3)
FN:106,(anonymous_4)
FN:133,(anonymous_5)
FN:195,(anonymous_6)
FN:223,(anonymous_7)
FN:264,(anonymous_8)
FN:288,(anonymous_9)
FNF:10
FNH:0
FNDA:0,(anonymous_0)
FNDA:0,(anonymous_1)
FNDA:0,(anonymous_2)
FNDA:0,(anonymous_3)
FNDA:0,(anonymous_4)
FNDA:0,(anonymous_5)
FNDA:0,(anonymous_6)
FNDA:0,(anonymous_7)
FNDA:0,(anonymous_8)
FNDA:0,(anonymous_9)
DA:6,0
DA:8,0
DA:10,0
DA:38,0
DA:43,0
DA:44,0
DA:55,0
DA:56,0
DA:57,0
DA:60,0
DA:73,0
DA:75,0
DA:76,0
DA:84,0
DA:85,0
DA:90,0
DA:91,0
DA:101,0
DA:102,0
DA:103,0
DA:105,0
DA:106,0
DA:107,0
DA:110,0
DA:119,0
DA:141,0
DA:142,0
DA:143,0
DA:146,0
DA:148,0
DA:166,0
DA:167,0
DA:168,0
DA:171,0
DA:173,0
DA:187,0
DA:188,0
DA:198,0
DA:199,0
DA:200,0
DA:203,0
DA:204,0
DA:210,0
DA:211,0
DA:214,0
DA:216,0
DA:226,0
DA:227,0
DA:228,0
DA:231,0
DA:232,0
DA:239,0
DA:240,0
DA:243,0
DA:257,0
DA:267,0
DA:268,0
DA:269,0
DA:272,0
DA:273,0
DA:284,0
DA:285,0
DA:288,0
DA:299,0
DA:301,0
LF:65
LH:0
BRDA:55,0,0,0
BRDA:60,1,0,0
BRDA:60,1,1,0
BRDA:69,2,0,0
BRDA:69,2,1,0
BRDA:90,3,0,0
BRDA:101,4,0,0
BRDA:101,4,1,0
BRDA:103,5,0,0
BRDA:103,5,1,0
BRDA:142,6,0,0
BRDA:154,7,0,0
BRDA:154,7,1,0
BRDA:156,8,0,0
BRDA:156,8,1,0
BRDA:166,9,0,0
BRDA:199,10,0,0
BRDA:210,11,0,0
BRDA:227,12,0,0
BRDA:239,13,0,0
BRDA:239,14,0,0
BRDA:239,14,1,0
BRDA:268,15,0,0
BRDA:284,16,0,0
BRDA:288,17,0,0
BRDA:288,17,1,0
BRF:26
BRH:0
end_of_record
TN:
SF:services/transaction.service.ts
FN:8,(anonymous_0)
FN:29,(anonymous_1)
FN:45,(anonymous_2)
FN:64,(anonymous_3)
FNF:4
FNH:0
FNDA:0,(anonymous_0)
FNDA:0,(anonymous_1)
FNDA:0,(anonymous_2)
FNDA:0,(anonymous_3)
DA:1,0
DA:3,0
DA:5,0
DA:7,0
DA:11,0
DA:12,0
DA:14,0
DA:15,0
DA:22,0
DA:23,0
DA:24,0
DA:27,0
DA:29,0
DA:40,0
DA:41,0
DA:48,0
DA:49,0
DA:51,0
DA:57,0
DA:58,0
DA:67,0
DA:68,0
DA:70,0
DA:72,0
DA:78,0
DA:79,0
DA:82,0
DA:87,0
DA:88,0
DA:89,0
DA:93,0
DA:101,0
DA:102,0
DA:104,0
DA:105,0
LF:35
LH:0
BRDA:8,0,0,0
BRDA:12,1,0,0
BRDA:22,2,0,0
BRDA:29,3,0,0
BRDA:29,3,1,0
BRDA:49,4,0,0
BRDA:57,5,0,0
BRDA:57,6,0,0
BRDA:57,6,1,0
BRDA:58,7,0,0
BRDA:58,7,1,0
BRDA:64,8,0,0
BRDA:68,9,0,0
BRDA:78,10,0,0
BRDA:78,10,1,0
BRDA:87,11,0,0
BRF:16
BRH:0
end_of_record
TN:
SF:services/upload.ts
FN:23,getVideoDuration
FN:46,generateThumbnail
FN:64,uploadThumbnail
FN:75,(anonymous_12)
FN:106,uploadVideo
FN:161,(anonymous_14)
FN:206,uploadAvatar
FN:225,(anonymous_16)
FN:257,deleteFile
FNF:9
FNH:9
FNDA:2,getVideoDuration
FNDA:2,generateThumbnail
FNDA:1,uploadThumbnail
FNDA:13,(anonymous_12)
FNDA:4,uploadVideo
FNDA:17,(anonymous_14)
FNDA:2,uploadAvatar
FNDA:13,(anonymous_16)
FNDA:2,deleteFile
DA:1,1
DA:2,1
DA:3,1
DA:5,1
DA:6,1
DA:24,2
DA:26,2
DA:28,0
DA:29,0
DA:30,0
DA:31,0
DA:32,0
DA:35,0
DA:36,0
DA:38,2
DA:39,2
DA:47,2
DA:48,2
DA:49,2
DA:53,1
DA:54,1
DA:56,1
DA:57,1
DA:69,1
DA:70,1
DA:71,1
DA:75,13
DA:77,1
DA:79,1
DA:80,1
DA:85,1
DA:86,0
DA:87,0
DA:92,1
DA:94,1
DA:95,1
DA:97,0
DA:98,0
DA:106,1
DA:110,4
DA:111,4
DA:115,4
DA:116,4
DA:117,1
DA:118,1
DA:121,3
DA:124,3
DA:125,3
DA:126,1
DA:129,2
DA:130,2
DA:133,2
DA:134,2
DA:137,2
DA:138,2
DA:141,2
DA:142,2
DA:145,2
DA:146,1
DA:147,1
DA:149,1
DA:153,2
DA:154,2
DA:156,2
DA:160,2
DA:161,17
DA:163,2
DA:168,2
DA:169,1
DA:170,1
DA:176,1
DA:178,1
DA:180,1
DA:185,1
DA:194,0
DA:195,0
DA:206,1
DA:207,2
DA:210,2
DA:211,2
DA:212,1
DA:216,1
DA:221,1
DA:222,1
DA:225,13
DA:228,1
DA:233,1
DA:234,0
DA:235,0
DA:241,1
DA:243,1
DA:245,0
DA:246,0
DA:257,1
DA:258,2
DA:259,2
DA:261,2
DA:262,1
DA:263,1
DA:266,1
DA:268,0
DA:269,0
LF:102
LH:83
BRDA:28,0,0,0
BRDA:28,1,0,0
BRDA:28,1,1,0
BRDA:46,2,0,0
BRDA:85,3,0,0
BRDA:116,4,0,1
BRDA:125,5,0,1
BRDA:145,6,0,1
BRDA:145,6,1,1
BRDA:147,7,0,1
BRDA:147,7,1,0
BRDA:168,8,0,1
BRDA:190,9,0,1
BRDA:190,9,1,1
BRDA:198,10,0,0
BRDA:198,10,1,0
BRDA:211,11,0,1
BRDA:221,12,0,1
BRDA:221,12,1,0
BRDA:233,13,0,0
BRDA:249,14,0,0
BRDA:249,14,1,0
BRDA:261,15,0,1
BRF:23
BRH:11
end_of_record
TN:
SF:stores/recordingStore.ts
FN:48,(anonymous_0)
FN:55,(anonymous_1)
FN:56,(anonymous_2)
FN:60,(anonymous_3)
FN:61,(anonymous_4)
FN:72,(anonymous_5)
FN:81,(anonymous_6)
FN:87,(anonymous_7)
FN:106,(anonymous_8)
FN:107,(anonymous_9)
FN:108,(anonymous_10)
FN:111,(anonymous_11)
FN:121,(anonymous_12)
FN:126,(anonymous_13)
FN:127,(anonymous_14)
FN:131,(anonymous_15)
FN:136,(anonymous_16)
FN:137,(anonymous_17)
FN:138,(anonymous_18)
FN:141,(anonymous_19)
FNF:20
FNH:0
FNDA:0,(anonymous_0)
FNDA:0,(anonymous_1)
FNDA:0,(anonymous_2)
FNDA:0,(anonymous_3)
FNDA:0,(anonymous_4)
FNDA:0,(anonymous_5)
FNDA:0,(anonymous_6)
FNDA:0,(anonymous_7)
FNDA:0,(anonymous_8)
FNDA:0,(anonymous_9)
FNDA:0,(anonymous_10)
FNDA:0,(anonymous_11)
FNDA:0,(anonymous_12)
FNDA:0,(anonymous_13)
FNDA:0,(anonymous_14)
FNDA:0,(anonymous_15)
FNDA:0,(anonymous_16)
FNDA:0,(anonymous_17)
FNDA:0,(anonymous_18)
FNDA:0,(anonymous_19)
DA:6,0
DA:48,0
DA:56,0
DA:61,0
DA:73,0
DA:82,0
DA:88,0
DA:89,0
DA:90,0
DA:91,0
DA:94,0
DA:96,0
DA:103,0
DA:107,0
DA:108,0
DA:112,0
DA:121,0
DA:127,0
DA:128,0
DA:129,0
DA:131,0
DA:137,0
DA:138,0
DA:141,0
LF:24
LH:0
BRDA:130,0,0,0
BRDA:130,0,1,0
BRF:2
BRH:0
end_of_record
